[  2%] Built target handpose_interfaces__cpp
[ 12%] Built target handpose_interfaces__rosidl_generator_c
[ 12%] Built target ament_cmake_python_copy_handpose_interfaces
[ 23%] Built target handpose_interfaces__rosidl_typesupport_cpp
[ 33%] Built target handpose_interfaces__rosidl_typesupport_introspection_cpp
[ 43%] Built target handpose_interfaces__rosidl_typesupport_fastrtps_cpp
[ 53%] Built target handpose_interfaces__rosidl_typesupport_introspection_c
[ 64%] Built target handpose_interfaces__rosidl_typesupport_c
[ 74%] Built target handpose_interfaces__rosidl_typesupport_fastrtps_c
[ 74%] Built target handpose_interfaces
[ 76%] Built target handpose_interfaces__py
[ 84%] Built target handpose_interfaces__rosidl_generator_py
[ 89%] Built target handpose_interfaces__rosidl_typesupport_introspection_c__pyext
[ 94%] Built target handpose_interfaces__rosidl_typesupport_c__pyext
[100%] Built target handpose_interfaces__rosidl_typesupport_fastrtps_c__pyext
running egg_info
writing handpose_interfaces.egg-info/PKG-INFO
writing dependency_links to handpose_interfaces.egg-info/dependency_links.txt
writing top-level names to handpose_interfaces.egg-info/top_level.txt
reading manifest file 'handpose_interfaces.egg-info/SOURCES.txt'
writing manifest file 'handpose_interfaces.egg-info/SOURCES.txt'
[100%] Built target ament_cmake_python_build_handpose_interfaces_egg
-- Install configuration: ""
-- Up-to-date: /home/daeyun/HandPose/install/handpose_interfaces/share/ament_index/resource_index/rosidl_interfaces/handpose_interfaces
-- Up-to-date: /home/daeyun/HandPose/install/handpose_interfaces/include/handpose_interfaces/handpose_interfaces
-- Up-to-date: /home/daeyun/HandPose/install/handpose_interfaces/include/handpose_interfaces/handpose_interfaces/msg
-- Up-to-date: /home/daeyun/HandPose/install/handpose_interfaces/include/handpose_interfaces/handpose_interfaces/msg/hand_landmarks.h
-- Up-to-date: /home/daeyun/HandPose/install/handpose_interfaces/include/handpose_interfaces/handpose_interfaces/msg/detail
-- Up-to-date: /home/daeyun/HandPose/install/handpose_interfaces/include/handpose_interfaces/handpose_interfaces/msg/detail/hands__type_support.h
-- Up-to-date: /home/daeyun/HandPose/install/handpose_interfaces/include/handpose_interfaces/handpose_interfaces/msg/detail/hand_landmarks__struct.h
-- Up-to-date: /home/daeyun/HandPose/install/handpose_interfaces/include/handpose_interfaces/handpose_interfaces/msg/detail/hand_landmarks__functions.h
-- Up-to-date: /home/daeyun/HandPose/install/handpose_interfaces/include/handpose_interfaces/handpose_interfaces/msg/detail/hand_landmarks__type_support.h
-- Up-to-date: /home/daeyun/HandPose/install/handpose_interfaces/include/handpose_interfaces/handpose_interfaces/msg/detail/hands__functions.c
-- Up-to-date: /home/daeyun/HandPose/install/handpose_interfaces/include/handpose_interfaces/handpose_interfaces/msg/detail/hand_landmarks__functions.c
-- Up-to-date: /home/daeyun/HandPose/install/handpose_interfaces/include/handpose_interfaces/handpose_interfaces/msg/detail/hands__struct.h
-- Up-to-date: /home/daeyun/HandPose/install/handpose_interfaces/include/handpose_interfaces/handpose_interfaces/msg/detail/hands__functions.h
-- Up-to-date: /home/daeyun/HandPose/install/handpose_interfaces/include/handpose_interfaces/handpose_interfaces/msg/hands.h
-- Up-to-date: /home/daeyun/HandPose/install/handpose_interfaces/include/handpose_interfaces/handpose_interfaces/msg/rosidl_generator_c__visibility_control.h
-- Up-to-date: /home/daeyun/HandPose/install/handpose_interfaces/share/handpose_interfaces/environment/library_path.sh
-- Up-to-date: /home/daeyun/HandPose/install/handpose_interfaces/share/handpose_interfaces/environment/library_path.dsv
-- Up-to-date: /home/daeyun/HandPose/install/handpose_interfaces/lib/libhandpose_interfaces__rosidl_generator_c.so
-- Up-to-date: /home/daeyun/HandPose/install/handpose_interfaces/include/handpose_interfaces/handpose_interfaces
-- Up-to-date: /home/daeyun/HandPose/install/handpose_interfaces/include/handpose_interfaces/handpose_interfaces/msg
-- Up-to-date: /home/daeyun/HandPose/install/handpose_interfaces/include/handpose_interfaces/handpose_interfaces/msg/rosidl_typesupport_fastrtps_c__visibility_control.h
-- Up-to-date: /home/daeyun/HandPose/install/handpose_interfaces/include/handpose_interfaces/handpose_interfaces/msg/detail
-- Up-to-date: /home/daeyun/HandPose/install/handpose_interfaces/include/handpose_interfaces/handpose_interfaces/msg/detail/hand_landmarks__rosidl_typesupport_fastrtps_c.h
-- Up-to-date: /home/daeyun/HandPose/install/handpose_interfaces/include/handpose_interfaces/handpose_interfaces/msg/detail/hands__rosidl_typesupport_fastrtps_c.h
-- Up-to-date: /home/daeyun/HandPose/install/handpose_interfaces/lib/libhandpose_interfaces__rosidl_typesupport_fastrtps_c.so
-- Up-to-date: /home/daeyun/HandPose/install/handpose_interfaces/include/handpose_interfaces/handpose_interfaces
-- Up-to-date: /home/daeyun/HandPose/install/handpose_interfaces/include/handpose_interfaces/handpose_interfaces/msg
-- Up-to-date: /home/daeyun/HandPose/install/handpose_interfaces/include/handpose_interfaces/handpose_interfaces/msg/rosidl_generator_cpp__visibility_control.hpp
-- Up-to-date: /home/daeyun/HandPose/install/handpose_interfaces/include/handpose_interfaces/handpose_interfaces/msg/hands.hpp
-- Up-to-date: /home/daeyun/HandPose/install/handpose_interfaces/include/handpose_interfaces/handpose_interfaces/msg/detail
-- Up-to-date: /home/daeyun/HandPose/install/handpose_interfaces/include/handpose_interfaces/handpose_interfaces/msg/detail/hands__builder.hpp
-- Up-to-date: /home/daeyun/HandPose/install/handpose_interfaces/include/handpose_interfaces/handpose_interfaces/msg/detail/hands__type_support.hpp
-- Up-to-date: /home/daeyun/HandPose/install/handpose_interfaces/include/handpose_interfaces/handpose_interfaces/msg/detail/hand_landmarks__type_support.hpp
-- Up-to-date: /home/daeyun/HandPose/install/handpose_interfaces/include/handpose_interfaces/handpose_interfaces/msg/detail/hand_landmarks__struct.hpp
-- Up-to-date: /home/daeyun/HandPose/install/handpose_interfaces/include/handpose_interfaces/handpose_interfaces/msg/detail/hands__struct.hpp
-- Up-to-date: /home/daeyun/HandPose/install/handpose_interfaces/include/handpose_interfaces/handpose_interfaces/msg/detail/hand_landmarks__builder.hpp
-- Up-to-date: /home/daeyun/HandPose/install/handpose_interfaces/include/handpose_interfaces/handpose_interfaces/msg/detail/hands__traits.hpp
-- Up-to-date: /home/daeyun/HandPose/install/handpose_interfaces/include/handpose_interfaces/handpose_interfaces/msg/detail/hand_landmarks__traits.hpp
-- Up-to-date: /home/daeyun/HandPose/install/handpose_interfaces/include/handpose_interfaces/handpose_interfaces/msg/hand_landmarks.hpp
-- Up-to-date: /home/daeyun/HandPose/install/handpose_interfaces/include/handpose_interfaces/handpose_interfaces
-- Up-to-date: /home/daeyun/HandPose/install/handpose_interfaces/include/handpose_interfaces/handpose_interfaces/msg
-- Up-to-date: /home/daeyun/HandPose/install/handpose_interfaces/include/handpose_interfaces/handpose_interfaces/msg/detail
-- Up-to-date: /home/daeyun/HandPose/install/handpose_interfaces/include/handpose_interfaces/handpose_interfaces/msg/detail/hand_landmarks__rosidl_typesupport_fastrtps_cpp.hpp
-- Up-to-date: /home/daeyun/HandPose/install/handpose_interfaces/include/handpose_interfaces/handpose_interfaces/msg/detail/hands__rosidl_typesupport_fastrtps_cpp.hpp
-- Up-to-date: /home/daeyun/HandPose/install/handpose_interfaces/include/handpose_interfaces/handpose_interfaces/msg/detail/dds_fastrtps
-- Up-to-date: /home/daeyun/HandPose/install/handpose_interfaces/include/handpose_interfaces/handpose_interfaces/msg/rosidl_typesupport_fastrtps_cpp__visibility_control.h
-- Up-to-date: /home/daeyun/HandPose/install/handpose_interfaces/lib/libhandpose_interfaces__rosidl_typesupport_fastrtps_cpp.so
-- Up-to-date: /home/daeyun/HandPose/install/handpose_interfaces/include/handpose_interfaces/handpose_interfaces
-- Up-to-date: /home/daeyun/HandPose/install/handpose_interfaces/include/handpose_interfaces/handpose_interfaces/msg
-- Up-to-date: /home/daeyun/HandPose/install/handpose_interfaces/include/handpose_interfaces/handpose_interfaces/msg/detail
-- Up-to-date: /home/daeyun/HandPose/install/handpose_interfaces/include/handpose_interfaces/handpose_interfaces/msg/detail/hands__rosidl_typesupport_introspection_c.h
-- Up-to-date: /home/daeyun/HandPose/install/handpose_interfaces/include/handpose_interfaces/handpose_interfaces/msg/detail/hand_landmarks__rosidl_typesupport_introspection_c.h
-- Up-to-date: /home/daeyun/HandPose/install/handpose_interfaces/include/handpose_interfaces/handpose_interfaces/msg/detail/hand_landmarks__type_support.c
-- Up-to-date: /home/daeyun/HandPose/install/handpose_interfaces/include/handpose_interfaces/handpose_interfaces/msg/detail/hands__type_support.c
-- Up-to-date: /home/daeyun/HandPose/install/handpose_interfaces/include/handpose_interfaces/handpose_interfaces/msg/rosidl_typesupport_introspection_c__visibility_control.h
-- Up-to-date: /home/daeyun/HandPose/install/handpose_interfaces/lib/libhandpose_interfaces__rosidl_typesupport_introspection_c.so
-- Up-to-date: /home/daeyun/HandPose/install/handpose_interfaces/lib/libhandpose_interfaces__rosidl_typesupport_c.so
-- Up-to-date: /home/daeyun/HandPose/install/handpose_interfaces/include/handpose_interfaces/handpose_interfaces
-- Up-to-date: /home/daeyun/HandPose/install/handpose_interfaces/include/handpose_interfaces/handpose_interfaces/msg
-- Up-to-date: /home/daeyun/HandPose/install/handpose_interfaces/include/handpose_interfaces/handpose_interfaces/msg/detail
-- Up-to-date: /home/daeyun/HandPose/install/handpose_interfaces/include/handpose_interfaces/handpose_interfaces/msg/detail/hands__type_support.cpp
-- Up-to-date: /home/daeyun/HandPose/install/handpose_interfaces/include/handpose_interfaces/handpose_interfaces/msg/detail/hands__rosidl_typesupport_introspection_cpp.hpp
-- Up-to-date: /home/daeyun/HandPose/install/handpose_interfaces/include/handpose_interfaces/handpose_interfaces/msg/detail/hand_landmarks__type_support.cpp
-- Up-to-date: /home/daeyun/HandPose/install/handpose_interfaces/include/handpose_interfaces/handpose_interfaces/msg/detail/hand_landmarks__rosidl_typesupport_introspection_cpp.hpp
-- Up-to-date: /home/daeyun/HandPose/install/handpose_interfaces/lib/libhandpose_interfaces__rosidl_typesupport_introspection_cpp.so
-- Up-to-date: /home/daeyun/HandPose/install/handpose_interfaces/lib/libhandpose_interfaces__rosidl_typesupport_cpp.so
-- Up-to-date: /home/daeyun/HandPose/install/handpose_interfaces/share/handpose_interfaces/environment/pythonpath.sh
-- Up-to-date: /home/daeyun/HandPose/install/handpose_interfaces/share/handpose_interfaces/environment/pythonpath.dsv
-- Up-to-date: /home/daeyun/HandPose/install/handpose_interfaces/lib/python3.10/site-packages/handpose_interfaces-0.0.0-py3.10.egg-info
-- Installing: /home/daeyun/HandPose/install/handpose_interfaces/lib/python3.10/site-packages/handpose_interfaces-0.0.0-py3.10.egg-info/SOURCES.txt
-- Installing: /home/daeyun/HandPose/install/handpose_interfaces/lib/python3.10/site-packages/handpose_interfaces-0.0.0-py3.10.egg-info/top_level.txt
-- Installing: /home/daeyun/HandPose/install/handpose_interfaces/lib/python3.10/site-packages/handpose_interfaces-0.0.0-py3.10.egg-info/dependency_links.txt
-- Installing: /home/daeyun/HandPose/install/handpose_interfaces/lib/python3.10/site-packages/handpose_interfaces-0.0.0-py3.10.egg-info/PKG-INFO
-- Up-to-date: /home/daeyun/HandPose/install/handpose_interfaces/lib/python3.10/site-packages/handpose_interfaces
-- Up-to-date: /home/daeyun/HandPose/install/handpose_interfaces/lib/python3.10/site-packages/handpose_interfaces/handpose_interfaces_s__rosidl_typesupport_introspection_c.cpython-310-x86_64-linux-gnu.so
-- Up-to-date: /home/daeyun/HandPose/install/handpose_interfaces/lib/python3.10/site-packages/handpose_interfaces/_handpose_interfaces_s.ep.rosidl_typesupport_introspection_c.c
-- Up-to-date: /home/daeyun/HandPose/install/handpose_interfaces/lib/python3.10/site-packages/handpose_interfaces/_handpose_interfaces_s.ep.rosidl_typesupport_c.c
-- Up-to-date: /home/daeyun/HandPose/install/handpose_interfaces/lib/python3.10/site-packages/handpose_interfaces/_handpose_interfaces_s.ep.rosidl_typesupport_fastrtps_c.c
-- Up-to-date: /home/daeyun/HandPose/install/handpose_interfaces/lib/python3.10/site-packages/handpose_interfaces/handpose_interfaces_s__rosidl_typesupport_fastrtps_c.cpython-310-x86_64-linux-gnu.so
-- Up-to-date: /home/daeyun/HandPose/install/handpose_interfaces/lib/python3.10/site-packages/handpose_interfaces/msg
-- Up-to-date: /home/daeyun/HandPose/install/handpose_interfaces/lib/python3.10/site-packages/handpose_interfaces/msg/_hands.py
-- Up-to-date: /home/daeyun/HandPose/install/handpose_interfaces/lib/python3.10/site-packages/handpose_interfaces/msg/_hands_s.c
-- Up-to-date: /home/daeyun/HandPose/install/handpose_interfaces/lib/python3.10/site-packages/handpose_interfaces/msg/_hand_landmarks_s.c
-- Up-to-date: /home/daeyun/HandPose/install/handpose_interfaces/lib/python3.10/site-packages/handpose_interfaces/msg/__init__.py
-- Up-to-date: /home/daeyun/HandPose/install/handpose_interfaces/lib/python3.10/site-packages/handpose_interfaces/msg/_hand_landmarks.py
-- Up-to-date: /home/daeyun/HandPose/install/handpose_interfaces/lib/python3.10/site-packages/handpose_interfaces/__init__.py
-- Up-to-date: /home/daeyun/HandPose/install/handpose_interfaces/lib/python3.10/site-packages/handpose_interfaces/handpose_interfaces_s__rosidl_typesupport_c.cpython-310-x86_64-linux-gnu.so
-- Up-to-date: /home/daeyun/HandPose/install/handpose_interfaces/lib/python3.10/site-packages/handpose_interfaces/libhandpose_interfaces__rosidl_generator_py.so
Listing '/home/daeyun/HandPose/install/handpose_interfaces/lib/python3.10/site-packages/handpose_interfaces'...
Listing '/home/daeyun/HandPose/install/handpose_interfaces/lib/python3.10/site-packages/handpose_interfaces/msg'...
-- Up-to-date: /home/daeyun/HandPose/install/handpose_interfaces/lib/python3.10/site-packages/handpose_interfaces/handpose_interfaces_s__rosidl_typesupport_fastrtps_c.cpython-310-x86_64-linux-gnu.so
-- Up-to-date: /home/daeyun/HandPose/install/handpose_interfaces/lib/python3.10/site-packages/handpose_interfaces/handpose_interfaces_s__rosidl_typesupport_introspection_c.cpython-310-x86_64-linux-gnu.so
-- Up-to-date: /home/daeyun/HandPose/install/handpose_interfaces/lib/python3.10/site-packages/handpose_interfaces/handpose_interfaces_s__rosidl_typesupport_c.cpython-310-x86_64-linux-gnu.so
-- Up-to-date: /home/daeyun/HandPose/install/handpose_interfaces/lib/libhandpose_interfaces__rosidl_generator_py.so
-- Up-to-date: /home/daeyun/HandPose/install/handpose_interfaces/share/handpose_interfaces/msg/HandLandmarks.idl
-- Up-to-date: /home/daeyun/HandPose/install/handpose_interfaces/share/handpose_interfaces/msg/Hands.idl
-- Up-to-date: /home/daeyun/HandPose/install/handpose_interfaces/share/handpose_interfaces/msg/HandLandmarks.msg
-- Up-to-date: /home/daeyun/HandPose/install/handpose_interfaces/share/handpose_interfaces/msg/Hands.msg
-- Up-to-date: /home/daeyun/HandPose/install/handpose_interfaces/share/ament_index/resource_index/package_run_dependencies/handpose_interfaces
-- Up-to-date: /home/daeyun/HandPose/install/handpose_interfaces/share/ament_index/resource_index/parent_prefix_path/handpose_interfaces
-- Up-to-date: /home/daeyun/HandPose/install/handpose_interfaces/share/handpose_interfaces/environment/ament_prefix_path.sh
-- Up-to-date: /home/daeyun/HandPose/install/handpose_interfaces/share/handpose_interfaces/environment/ament_prefix_path.dsv
-- Up-to-date: /home/daeyun/HandPose/install/handpose_interfaces/share/handpose_interfaces/environment/path.sh
-- Up-to-date: /home/daeyun/HandPose/install/handpose_interfaces/share/handpose_interfaces/environment/path.dsv
-- Up-to-date: /home/daeyun/HandPose/install/handpose_interfaces/share/handpose_interfaces/local_setup.bash
-- Up-to-date: /home/daeyun/HandPose/install/handpose_interfaces/share/handpose_interfaces/local_setup.sh
-- Up-to-date: /home/daeyun/HandPose/install/handpose_interfaces/share/handpose_interfaces/local_setup.zsh
-- Up-to-date: /home/daeyun/HandPose/install/handpose_interfaces/share/handpose_interfaces/local_setup.dsv
-- Installing: /home/daeyun/HandPose/install/handpose_interfaces/share/handpose_interfaces/package.dsv
-- Up-to-date: /home/daeyun/HandPose/install/handpose_interfaces/share/ament_index/resource_index/packages/handpose_interfaces
-- Up-to-date: /home/daeyun/HandPose/install/handpose_interfaces/share/handpose_interfaces/cmake/export_handpose_interfaces__rosidl_generator_cExport.cmake
-- Up-to-date: /home/daeyun/HandPose/install/handpose_interfaces/share/handpose_interfaces/cmake/export_handpose_interfaces__rosidl_generator_cExport-noconfig.cmake
-- Up-to-date: /home/daeyun/HandPose/install/handpose_interfaces/share/handpose_interfaces/cmake/export_handpose_interfaces__rosidl_typesupport_fastrtps_cExport.cmake
-- Up-to-date: /home/daeyun/HandPose/install/handpose_interfaces/share/handpose_interfaces/cmake/export_handpose_interfaces__rosidl_typesupport_fastrtps_cExport-noconfig.cmake
-- Up-to-date: /home/daeyun/HandPose/install/handpose_interfaces/share/handpose_interfaces/cmake/export_handpose_interfaces__rosidl_generator_cppExport.cmake
-- Up-to-date: /home/daeyun/HandPose/install/handpose_interfaces/share/handpose_interfaces/cmake/export_handpose_interfaces__rosidl_typesupport_fastrtps_cppExport.cmake
-- Up-to-date: /home/daeyun/HandPose/install/handpose_interfaces/share/handpose_interfaces/cmake/export_handpose_interfaces__rosidl_typesupport_fastrtps_cppExport-noconfig.cmake
-- Up-to-date: /home/daeyun/HandPose/install/handpose_interfaces/share/handpose_interfaces/cmake/handpose_interfaces__rosidl_typesupport_introspection_cExport.cmake
-- Up-to-date: /home/daeyun/HandPose/install/handpose_interfaces/share/handpose_interfaces/cmake/handpose_interfaces__rosidl_typesupport_introspection_cExport-noconfig.cmake
-- Up-to-date: /home/daeyun/HandPose/install/handpose_interfaces/share/handpose_interfaces/cmake/handpose_interfaces__rosidl_typesupport_cExport.cmake
-- Up-to-date: /home/daeyun/HandPose/install/handpose_interfaces/share/handpose_interfaces/cmake/handpose_interfaces__rosidl_typesupport_cExport-noconfig.cmake
-- Up-to-date: /home/daeyun/HandPose/install/handpose_interfaces/share/handpose_interfaces/cmake/handpose_interfaces__rosidl_typesupport_introspection_cppExport.cmake
-- Up-to-date: /home/daeyun/HandPose/install/handpose_interfaces/share/handpose_interfaces/cmake/handpose_interfaces__rosidl_typesupport_introspection_cppExport-noconfig.cmake
-- Up-to-date: /home/daeyun/HandPose/install/handpose_interfaces/share/handpose_interfaces/cmake/handpose_interfaces__rosidl_typesupport_cppExport.cmake
-- Up-to-date: /home/daeyun/HandPose/install/handpose_interfaces/share/handpose_interfaces/cmake/handpose_interfaces__rosidl_typesupport_cppExport-noconfig.cmake
-- Up-to-date: /home/daeyun/HandPose/install/handpose_interfaces/share/handpose_interfaces/cmake/export_handpose_interfaces__rosidl_generator_pyExport.cmake
-- Up-to-date: /home/daeyun/HandPose/install/handpose_interfaces/share/handpose_interfaces/cmake/export_handpose_interfaces__rosidl_generator_pyExport-noconfig.cmake
-- Up-to-date: /home/daeyun/HandPose/install/handpose_interfaces/share/handpose_interfaces/cmake/rosidl_cmake-extras.cmake
-- Up-to-date: /home/daeyun/HandPose/install/handpose_interfaces/share/handpose_interfaces/cmake/ament_cmake_export_dependencies-extras.cmake
-- Up-to-date: /home/daeyun/HandPose/install/handpose_interfaces/share/handpose_interfaces/cmake/ament_cmake_export_include_directories-extras.cmake
-- Up-to-date: /home/daeyun/HandPose/install/handpose_interfaces/share/handpose_interfaces/cmake/ament_cmake_export_libraries-extras.cmake
-- Up-to-date: /home/daeyun/HandPose/install/handpose_interfaces/share/handpose_interfaces/cmake/ament_cmake_export_targets-extras.cmake
-- Up-to-date: /home/daeyun/HandPose/install/handpose_interfaces/share/handpose_interfaces/cmake/rosidl_cmake_export_typesupport_targets-extras.cmake
-- Up-to-date: /home/daeyun/HandPose/install/handpose_interfaces/share/handpose_interfaces/cmake/rosidl_cmake_export_typesupport_libraries-extras.cmake
-- Up-to-date: /home/daeyun/HandPose/install/handpose_interfaces/share/handpose_interfaces/cmake/handpose_interfacesConfig.cmake
-- Up-to-date: /home/daeyun/HandPose/install/handpose_interfaces/share/handpose_interfaces/cmake/handpose_interfacesConfig-version.cmake
-- Up-to-date: /home/daeyun/HandPose/install/handpose_interfaces/share/handpose_interfaces/package.xml
