/home/daeyun/HandPose/install/handpose_ros/lib/python3.10/site-packages/handpose_ros/hand_config_loader.py
/home/daeyun/HandPose/install/handpose_ros/lib/python3.10/site-packages/handpose_ros/landmark_to_handpose.py
/home/daeyun/HandPose/install/handpose_ros/lib/python3.10/site-packages/handpose_ros/__init__.py
/home/daeyun/HandPose/install/handpose_ros/lib/python3.10/site-packages/handpose_ros/mediapipe_hands_node.py
/home/daeyun/HandPose/install/handpose_ros/lib/python3.10/site-packages/handpose_ros/handpose_tf_broadcaster.py
/home/daeyun/HandPose/install/handpose_ros/lib/python3.10/site-packages/handpose_ros/__pycache__/hand_config_loader.cpython-310.pyc
/home/daeyun/HandPose/install/handpose_ros/lib/python3.10/site-packages/handpose_ros/__pycache__/landmark_to_handpose.cpython-310.pyc
/home/daeyun/HandPose/install/handpose_ros/lib/python3.10/site-packages/handpose_ros/__pycache__/__init__.cpython-310.pyc
/home/daeyun/HandPose/install/handpose_ros/lib/python3.10/site-packages/handpose_ros/__pycache__/mediapipe_hands_node.cpython-310.pyc
/home/daeyun/HandPose/install/handpose_ros/lib/python3.10/site-packages/handpose_ros/__pycache__/handpose_tf_broadcaster.cpython-310.pyc
/home/daeyun/HandPose/install/handpose_ros/share/ament_index/resource_index/packages/handpose_ros
/home/daeyun/HandPose/install/handpose_ros/share/handpose_ros/package.xml
/home/daeyun/HandPose/install/handpose_ros/share/handpose_ros/launch/handpose_launch.py
/home/daeyun/HandPose/install/handpose_ros/share/handpose_ros/config/rviz_config.rviz
/home/daeyun/HandPose/install/handpose_ros/lib/python3.10/site-packages/handpose_ros-0.0.0-py3.10.egg-info/requires.txt
/home/daeyun/HandPose/install/handpose_ros/lib/python3.10/site-packages/handpose_ros-0.0.0-py3.10.egg-info/entry_points.txt
/home/daeyun/HandPose/install/handpose_ros/lib/python3.10/site-packages/handpose_ros-0.0.0-py3.10.egg-info/zip-safe
/home/daeyun/HandPose/install/handpose_ros/lib/python3.10/site-packages/handpose_ros-0.0.0-py3.10.egg-info/SOURCES.txt
/home/daeyun/HandPose/install/handpose_ros/lib/python3.10/site-packages/handpose_ros-0.0.0-py3.10.egg-info/top_level.txt
/home/daeyun/HandPose/install/handpose_ros/lib/python3.10/site-packages/handpose_ros-0.0.0-py3.10.egg-info/dependency_links.txt
/home/daeyun/HandPose/install/handpose_ros/lib/python3.10/site-packages/handpose_ros-0.0.0-py3.10.egg-info/PKG-INFO
/home/daeyun/HandPose/install/handpose_ros/lib/handpose_ros/handpose_tf_broadcaster
/home/daeyun/HandPose/install/handpose_ros/lib/handpose_ros/mediapipe_hands_node
