[0.006s] Invoking command in '/home/daeyun/HandPose/build/handpose_interfaces': CMAKE_PREFIX_PATH=${CMAKE_PREFIX_PATH}:/home/daeyun/HandPose/install/handpose_ros:/opt/ros/humble CONDA_PROMPT_MODIFIER=(base) /usr/bin/cmake --build /home/daeyun/HandPose/build/handpose_interfaces -- -j24 -l24
[0.040s] [  2%] Built target handpose_interfaces__cpp
[0.042s] [ 12%] Built target handpose_interfaces__rosidl_generator_c
[0.046s] [ 12%] Built target ament_cmake_python_copy_handpose_interfaces
[0.053s] [ 23%] Built target handpose_interfaces__rosidl_typesupport_fastrtps_cpp
[0.053s] [ 33%] Built target handpose_interfaces__rosidl_typesupport_introspection_cpp
[0.054s] [ 43%] Built target handpose_interfaces__rosidl_typesupport_cpp
[0.055s] [ 53%] Built target handpose_interfaces__rosidl_typesupport_c
[0.056s] [ 64%] Built target handpose_interfaces__rosidl_typesupport_fastrtps_c
[0.056s] [ 74%] Built target handpose_interfaces__rosidl_typesupport_introspection_c
[0.068s] [ 74%] Built target handpose_interfaces
[0.081s] [ 76%] Built target handpose_interfaces__py
[0.096s] [ 84%] Built target handpose_interfaces__rosidl_generator_py
[0.109s] [ 89%] Built target handpose_interfaces__rosidl_typesupport_c__pyext
[0.111s] [100%] Built target handpose_interfaces__rosidl_typesupport_fastrtps_c__pyext
[0.111s] [100%] Built target handpose_interfaces__rosidl_typesupport_introspection_c__pyext
[0.147s] running egg_info
[0.147s] writing handpose_interfaces.egg-info/PKG-INFO
[0.147s] writing dependency_links to handpose_interfaces.egg-info/dependency_links.txt
[0.147s] writing top-level names to handpose_interfaces.egg-info/top_level.txt
[0.148s] reading manifest file 'handpose_interfaces.egg-info/SOURCES.txt'
[0.149s] writing manifest file 'handpose_interfaces.egg-info/SOURCES.txt'
[0.162s] [100%] Built target ament_cmake_python_build_handpose_interfaces_egg
[0.170s] Invoked command in '/home/daeyun/HandPose/build/handpose_interfaces' returned '0': CMAKE_PREFIX_PATH=${CMAKE_PREFIX_PATH}:/home/daeyun/HandPose/install/handpose_ros:/opt/ros/humble CONDA_PROMPT_MODIFIER=(base) /usr/bin/cmake --build /home/daeyun/HandPose/build/handpose_interfaces -- -j24 -l24
[0.175s] Invoking command in '/home/daeyun/HandPose/build/handpose_interfaces': CMAKE_PREFIX_PATH=${CMAKE_PREFIX_PATH}:/home/daeyun/HandPose/install/handpose_ros:/opt/ros/humble CONDA_PROMPT_MODIFIER=(base) /usr/bin/cmake --install /home/daeyun/HandPose/build/handpose_interfaces
[0.179s] -- Install configuration: ""
[0.179s] -- Up-to-date: /home/daeyun/HandPose/install/handpose_interfaces/share/ament_index/resource_index/rosidl_interfaces/handpose_interfaces
[0.179s] -- Up-to-date: /home/daeyun/HandPose/install/handpose_interfaces/include/handpose_interfaces/handpose_interfaces
[0.179s] -- Up-to-date: /home/daeyun/HandPose/install/handpose_interfaces/include/handpose_interfaces/handpose_interfaces/msg
[0.179s] -- Up-to-date: /home/daeyun/HandPose/install/handpose_interfaces/include/handpose_interfaces/handpose_interfaces/msg/hand_landmarks.h
[0.179s] -- Up-to-date: /home/daeyun/HandPose/install/handpose_interfaces/include/handpose_interfaces/handpose_interfaces/msg/detail
[0.179s] -- Up-to-date: /home/daeyun/HandPose/install/handpose_interfaces/include/handpose_interfaces/handpose_interfaces/msg/detail/hands__type_support.h
[0.179s] -- Up-to-date: /home/daeyun/HandPose/install/handpose_interfaces/include/handpose_interfaces/handpose_interfaces/msg/detail/hand_landmarks__struct.h
[0.179s] -- Up-to-date: /home/daeyun/HandPose/install/handpose_interfaces/include/handpose_interfaces/handpose_interfaces/msg/detail/hand_landmarks__functions.h
[0.179s] -- Up-to-date: /home/daeyun/HandPose/install/handpose_interfaces/include/handpose_interfaces/handpose_interfaces/msg/detail/hand_landmarks__type_support.h
[0.179s] -- Up-to-date: /home/daeyun/HandPose/install/handpose_interfaces/include/handpose_interfaces/handpose_interfaces/msg/detail/hands__functions.c
[0.179s] -- Up-to-date: /home/daeyun/HandPose/install/handpose_interfaces/include/handpose_interfaces/handpose_interfaces/msg/detail/hand_landmarks__functions.c
[0.179s] -- Up-to-date: /home/daeyun/HandPose/install/handpose_interfaces/include/handpose_interfaces/handpose_interfaces/msg/detail/hands__struct.h
[0.179s] -- Up-to-date: /home/daeyun/HandPose/install/handpose_interfaces/include/handpose_interfaces/handpose_interfaces/msg/detail/hands__functions.h
[0.179s] -- Up-to-date: /home/daeyun/HandPose/install/handpose_interfaces/include/handpose_interfaces/handpose_interfaces/msg/hands.h
[0.179s] -- Up-to-date: /home/daeyun/HandPose/install/handpose_interfaces/include/handpose_interfaces/handpose_interfaces/msg/rosidl_generator_c__visibility_control.h
[0.179s] -- Up-to-date: /home/daeyun/HandPose/install/handpose_interfaces/share/handpose_interfaces/environment/library_path.sh
[0.180s] -- Up-to-date: /home/daeyun/HandPose/install/handpose_interfaces/share/handpose_interfaces/environment/library_path.dsv
[0.180s] -- Up-to-date: /home/daeyun/HandPose/install/handpose_interfaces/lib/libhandpose_interfaces__rosidl_generator_c.so
[0.180s] -- Up-to-date: /home/daeyun/HandPose/install/handpose_interfaces/include/handpose_interfaces/handpose_interfaces
[0.180s] -- Up-to-date: /home/daeyun/HandPose/install/handpose_interfaces/include/handpose_interfaces/handpose_interfaces/msg
[0.180s] -- Up-to-date: /home/daeyun/HandPose/install/handpose_interfaces/include/handpose_interfaces/handpose_interfaces/msg/rosidl_typesupport_fastrtps_c__visibility_control.h
[0.180s] -- Up-to-date: /home/daeyun/HandPose/install/handpose_interfaces/include/handpose_interfaces/handpose_interfaces/msg/detail
[0.180s] -- Up-to-date: /home/daeyun/HandPose/install/handpose_interfaces/include/handpose_interfaces/handpose_interfaces/msg/detail/hand_landmarks__rosidl_typesupport_fastrtps_c.h
[0.180s] -- Up-to-date: /home/daeyun/HandPose/install/handpose_interfaces/include/handpose_interfaces/handpose_interfaces/msg/detail/hands__rosidl_typesupport_fastrtps_c.h
[0.180s] -- Up-to-date: /home/daeyun/HandPose/install/handpose_interfaces/lib/libhandpose_interfaces__rosidl_typesupport_fastrtps_c.so
[0.180s] -- Up-to-date: /home/daeyun/HandPose/install/handpose_interfaces/include/handpose_interfaces/handpose_interfaces
[0.180s] -- Up-to-date: /home/daeyun/HandPose/install/handpose_interfaces/include/handpose_interfaces/handpose_interfaces/msg
[0.180s] -- Up-to-date: /home/daeyun/HandPose/install/handpose_interfaces/include/handpose_interfaces/handpose_interfaces/msg/rosidl_generator_cpp__visibility_control.hpp
[0.180s] -- Up-to-date: /home/daeyun/HandPose/install/handpose_interfaces/include/handpose_interfaces/handpose_interfaces/msg/hands.hpp
[0.180s] -- Up-to-date: /home/daeyun/HandPose/install/handpose_interfaces/include/handpose_interfaces/handpose_interfaces/msg/detail
[0.180s] -- Up-to-date: /home/daeyun/HandPose/install/handpose_interfaces/include/handpose_interfaces/handpose_interfaces/msg/detail/hands__builder.hpp
[0.180s] -- Up-to-date: /home/daeyun/HandPose/install/handpose_interfaces/include/handpose_interfaces/handpose_interfaces/msg/detail/hands__type_support.hpp
[0.180s] -- Up-to-date: /home/daeyun/HandPose/install/handpose_interfaces/include/handpose_interfaces/handpose_interfaces/msg/detail/hand_landmarks__type_support.hpp
[0.180s] -- Up-to-date: /home/daeyun/HandPose/install/handpose_interfaces/include/handpose_interfaces/handpose_interfaces/msg/detail/hand_landmarks__struct.hpp
[0.180s] -- Up-to-date: /home/daeyun/HandPose/install/handpose_interfaces/include/handpose_interfaces/handpose_interfaces/msg/detail/hands__struct.hpp
[0.180s] -- Up-to-date: /home/daeyun/HandPose/install/handpose_interfaces/include/handpose_interfaces/handpose_interfaces/msg/detail/hand_landmarks__builder.hpp
[0.180s] -- Up-to-date: /home/daeyun/HandPose/install/handpose_interfaces/include/handpose_interfaces/handpose_interfaces/msg/detail/hands__traits.hpp
[0.180s] -- Up-to-date: /home/daeyun/HandPose/install/handpose_interfaces/include/handpose_interfaces/handpose_interfaces/msg/detail/hand_landmarks__traits.hpp
[0.180s] -- Up-to-date: /home/daeyun/HandPose/install/handpose_interfaces/include/handpose_interfaces/handpose_interfaces/msg/hand_landmarks.hpp
[0.180s] -- Up-to-date: /home/daeyun/HandPose/install/handpose_interfaces/include/handpose_interfaces/handpose_interfaces
[0.180s] -- Up-to-date: /home/daeyun/HandPose/install/handpose_interfaces/include/handpose_interfaces/handpose_interfaces/msg
[0.180s] -- Up-to-date: /home/daeyun/HandPose/install/handpose_interfaces/include/handpose_interfaces/handpose_interfaces/msg/detail
[0.180s] -- Up-to-date: /home/daeyun/HandPose/install/handpose_interfaces/include/handpose_interfaces/handpose_interfaces/msg/detail/hand_landmarks__rosidl_typesupport_fastrtps_cpp.hpp
[0.180s] -- Up-to-date: /home/daeyun/HandPose/install/handpose_interfaces/include/handpose_interfaces/handpose_interfaces/msg/detail/hands__rosidl_typesupport_fastrtps_cpp.hpp
[0.180s] -- Up-to-date: /home/daeyun/HandPose/install/handpose_interfaces/include/handpose_interfaces/handpose_interfaces/msg/detail/dds_fastrtps
[0.180s] -- Up-to-date: /home/daeyun/HandPose/install/handpose_interfaces/include/handpose_interfaces/handpose_interfaces/msg/rosidl_typesupport_fastrtps_cpp__visibility_control.h
[0.180s] -- Up-to-date: /home/daeyun/HandPose/install/handpose_interfaces/lib/libhandpose_interfaces__rosidl_typesupport_fastrtps_cpp.so
[0.180s] -- Up-to-date: /home/daeyun/HandPose/install/handpose_interfaces/include/handpose_interfaces/handpose_interfaces
[0.180s] -- Up-to-date: /home/daeyun/HandPose/install/handpose_interfaces/include/handpose_interfaces/handpose_interfaces/msg
[0.180s] -- Up-to-date: /home/daeyun/HandPose/install/handpose_interfaces/include/handpose_interfaces/handpose_interfaces/msg/detail
[0.180s] -- Up-to-date: /home/daeyun/HandPose/install/handpose_interfaces/include/handpose_interfaces/handpose_interfaces/msg/detail/hands__rosidl_typesupport_introspection_c.h
[0.180s] -- Up-to-date: /home/daeyun/HandPose/install/handpose_interfaces/include/handpose_interfaces/handpose_interfaces/msg/detail/hand_landmarks__rosidl_typesupport_introspection_c.h
[0.180s] -- Up-to-date: /home/daeyun/HandPose/install/handpose_interfaces/include/handpose_interfaces/handpose_interfaces/msg/detail/hand_landmarks__type_support.c
[0.181s] -- Up-to-date: /home/daeyun/HandPose/install/handpose_interfaces/include/handpose_interfaces/handpose_interfaces/msg/detail/hands__type_support.c
[0.181s] -- Up-to-date: /home/daeyun/HandPose/install/handpose_interfaces/include/handpose_interfaces/handpose_interfaces/msg/rosidl_typesupport_introspection_c__visibility_control.h
[0.181s] -- Up-to-date: /home/daeyun/HandPose/install/handpose_interfaces/lib/libhandpose_interfaces__rosidl_typesupport_introspection_c.so
[0.181s] -- Up-to-date: /home/daeyun/HandPose/install/handpose_interfaces/lib/libhandpose_interfaces__rosidl_typesupport_c.so
[0.181s] -- Up-to-date: /home/daeyun/HandPose/install/handpose_interfaces/include/handpose_interfaces/handpose_interfaces
[0.181s] -- Up-to-date: /home/daeyun/HandPose/install/handpose_interfaces/include/handpose_interfaces/handpose_interfaces/msg
[0.181s] -- Up-to-date: /home/daeyun/HandPose/install/handpose_interfaces/include/handpose_interfaces/handpose_interfaces/msg/detail
[0.181s] -- Up-to-date: /home/daeyun/HandPose/install/handpose_interfaces/include/handpose_interfaces/handpose_interfaces/msg/detail/hands__type_support.cpp
[0.181s] -- Up-to-date: /home/daeyun/HandPose/install/handpose_interfaces/include/handpose_interfaces/handpose_interfaces/msg/detail/hands__rosidl_typesupport_introspection_cpp.hpp
[0.181s] -- Up-to-date: /home/daeyun/HandPose/install/handpose_interfaces/include/handpose_interfaces/handpose_interfaces/msg/detail/hand_landmarks__type_support.cpp
[0.181s] -- Up-to-date: /home/daeyun/HandPose/install/handpose_interfaces/include/handpose_interfaces/handpose_interfaces/msg/detail/hand_landmarks__rosidl_typesupport_introspection_cpp.hpp
[0.181s] -- Up-to-date: /home/daeyun/HandPose/install/handpose_interfaces/lib/libhandpose_interfaces__rosidl_typesupport_introspection_cpp.so
[0.181s] -- Up-to-date: /home/daeyun/HandPose/install/handpose_interfaces/lib/libhandpose_interfaces__rosidl_typesupport_cpp.so
[0.181s] -- Up-to-date: /home/daeyun/HandPose/install/handpose_interfaces/share/handpose_interfaces/environment/pythonpath.sh
[0.181s] -- Up-to-date: /home/daeyun/HandPose/install/handpose_interfaces/share/handpose_interfaces/environment/pythonpath.dsv
[0.181s] -- Up-to-date: /home/daeyun/HandPose/install/handpose_interfaces/lib/python3.10/site-packages/handpose_interfaces-0.0.0-py3.10.egg-info
[0.181s] -- Installing: /home/daeyun/HandPose/install/handpose_interfaces/lib/python3.10/site-packages/handpose_interfaces-0.0.0-py3.10.egg-info/SOURCES.txt
[0.181s] -- Installing: /home/daeyun/HandPose/install/handpose_interfaces/lib/python3.10/site-packages/handpose_interfaces-0.0.0-py3.10.egg-info/top_level.txt
[0.181s] -- Installing: /home/daeyun/HandPose/install/handpose_interfaces/lib/python3.10/site-packages/handpose_interfaces-0.0.0-py3.10.egg-info/dependency_links.txt
[0.181s] -- Installing: /home/daeyun/HandPose/install/handpose_interfaces/lib/python3.10/site-packages/handpose_interfaces-0.0.0-py3.10.egg-info/PKG-INFO
[0.181s] -- Up-to-date: /home/daeyun/HandPose/install/handpose_interfaces/lib/python3.10/site-packages/handpose_interfaces
[0.181s] -- Up-to-date: /home/daeyun/HandPose/install/handpose_interfaces/lib/python3.10/site-packages/handpose_interfaces/handpose_interfaces_s__rosidl_typesupport_introspection_c.cpython-310-x86_64-linux-gnu.so
[0.181s] -- Up-to-date: /home/daeyun/HandPose/install/handpose_interfaces/lib/python3.10/site-packages/handpose_interfaces/_handpose_interfaces_s.ep.rosidl_typesupport_introspection_c.c
[0.181s] -- Up-to-date: /home/daeyun/HandPose/install/handpose_interfaces/lib/python3.10/site-packages/handpose_interfaces/_handpose_interfaces_s.ep.rosidl_typesupport_c.c
[0.181s] -- Up-to-date: /home/daeyun/HandPose/install/handpose_interfaces/lib/python3.10/site-packages/handpose_interfaces/_handpose_interfaces_s.ep.rosidl_typesupport_fastrtps_c.c
[0.181s] -- Up-to-date: /home/daeyun/HandPose/install/handpose_interfaces/lib/python3.10/site-packages/handpose_interfaces/handpose_interfaces_s__rosidl_typesupport_fastrtps_c.cpython-310-x86_64-linux-gnu.so
[0.181s] -- Up-to-date: /home/daeyun/HandPose/install/handpose_interfaces/lib/python3.10/site-packages/handpose_interfaces/msg
[0.181s] -- Up-to-date: /home/daeyun/HandPose/install/handpose_interfaces/lib/python3.10/site-packages/handpose_interfaces/msg/_hands.py
[0.181s] -- Up-to-date: /home/daeyun/HandPose/install/handpose_interfaces/lib/python3.10/site-packages/handpose_interfaces/msg/_hands_s.c
[0.181s] -- Up-to-date: /home/daeyun/HandPose/install/handpose_interfaces/lib/python3.10/site-packages/handpose_interfaces/msg/_hand_landmarks_s.c
[0.181s] -- Up-to-date: /home/daeyun/HandPose/install/handpose_interfaces/lib/python3.10/site-packages/handpose_interfaces/msg/__init__.py
[0.181s] -- Up-to-date: /home/daeyun/HandPose/install/handpose_interfaces/lib/python3.10/site-packages/handpose_interfaces/msg/_hand_landmarks.py
[0.181s] -- Up-to-date: /home/daeyun/HandPose/install/handpose_interfaces/lib/python3.10/site-packages/handpose_interfaces/__init__.py
[0.181s] -- Up-to-date: /home/daeyun/HandPose/install/handpose_interfaces/lib/python3.10/site-packages/handpose_interfaces/handpose_interfaces_s__rosidl_typesupport_c.cpython-310-x86_64-linux-gnu.so
[0.181s] -- Up-to-date: /home/daeyun/HandPose/install/handpose_interfaces/lib/python3.10/site-packages/handpose_interfaces/libhandpose_interfaces__rosidl_generator_py.so
[0.198s] Listing '/home/daeyun/HandPose/install/handpose_interfaces/lib/python3.10/site-packages/handpose_interfaces'...
[0.198s] Listing '/home/daeyun/HandPose/install/handpose_interfaces/lib/python3.10/site-packages/handpose_interfaces/msg'...
[0.201s] -- Up-to-date: /home/daeyun/HandPose/install/handpose_interfaces/lib/python3.10/site-packages/handpose_interfaces/handpose_interfaces_s__rosidl_typesupport_fastrtps_c.cpython-310-x86_64-linux-gnu.so
[0.201s] -- Up-to-date: /home/daeyun/HandPose/install/handpose_interfaces/lib/python3.10/site-packages/handpose_interfaces/handpose_interfaces_s__rosidl_typesupport_introspection_c.cpython-310-x86_64-linux-gnu.so
[0.201s] -- Up-to-date: /home/daeyun/HandPose/install/handpose_interfaces/lib/python3.10/site-packages/handpose_interfaces/handpose_interfaces_s__rosidl_typesupport_c.cpython-310-x86_64-linux-gnu.so
[0.201s] -- Up-to-date: /home/daeyun/HandPose/install/handpose_interfaces/lib/libhandpose_interfaces__rosidl_generator_py.so
[0.201s] -- Up-to-date: /home/daeyun/HandPose/install/handpose_interfaces/share/handpose_interfaces/msg/HandLandmarks.idl
[0.201s] -- Up-to-date: /home/daeyun/HandPose/install/handpose_interfaces/share/handpose_interfaces/msg/Hands.idl
[0.201s] -- Up-to-date: /home/daeyun/HandPose/install/handpose_interfaces/share/handpose_interfaces/msg/HandLandmarks.msg
[0.201s] -- Up-to-date: /home/daeyun/HandPose/install/handpose_interfaces/share/handpose_interfaces/msg/Hands.msg
[0.201s] -- Up-to-date: /home/daeyun/HandPose/install/handpose_interfaces/share/ament_index/resource_index/package_run_dependencies/handpose_interfaces
[0.201s] -- Up-to-date: /home/daeyun/HandPose/install/handpose_interfaces/share/ament_index/resource_index/parent_prefix_path/handpose_interfaces
[0.201s] -- Up-to-date: /home/daeyun/HandPose/install/handpose_interfaces/share/handpose_interfaces/environment/ament_prefix_path.sh
[0.201s] -- Up-to-date: /home/daeyun/HandPose/install/handpose_interfaces/share/handpose_interfaces/environment/ament_prefix_path.dsv
[0.201s] -- Up-to-date: /home/daeyun/HandPose/install/handpose_interfaces/share/handpose_interfaces/environment/path.sh
[0.201s] -- Up-to-date: /home/daeyun/HandPose/install/handpose_interfaces/share/handpose_interfaces/environment/path.dsv
[0.202s] -- Up-to-date: /home/daeyun/HandPose/install/handpose_interfaces/share/handpose_interfaces/local_setup.bash
[0.202s] -- Up-to-date: /home/daeyun/HandPose/install/handpose_interfaces/share/handpose_interfaces/local_setup.sh
[0.202s] -- Up-to-date: /home/daeyun/HandPose/install/handpose_interfaces/share/handpose_interfaces/local_setup.zsh
[0.202s] -- Up-to-date: /home/daeyun/HandPose/install/handpose_interfaces/share/handpose_interfaces/local_setup.dsv
[0.202s] -- Installing: /home/daeyun/HandPose/install/handpose_interfaces/share/handpose_interfaces/package.dsv
[0.202s] -- Up-to-date: /home/daeyun/HandPose/install/handpose_interfaces/share/ament_index/resource_index/packages/handpose_interfaces
[0.202s] -- Up-to-date: /home/daeyun/HandPose/install/handpose_interfaces/share/handpose_interfaces/cmake/export_handpose_interfaces__rosidl_generator_cExport.cmake
[0.202s] -- Up-to-date: /home/daeyun/HandPose/install/handpose_interfaces/share/handpose_interfaces/cmake/export_handpose_interfaces__rosidl_generator_cExport-noconfig.cmake
[0.202s] -- Up-to-date: /home/daeyun/HandPose/install/handpose_interfaces/share/handpose_interfaces/cmake/export_handpose_interfaces__rosidl_typesupport_fastrtps_cExport.cmake
[0.202s] -- Up-to-date: /home/daeyun/HandPose/install/handpose_interfaces/share/handpose_interfaces/cmake/export_handpose_interfaces__rosidl_typesupport_fastrtps_cExport-noconfig.cmake
[0.202s] -- Up-to-date: /home/daeyun/HandPose/install/handpose_interfaces/share/handpose_interfaces/cmake/export_handpose_interfaces__rosidl_generator_cppExport.cmake
[0.202s] -- Up-to-date: /home/daeyun/HandPose/install/handpose_interfaces/share/handpose_interfaces/cmake/export_handpose_interfaces__rosidl_typesupport_fastrtps_cppExport.cmake
[0.202s] -- Up-to-date: /home/daeyun/HandPose/install/handpose_interfaces/share/handpose_interfaces/cmake/export_handpose_interfaces__rosidl_typesupport_fastrtps_cppExport-noconfig.cmake
[0.202s] -- Up-to-date: /home/daeyun/HandPose/install/handpose_interfaces/share/handpose_interfaces/cmake/handpose_interfaces__rosidl_typesupport_introspection_cExport.cmake
[0.202s] -- Up-to-date: /home/daeyun/HandPose/install/handpose_interfaces/share/handpose_interfaces/cmake/handpose_interfaces__rosidl_typesupport_introspection_cExport-noconfig.cmake
[0.202s] -- Up-to-date: /home/daeyun/HandPose/install/handpose_interfaces/share/handpose_interfaces/cmake/handpose_interfaces__rosidl_typesupport_cExport.cmake
[0.202s] -- Up-to-date: /home/daeyun/HandPose/install/handpose_interfaces/share/handpose_interfaces/cmake/handpose_interfaces__rosidl_typesupport_cExport-noconfig.cmake
[0.202s] -- Up-to-date: /home/daeyun/HandPose/install/handpose_interfaces/share/handpose_interfaces/cmake/handpose_interfaces__rosidl_typesupport_introspection_cppExport.cmake
[0.202s] -- Up-to-date: /home/daeyun/HandPose/install/handpose_interfaces/share/handpose_interfaces/cmake/handpose_interfaces__rosidl_typesupport_introspection_cppExport-noconfig.cmake
[0.202s] -- Up-to-date: /home/daeyun/HandPose/install/handpose_interfaces/share/handpose_interfaces/cmake/handpose_interfaces__rosidl_typesupport_cppExport.cmake
[0.202s] -- Up-to-date: /home/daeyun/HandPose/install/handpose_interfaces/share/handpose_interfaces/cmake/handpose_interfaces__rosidl_typesupport_cppExport-noconfig.cmake
[0.202s] -- Up-to-date: /home/daeyun/HandPose/install/handpose_interfaces/share/handpose_interfaces/cmake/export_handpose_interfaces__rosidl_generator_pyExport.cmake
[0.202s] -- Up-to-date: /home/daeyun/HandPose/install/handpose_interfaces/share/handpose_interfaces/cmake/export_handpose_interfaces__rosidl_generator_pyExport-noconfig.cmake
[0.202s] -- Up-to-date: /home/daeyun/HandPose/install/handpose_interfaces/share/handpose_interfaces/cmake/rosidl_cmake-extras.cmake
[0.202s] -- Up-to-date: /home/daeyun/HandPose/install/handpose_interfaces/share/handpose_interfaces/cmake/ament_cmake_export_dependencies-extras.cmake
[0.202s] -- Up-to-date: /home/daeyun/HandPose/install/handpose_interfaces/share/handpose_interfaces/cmake/ament_cmake_export_include_directories-extras.cmake
[0.202s] -- Up-to-date: /home/daeyun/HandPose/install/handpose_interfaces/share/handpose_interfaces/cmake/ament_cmake_export_libraries-extras.cmake
[0.202s] -- Up-to-date: /home/daeyun/HandPose/install/handpose_interfaces/share/handpose_interfaces/cmake/ament_cmake_export_targets-extras.cmake
[0.202s] -- Up-to-date: /home/daeyun/HandPose/install/handpose_interfaces/share/handpose_interfaces/cmake/rosidl_cmake_export_typesupport_targets-extras.cmake
[0.202s] -- Up-to-date: /home/daeyun/HandPose/install/handpose_interfaces/share/handpose_interfaces/cmake/rosidl_cmake_export_typesupport_libraries-extras.cmake
[0.202s] -- Up-to-date: /home/daeyun/HandPose/install/handpose_interfaces/share/handpose_interfaces/cmake/handpose_interfacesConfig.cmake
[0.202s] -- Up-to-date: /home/daeyun/HandPose/install/handpose_interfaces/share/handpose_interfaces/cmake/handpose_interfacesConfig-version.cmake
[0.202s] -- Up-to-date: /home/daeyun/HandPose/install/handpose_interfaces/share/handpose_interfaces/package.xml
[0.203s] Invoked command in '/home/daeyun/HandPose/build/handpose_interfaces' returned '0': CMAKE_PREFIX_PATH=${CMAKE_PREFIX_PATH}:/home/daeyun/HandPose/install/handpose_ros:/opt/ros/humble CONDA_PROMPT_MODIFIER=(base) /usr/bin/cmake --install /home/daeyun/HandPose/build/handpose_interfaces
