[0.049s] DEBUG:colcon:Command line arguments: ['/usr/bin/colcon', 'build']
[0.049s] DEBUG:colcon:Parsed command line arguments: Namespace(log_base=None, log_level=None, verb_name='build', build_base='build', install_base='install', merge_install=False, symlink_install=False, test_result_base=None, continue_on_error=False, executor='parallel', parallel_workers=24, event_handlers=None, ignore_user_meta=False, metas=['./colcon.meta'], base_paths=['.'], packages_ignore=None, packages_ignore_regex=None, paths=None, packages_up_to=None, packages_up_to_regex=None, packages_above=None, packages_above_and_dependencies=None, packages_above_depth=None, packages_select_by_dep=None, packages_skip_by_dep=None, packages_skip_up_to=None, packages_select_build_failed=False, packages_skip_build_finished=False, packages_select_test_failures=False, packages_skip_test_passed=False, packages_select=None, packages_skip=None, packages_select_regex=None, packages_skip_regex=None, packages_start=None, packages_end=None, allow_overriding=[], cmake_args=None, cmake_target=None, cmake_target_skip_unavailable=False, cmake_clean_cache=False, cmake_clean_first=False, cmake_force_configure=False, ament_cmake_args=None, catkin_cmake_args=None, catkin_skip_building_tests=False, verb_parser=<colcon_defaults.argument_parser.defaults.DefaultArgumentsDecorator object at 0x7b187f1649a0>, verb_extension=<colcon_core.verb.build.BuildVerb object at 0x7b187f164460>, main=<bound method BuildVerb.main of <colcon_core.verb.build.BuildVerb object at 0x7b187f164460>>)
[0.123s] Level 1:colcon.colcon_core.package_discovery:discover_packages(colcon_meta) check parameters
[0.123s] Level 1:colcon.colcon_core.package_discovery:discover_packages(recursive) check parameters
[0.123s] Level 1:colcon.colcon_core.package_discovery:discover_packages(ignore) check parameters
[0.123s] Level 1:colcon.colcon_core.package_discovery:discover_packages(path) check parameters
[0.123s] Level 1:colcon.colcon_core.package_discovery:discover_packages(colcon_meta) discover
[0.123s] Level 1:colcon.colcon_core.package_discovery:discover_packages(recursive) discover
[0.123s] INFO:colcon.colcon_core.package_discovery:Crawling recursively for packages in '/home/daeyun/HandPose'
[0.123s] Level 1:colcon.colcon_core.package_identification:_identify(.) by extensions ['ignore', 'ignore_ament_install']
[0.123s] Level 1:colcon.colcon_core.package_identification:_identify(.) by extension 'ignore'
[0.123s] Level 1:colcon.colcon_core.package_identification:_identify(.) by extension 'ignore_ament_install'
[0.123s] Level 1:colcon.colcon_core.package_identification:_identify(.) by extensions ['colcon_pkg']
[0.123s] Level 1:colcon.colcon_core.package_identification:_identify(.) by extension 'colcon_pkg'
[0.123s] Level 1:colcon.colcon_core.package_identification:_identify(.) by extensions ['colcon_meta']
[0.123s] Level 1:colcon.colcon_core.package_identification:_identify(.) by extension 'colcon_meta'
[0.123s] Level 1:colcon.colcon_core.package_identification:_identify(.) by extensions ['ros']
[0.123s] Level 1:colcon.colcon_core.package_identification:_identify(.) by extension 'ros'
[0.129s] Level 1:colcon.colcon_core.package_identification:_identify(.) by extensions ['cmake', 'python']
[0.129s] Level 1:colcon.colcon_core.package_identification:_identify(.) by extension 'cmake'
[0.129s] Level 1:colcon.colcon_core.package_identification:_identify(.) by extension 'python'
[0.129s] Level 1:colcon.colcon_core.package_identification:_identify(.) by extensions ['python_setup_py']
[0.129s] Level 1:colcon.colcon_core.package_identification:_identify(.) by extension 'python_setup_py'
[0.129s] Level 1:colcon.colcon_core.package_identification:_identify(build) by extensions ['ignore', 'ignore_ament_install']
[0.129s] Level 1:colcon.colcon_core.package_identification:_identify(build) by extension 'ignore'
[0.129s] Level 1:colcon.colcon_core.package_identification:_identify(build) ignored
[0.129s] Level 1:colcon.colcon_core.package_identification:_identify(install) by extensions ['ignore', 'ignore_ament_install']
[0.129s] Level 1:colcon.colcon_core.package_identification:_identify(install) by extension 'ignore'
[0.129s] Level 1:colcon.colcon_core.package_identification:_identify(install) ignored
[0.129s] Level 1:colcon.colcon_core.package_identification:_identify(log) by extensions ['ignore', 'ignore_ament_install']
[0.129s] Level 1:colcon.colcon_core.package_identification:_identify(log) by extension 'ignore'
[0.129s] Level 1:colcon.colcon_core.package_identification:_identify(log) ignored
[0.129s] Level 1:colcon.colcon_core.package_identification:_identify(src) by extensions ['ignore', 'ignore_ament_install']
[0.129s] Level 1:colcon.colcon_core.package_identification:_identify(src) by extension 'ignore'
[0.129s] Level 1:colcon.colcon_core.package_identification:_identify(src) by extension 'ignore_ament_install'
[0.129s] Level 1:colcon.colcon_core.package_identification:_identify(src) by extensions ['colcon_pkg']
[0.129s] Level 1:colcon.colcon_core.package_identification:_identify(src) by extension 'colcon_pkg'
[0.129s] Level 1:colcon.colcon_core.package_identification:_identify(src) by extensions ['colcon_meta']
[0.129s] Level 1:colcon.colcon_core.package_identification:_identify(src) by extension 'colcon_meta'
[0.129s] Level 1:colcon.colcon_core.package_identification:_identify(src) by extensions ['ros']
[0.129s] Level 1:colcon.colcon_core.package_identification:_identify(src) by extension 'ros'
[0.129s] Level 1:colcon.colcon_core.package_identification:_identify(src) by extensions ['cmake', 'python']
[0.129s] Level 1:colcon.colcon_core.package_identification:_identify(src) by extension 'cmake'
[0.129s] Level 1:colcon.colcon_core.package_identification:_identify(src) by extension 'python'
[0.129s] Level 1:colcon.colcon_core.package_identification:_identify(src) by extensions ['python_setup_py']
[0.129s] Level 1:colcon.colcon_core.package_identification:_identify(src) by extension 'python_setup_py'
[0.129s] Level 1:colcon.colcon_core.package_identification:_identify(src/handpose_interfaces) by extensions ['ignore', 'ignore_ament_install']
[0.129s] Level 1:colcon.colcon_core.package_identification:_identify(src/handpose_interfaces) by extension 'ignore'
[0.129s] Level 1:colcon.colcon_core.package_identification:_identify(src/handpose_interfaces) by extension 'ignore_ament_install'
[0.129s] Level 1:colcon.colcon_core.package_identification:_identify(src/handpose_interfaces) by extensions ['colcon_pkg']
[0.129s] Level 1:colcon.colcon_core.package_identification:_identify(src/handpose_interfaces) by extension 'colcon_pkg'
[0.129s] Level 1:colcon.colcon_core.package_identification:_identify(src/handpose_interfaces) by extensions ['colcon_meta']
[0.129s] Level 1:colcon.colcon_core.package_identification:_identify(src/handpose_interfaces) by extension 'colcon_meta'
[0.130s] Level 1:colcon.colcon_core.package_identification:_identify(src/handpose_interfaces) by extensions ['ros']
[0.130s] Level 1:colcon.colcon_core.package_identification:_identify(src/handpose_interfaces) by extension 'ros'
[0.131s] DEBUG:colcon.colcon_core.package_identification:Package 'src/handpose_interfaces' with type 'ros.ament_cmake' and name 'handpose_interfaces'
[0.131s] Level 1:colcon.colcon_core.package_identification:_identify(src/handpose_ros) by extensions ['ignore', 'ignore_ament_install']
[0.131s] Level 1:colcon.colcon_core.package_identification:_identify(src/handpose_ros) by extension 'ignore'
[0.131s] Level 1:colcon.colcon_core.package_identification:_identify(src/handpose_ros) by extension 'ignore_ament_install'
[0.131s] Level 1:colcon.colcon_core.package_identification:_identify(src/handpose_ros) by extensions ['colcon_pkg']
[0.131s] Level 1:colcon.colcon_core.package_identification:_identify(src/handpose_ros) by extension 'colcon_pkg'
[0.131s] Level 1:colcon.colcon_core.package_identification:_identify(src/handpose_ros) by extensions ['colcon_meta']
[0.131s] Level 1:colcon.colcon_core.package_identification:_identify(src/handpose_ros) by extension 'colcon_meta'
[0.131s] Level 1:colcon.colcon_core.package_identification:_identify(src/handpose_ros) by extensions ['ros']
[0.131s] Level 1:colcon.colcon_core.package_identification:_identify(src/handpose_ros) by extension 'ros'
[0.132s] DEBUG:colcon.colcon_core.package_identification:Package 'src/handpose_ros' with type 'ros.ament_python' and name 'handpose_ros'
[0.132s] Level 1:colcon.colcon_core.package_identification:_identify(standalone) by extensions ['ignore', 'ignore_ament_install']
[0.132s] Level 1:colcon.colcon_core.package_identification:_identify(standalone) by extension 'ignore'
[0.132s] Level 1:colcon.colcon_core.package_identification:_identify(standalone) by extension 'ignore_ament_install'
[0.132s] Level 1:colcon.colcon_core.package_identification:_identify(standalone) by extensions ['colcon_pkg']
[0.132s] Level 1:colcon.colcon_core.package_identification:_identify(standalone) by extension 'colcon_pkg'
[0.132s] Level 1:colcon.colcon_core.package_identification:_identify(standalone) by extensions ['colcon_meta']
[0.132s] Level 1:colcon.colcon_core.package_identification:_identify(standalone) by extension 'colcon_meta'
[0.132s] Level 1:colcon.colcon_core.package_identification:_identify(standalone) by extensions ['ros']
[0.132s] Level 1:colcon.colcon_core.package_identification:_identify(standalone) by extension 'ros'
[0.132s] Level 1:colcon.colcon_core.package_identification:_identify(standalone) by extensions ['cmake', 'python']
[0.132s] Level 1:colcon.colcon_core.package_identification:_identify(standalone) by extension 'cmake'
[0.132s] Level 1:colcon.colcon_core.package_identification:_identify(standalone) by extension 'python'
[0.132s] Level 1:colcon.colcon_core.package_identification:_identify(standalone) by extensions ['python_setup_py']
[0.132s] Level 1:colcon.colcon_core.package_identification:_identify(standalone) by extension 'python_setup_py'
[0.132s] Level 1:colcon.colcon_core.package_identification:_identify(standalone/scripts) by extensions ['ignore', 'ignore_ament_install']
[0.132s] Level 1:colcon.colcon_core.package_identification:_identify(standalone/scripts) by extension 'ignore'
[0.132s] Level 1:colcon.colcon_core.package_identification:_identify(standalone/scripts) by extension 'ignore_ament_install'
[0.132s] Level 1:colcon.colcon_core.package_identification:_identify(standalone/scripts) by extensions ['colcon_pkg']
[0.132s] Level 1:colcon.colcon_core.package_identification:_identify(standalone/scripts) by extension 'colcon_pkg'
[0.132s] Level 1:colcon.colcon_core.package_identification:_identify(standalone/scripts) by extensions ['colcon_meta']
[0.132s] Level 1:colcon.colcon_core.package_identification:_identify(standalone/scripts) by extension 'colcon_meta'
[0.132s] Level 1:colcon.colcon_core.package_identification:_identify(standalone/scripts) by extensions ['ros']
[0.132s] Level 1:colcon.colcon_core.package_identification:_identify(standalone/scripts) by extension 'ros'
[0.132s] Level 1:colcon.colcon_core.package_identification:_identify(standalone/scripts) by extensions ['cmake', 'python']
[0.132s] Level 1:colcon.colcon_core.package_identification:_identify(standalone/scripts) by extension 'cmake'
[0.132s] Level 1:colcon.colcon_core.package_identification:_identify(standalone/scripts) by extension 'python'
[0.132s] Level 1:colcon.colcon_core.package_identification:_identify(standalone/scripts) by extensions ['python_setup_py']
[0.132s] Level 1:colcon.colcon_core.package_identification:_identify(standalone/scripts) by extension 'python_setup_py'
[0.132s] Level 1:colcon.colcon_core.package_identification:_identify(standalone/scripts/__pycache__) by extensions ['ignore', 'ignore_ament_install']
[0.132s] Level 1:colcon.colcon_core.package_identification:_identify(standalone/scripts/__pycache__) by extension 'ignore'
[0.132s] Level 1:colcon.colcon_core.package_identification:_identify(standalone/scripts/__pycache__) by extension 'ignore_ament_install'
[0.132s] Level 1:colcon.colcon_core.package_identification:_identify(standalone/scripts/__pycache__) by extensions ['colcon_pkg']
[0.132s] Level 1:colcon.colcon_core.package_identification:_identify(standalone/scripts/__pycache__) by extension 'colcon_pkg'
[0.132s] Level 1:colcon.colcon_core.package_identification:_identify(standalone/scripts/__pycache__) by extensions ['colcon_meta']
[0.132s] Level 1:colcon.colcon_core.package_identification:_identify(standalone/scripts/__pycache__) by extension 'colcon_meta'
[0.132s] Level 1:colcon.colcon_core.package_identification:_identify(standalone/scripts/__pycache__) by extensions ['ros']
[0.132s] Level 1:colcon.colcon_core.package_identification:_identify(standalone/scripts/__pycache__) by extension 'ros'
[0.132s] Level 1:colcon.colcon_core.package_identification:_identify(standalone/scripts/__pycache__) by extensions ['cmake', 'python']
[0.133s] Level 1:colcon.colcon_core.package_identification:_identify(standalone/scripts/__pycache__) by extension 'cmake'
[0.133s] Level 1:colcon.colcon_core.package_identification:_identify(standalone/scripts/__pycache__) by extension 'python'
[0.133s] Level 1:colcon.colcon_core.package_identification:_identify(standalone/scripts/__pycache__) by extensions ['python_setup_py']
[0.133s] Level 1:colcon.colcon_core.package_identification:_identify(standalone/scripts/__pycache__) by extension 'python_setup_py'
[0.133s] Level 1:colcon.colcon_core.package_identification:_identify(standalone/scripts/mediapipe_api) by extensions ['ignore', 'ignore_ament_install']
[0.133s] Level 1:colcon.colcon_core.package_identification:_identify(standalone/scripts/mediapipe_api) by extension 'ignore'
[0.133s] Level 1:colcon.colcon_core.package_identification:_identify(standalone/scripts/mediapipe_api) by extension 'ignore_ament_install'
[0.133s] Level 1:colcon.colcon_core.package_identification:_identify(standalone/scripts/mediapipe_api) by extensions ['colcon_pkg']
[0.133s] Level 1:colcon.colcon_core.package_identification:_identify(standalone/scripts/mediapipe_api) by extension 'colcon_pkg'
[0.133s] Level 1:colcon.colcon_core.package_identification:_identify(standalone/scripts/mediapipe_api) by extensions ['colcon_meta']
[0.133s] Level 1:colcon.colcon_core.package_identification:_identify(standalone/scripts/mediapipe_api) by extension 'colcon_meta'
[0.133s] Level 1:colcon.colcon_core.package_identification:_identify(standalone/scripts/mediapipe_api) by extensions ['ros']
[0.133s] Level 1:colcon.colcon_core.package_identification:_identify(standalone/scripts/mediapipe_api) by extension 'ros'
[0.133s] Level 1:colcon.colcon_core.package_identification:_identify(standalone/scripts/mediapipe_api) by extensions ['cmake', 'python']
[0.133s] Level 1:colcon.colcon_core.package_identification:_identify(standalone/scripts/mediapipe_api) by extension 'cmake'
[0.133s] Level 1:colcon.colcon_core.package_identification:_identify(standalone/scripts/mediapipe_api) by extension 'python'
[0.133s] Level 1:colcon.colcon_core.package_identification:_identify(standalone/scripts/mediapipe_api) by extensions ['python_setup_py']
[0.133s] Level 1:colcon.colcon_core.package_identification:_identify(standalone/scripts/mediapipe_api) by extension 'python_setup_py'
[0.133s] Level 1:colcon.colcon_core.package_identification:_identify(standalone/scripts/mediapipe_api/handlandmarks) by extensions ['ignore', 'ignore_ament_install']
[0.133s] Level 1:colcon.colcon_core.package_identification:_identify(standalone/scripts/mediapipe_api/handlandmarks) by extension 'ignore'
[0.133s] Level 1:colcon.colcon_core.package_identification:_identify(standalone/scripts/mediapipe_api/handlandmarks) by extension 'ignore_ament_install'
[0.133s] Level 1:colcon.colcon_core.package_identification:_identify(standalone/scripts/mediapipe_api/handlandmarks) by extensions ['colcon_pkg']
[0.133s] Level 1:colcon.colcon_core.package_identification:_identify(standalone/scripts/mediapipe_api/handlandmarks) by extension 'colcon_pkg'
[0.133s] Level 1:colcon.colcon_core.package_identification:_identify(standalone/scripts/mediapipe_api/handlandmarks) by extensions ['colcon_meta']
[0.133s] Level 1:colcon.colcon_core.package_identification:_identify(standalone/scripts/mediapipe_api/handlandmarks) by extension 'colcon_meta'
[0.133s] Level 1:colcon.colcon_core.package_identification:_identify(standalone/scripts/mediapipe_api/handlandmarks) by extensions ['ros']
[0.133s] Level 1:colcon.colcon_core.package_identification:_identify(standalone/scripts/mediapipe_api/handlandmarks) by extension 'ros'
[0.133s] Level 1:colcon.colcon_core.package_identification:_identify(standalone/scripts/mediapipe_api/handlandmarks) by extensions ['cmake', 'python']
[0.133s] Level 1:colcon.colcon_core.package_identification:_identify(standalone/scripts/mediapipe_api/handlandmarks) by extension 'cmake'
[0.133s] Level 1:colcon.colcon_core.package_identification:_identify(standalone/scripts/mediapipe_api/handlandmarks) by extension 'python'
[0.133s] Level 1:colcon.colcon_core.package_identification:_identify(standalone/scripts/mediapipe_api/handlandmarks) by extensions ['python_setup_py']
[0.133s] Level 1:colcon.colcon_core.package_identification:_identify(standalone/scripts/mediapipe_api/handlandmarks) by extension 'python_setup_py'
[0.133s] Level 1:colcon.colcon_core.package_discovery:discover_packages(recursive) using defaults
[0.133s] Level 1:colcon.colcon_core.package_discovery:discover_packages(ignore) discover
[0.133s] Level 1:colcon.colcon_core.package_discovery:discover_packages(ignore) using defaults
[0.133s] Level 1:colcon.colcon_core.package_discovery:discover_packages(path) discover
[0.133s] Level 1:colcon.colcon_core.package_discovery:discover_packages(path) using defaults
[0.148s] Level 1:colcon.colcon_core.package_discovery:discover_packages(prefix_path) check parameters
[0.148s] Level 1:colcon.colcon_core.package_discovery:discover_packages(prefix_path) discover
[0.149s] DEBUG:colcon.colcon_installed_package_information.package_discovery:Found 346 installed packages in /opt/ros/humble
[0.150s] Level 1:colcon.colcon_core.package_discovery:discover_packages(prefix_path) using defaults
[0.168s] Level 5:colcon.colcon_core.verb:set package 'handpose_interfaces' build argument 'cmake_args' from command line to 'None'
[0.168s] Level 5:colcon.colcon_core.verb:set package 'handpose_interfaces' build argument 'cmake_target' from command line to 'None'
[0.168s] Level 5:colcon.colcon_core.verb:set package 'handpose_interfaces' build argument 'cmake_target_skip_unavailable' from command line to 'False'
[0.168s] Level 5:colcon.colcon_core.verb:set package 'handpose_interfaces' build argument 'cmake_clean_cache' from command line to 'False'
[0.168s] Level 5:colcon.colcon_core.verb:set package 'handpose_interfaces' build argument 'cmake_clean_first' from command line to 'False'
[0.168s] Level 5:colcon.colcon_core.verb:set package 'handpose_interfaces' build argument 'cmake_force_configure' from command line to 'False'
[0.168s] Level 5:colcon.colcon_core.verb:set package 'handpose_interfaces' build argument 'ament_cmake_args' from command line to 'None'
[0.168s] Level 5:colcon.colcon_core.verb:set package 'handpose_interfaces' build argument 'catkin_cmake_args' from command line to 'None'
[0.168s] Level 5:colcon.colcon_core.verb:set package 'handpose_interfaces' build argument 'catkin_skip_building_tests' from command line to 'False'
[0.168s] DEBUG:colcon.colcon_core.verb:Building package 'handpose_interfaces' with the following arguments: {'ament_cmake_args': None, 'build_base': '/home/daeyun/HandPose/build/handpose_interfaces', 'catkin_cmake_args': None, 'catkin_skip_building_tests': False, 'cmake_args': None, 'cmake_clean_cache': False, 'cmake_clean_first': False, 'cmake_force_configure': False, 'cmake_target': None, 'cmake_target_skip_unavailable': False, 'install_base': '/home/daeyun/HandPose/install/handpose_interfaces', 'merge_install': False, 'path': '/home/daeyun/HandPose/src/handpose_interfaces', 'symlink_install': False, 'test_result_base': None}
[0.169s] Level 5:colcon.colcon_core.verb:set package 'handpose_ros' build argument 'cmake_args' from command line to 'None'
[0.169s] Level 5:colcon.colcon_core.verb:set package 'handpose_ros' build argument 'cmake_target' from command line to 'None'
[0.169s] Level 5:colcon.colcon_core.verb:set package 'handpose_ros' build argument 'cmake_target_skip_unavailable' from command line to 'False'
[0.169s] Level 5:colcon.colcon_core.verb:set package 'handpose_ros' build argument 'cmake_clean_cache' from command line to 'False'
[0.169s] Level 5:colcon.colcon_core.verb:set package 'handpose_ros' build argument 'cmake_clean_first' from command line to 'False'
[0.169s] Level 5:colcon.colcon_core.verb:set package 'handpose_ros' build argument 'cmake_force_configure' from command line to 'False'
[0.169s] Level 5:colcon.colcon_core.verb:set package 'handpose_ros' build argument 'ament_cmake_args' from command line to 'None'
[0.169s] Level 5:colcon.colcon_core.verb:set package 'handpose_ros' build argument 'catkin_cmake_args' from command line to 'None'
[0.169s] Level 5:colcon.colcon_core.verb:set package 'handpose_ros' build argument 'catkin_skip_building_tests' from command line to 'False'
[0.169s] DEBUG:colcon.colcon_core.verb:Building package 'handpose_ros' with the following arguments: {'ament_cmake_args': None, 'build_base': '/home/daeyun/HandPose/build/handpose_ros', 'catkin_cmake_args': None, 'catkin_skip_building_tests': False, 'cmake_args': None, 'cmake_clean_cache': False, 'cmake_clean_first': False, 'cmake_force_configure': False, 'cmake_target': None, 'cmake_target_skip_unavailable': False, 'install_base': '/home/daeyun/HandPose/install/handpose_ros', 'merge_install': False, 'path': '/home/daeyun/HandPose/src/handpose_ros', 'symlink_install': False, 'test_result_base': None}
[0.169s] INFO:colcon.colcon_core.executor:Executing jobs using 'parallel' executor
[0.169s] DEBUG:colcon.colcon_parallel_executor.executor.parallel:run_until_complete
[0.169s] INFO:colcon.colcon_ros.task.ament_cmake.build:Building ROS package in '/home/daeyun/HandPose/src/handpose_interfaces' with build type 'ament_cmake'
[0.169s] INFO:colcon.colcon_cmake.task.cmake.build:Building CMake package in '/home/daeyun/HandPose/src/handpose_interfaces'
[0.170s] INFO:colcon.colcon_core.plugin_system:Skipping extension 'colcon_core.shell.bat': Not used on non-Windows systems
[0.170s] INFO:colcon.colcon_core.shell:Skip shell extension 'powershell' for command environment: Not usable outside of PowerShell
[0.170s] DEBUG:colcon.colcon_core.shell:Skip shell extension 'dsv' for command environment
[0.175s] DEBUG:colcon.colcon_core.event_handler.log_command:Invoking command in '/home/daeyun/HandPose/build/handpose_interfaces': CMAKE_PREFIX_PATH=/opt/ros/humble /usr/bin/cmake /home/daeyun/HandPose/src/handpose_interfaces -DCMAKE_INSTALL_PREFIX=/home/daeyun/HandPose/install/handpose_interfaces
[1.190s] DEBUG:colcon.colcon_core.event_handler.log_command:Invoked command in '/home/daeyun/HandPose/build/handpose_interfaces' returned '0': CMAKE_PREFIX_PATH=/opt/ros/humble /usr/bin/cmake /home/daeyun/HandPose/src/handpose_interfaces -DCMAKE_INSTALL_PREFIX=/home/daeyun/HandPose/install/handpose_interfaces
[1.191s] DEBUG:colcon.colcon_core.event_handler.log_command:Invoking command in '/home/daeyun/HandPose/build/handpose_interfaces': CMAKE_PREFIX_PATH=/opt/ros/humble /usr/bin/cmake --build /home/daeyun/HandPose/build/handpose_interfaces -- -j24 -l24
[2.479s] DEBUG:colcon.colcon_core.event_handler.log_command:Invoked command in '/home/daeyun/HandPose/build/handpose_interfaces' returned '0': CMAKE_PREFIX_PATH=/opt/ros/humble /usr/bin/cmake --build /home/daeyun/HandPose/build/handpose_interfaces -- -j24 -l24
[2.486s] DEBUG:colcon.colcon_core.event_handler.log_command:Invoking command in '/home/daeyun/HandPose/build/handpose_interfaces': CMAKE_PREFIX_PATH=/opt/ros/humble /usr/bin/cmake --install /home/daeyun/HandPose/build/handpose_interfaces
[2.520s] Level 1:colcon.colcon_core.environment:create_environment_scripts_only(handpose_interfaces)
[2.520s] DEBUG:colcon.colcon_core.event_handler.log_command:Invoked command in '/home/daeyun/HandPose/build/handpose_interfaces' returned '0': CMAKE_PREFIX_PATH=/opt/ros/humble /usr/bin/cmake --install /home/daeyun/HandPose/build/handpose_interfaces
[2.521s] Level 1:colcon.colcon_core.environment:checking '/home/daeyun/HandPose/install/handpose_interfaces' for CMake module files
[2.521s] Level 1:colcon.colcon_core.environment:checking '/home/daeyun/HandPose/install/handpose_interfaces' for CMake config files
[2.522s] Level 1:colcon.colcon_core.shell:create_environment_hook('handpose_interfaces', 'cmake_prefix_path')
[2.522s] INFO:colcon.colcon_core.shell:Creating environment hook '/home/daeyun/HandPose/install/handpose_interfaces/share/handpose_interfaces/hook/cmake_prefix_path.ps1'
[2.522s] INFO:colcon.colcon_core.shell:Creating environment descriptor '/home/daeyun/HandPose/install/handpose_interfaces/share/handpose_interfaces/hook/cmake_prefix_path.dsv'
[2.522s] INFO:colcon.colcon_core.shell:Creating environment hook '/home/daeyun/HandPose/install/handpose_interfaces/share/handpose_interfaces/hook/cmake_prefix_path.sh'
[2.523s] Level 1:colcon.colcon_core.environment:checking '/home/daeyun/HandPose/install/handpose_interfaces/lib'
[2.523s] Level 1:colcon.colcon_core.shell:create_environment_hook('handpose_interfaces', 'ld_library_path_lib')
[2.523s] INFO:colcon.colcon_core.shell:Creating environment hook '/home/daeyun/HandPose/install/handpose_interfaces/share/handpose_interfaces/hook/ld_library_path_lib.ps1'
[2.523s] INFO:colcon.colcon_core.shell:Creating environment descriptor '/home/daeyun/HandPose/install/handpose_interfaces/share/handpose_interfaces/hook/ld_library_path_lib.dsv'
[2.523s] INFO:colcon.colcon_core.shell:Creating environment hook '/home/daeyun/HandPose/install/handpose_interfaces/share/handpose_interfaces/hook/ld_library_path_lib.sh'
[2.523s] Level 1:colcon.colcon_core.environment:checking '/home/daeyun/HandPose/install/handpose_interfaces/bin'
[2.523s] Level 1:colcon.colcon_core.environment:checking '/home/daeyun/HandPose/install/handpose_interfaces/lib/pkgconfig/handpose_interfaces.pc'
[2.523s] Level 1:colcon.colcon_core.environment:checking '/home/daeyun/HandPose/install/handpose_interfaces/lib/python3.10/site-packages'
[2.523s] Level 1:colcon.colcon_core.shell:create_environment_hook('handpose_interfaces', 'pythonpath')
[2.523s] INFO:colcon.colcon_core.shell:Creating environment hook '/home/daeyun/HandPose/install/handpose_interfaces/share/handpose_interfaces/hook/pythonpath.ps1'
[2.524s] INFO:colcon.colcon_core.shell:Creating environment descriptor '/home/daeyun/HandPose/install/handpose_interfaces/share/handpose_interfaces/hook/pythonpath.dsv'
[2.524s] INFO:colcon.colcon_core.shell:Creating environment hook '/home/daeyun/HandPose/install/handpose_interfaces/share/handpose_interfaces/hook/pythonpath.sh'
[2.524s] Level 1:colcon.colcon_core.environment:checking '/home/daeyun/HandPose/install/handpose_interfaces/bin'
[2.524s] INFO:colcon.colcon_core.shell:Creating package script '/home/daeyun/HandPose/install/handpose_interfaces/share/handpose_interfaces/package.ps1'
[2.524s] INFO:colcon.colcon_core.shell:Creating package descriptor '/home/daeyun/HandPose/install/handpose_interfaces/share/handpose_interfaces/package.dsv'
[2.525s] INFO:colcon.colcon_core.shell:Creating package script '/home/daeyun/HandPose/install/handpose_interfaces/share/handpose_interfaces/package.sh'
[2.525s] INFO:colcon.colcon_core.shell:Creating package script '/home/daeyun/HandPose/install/handpose_interfaces/share/handpose_interfaces/package.bash'
[2.525s] INFO:colcon.colcon_core.shell:Creating package script '/home/daeyun/HandPose/install/handpose_interfaces/share/handpose_interfaces/package.zsh'
[2.526s] Level 1:colcon.colcon_core.environment:create_file_with_runtime_dependencies(/home/daeyun/HandPose/install/handpose_interfaces/share/colcon-core/packages/handpose_interfaces)
[2.526s] Level 1:colcon.colcon_core.environment:create_environment_scripts_only(handpose_interfaces)
[2.526s] Level 1:colcon.colcon_core.environment:checking '/home/daeyun/HandPose/install/handpose_interfaces' for CMake module files
[2.526s] Level 1:colcon.colcon_core.environment:checking '/home/daeyun/HandPose/install/handpose_interfaces' for CMake config files
[2.526s] Level 1:colcon.colcon_core.shell:create_environment_hook('handpose_interfaces', 'cmake_prefix_path')
[2.526s] INFO:colcon.colcon_core.shell:Creating environment hook '/home/daeyun/HandPose/install/handpose_interfaces/share/handpose_interfaces/hook/cmake_prefix_path.ps1'
[2.527s] INFO:colcon.colcon_core.shell:Creating environment descriptor '/home/daeyun/HandPose/install/handpose_interfaces/share/handpose_interfaces/hook/cmake_prefix_path.dsv'
[2.527s] INFO:colcon.colcon_core.shell:Creating environment hook '/home/daeyun/HandPose/install/handpose_interfaces/share/handpose_interfaces/hook/cmake_prefix_path.sh'
[2.527s] Level 1:colcon.colcon_core.environment:checking '/home/daeyun/HandPose/install/handpose_interfaces/lib'
[2.527s] Level 1:colcon.colcon_core.shell:create_environment_hook('handpose_interfaces', 'ld_library_path_lib')
[2.527s] INFO:colcon.colcon_core.shell:Creating environment hook '/home/daeyun/HandPose/install/handpose_interfaces/share/handpose_interfaces/hook/ld_library_path_lib.ps1'
[2.527s] INFO:colcon.colcon_core.shell:Creating environment descriptor '/home/daeyun/HandPose/install/handpose_interfaces/share/handpose_interfaces/hook/ld_library_path_lib.dsv'
[2.527s] INFO:colcon.colcon_core.shell:Creating environment hook '/home/daeyun/HandPose/install/handpose_interfaces/share/handpose_interfaces/hook/ld_library_path_lib.sh'
[2.528s] Level 1:colcon.colcon_core.environment:checking '/home/daeyun/HandPose/install/handpose_interfaces/bin'
[2.528s] Level 1:colcon.colcon_core.environment:checking '/home/daeyun/HandPose/install/handpose_interfaces/lib/pkgconfig/handpose_interfaces.pc'
[2.528s] Level 1:colcon.colcon_core.environment:checking '/home/daeyun/HandPose/install/handpose_interfaces/lib/python3.10/site-packages'
[2.528s] Level 1:colcon.colcon_core.shell:create_environment_hook('handpose_interfaces', 'pythonpath')
[2.528s] INFO:colcon.colcon_core.shell:Creating environment hook '/home/daeyun/HandPose/install/handpose_interfaces/share/handpose_interfaces/hook/pythonpath.ps1'
[2.528s] INFO:colcon.colcon_core.shell:Creating environment descriptor '/home/daeyun/HandPose/install/handpose_interfaces/share/handpose_interfaces/hook/pythonpath.dsv'
[2.528s] INFO:colcon.colcon_core.shell:Creating environment hook '/home/daeyun/HandPose/install/handpose_interfaces/share/handpose_interfaces/hook/pythonpath.sh'
[2.528s] Level 1:colcon.colcon_core.environment:checking '/home/daeyun/HandPose/install/handpose_interfaces/bin'
[2.529s] INFO:colcon.colcon_core.shell:Creating package script '/home/daeyun/HandPose/install/handpose_interfaces/share/handpose_interfaces/package.ps1'
[2.529s] INFO:colcon.colcon_core.shell:Creating package descriptor '/home/daeyun/HandPose/install/handpose_interfaces/share/handpose_interfaces/package.dsv'
[2.529s] INFO:colcon.colcon_core.shell:Creating package script '/home/daeyun/HandPose/install/handpose_interfaces/share/handpose_interfaces/package.sh'
[2.529s] INFO:colcon.colcon_core.shell:Creating package script '/home/daeyun/HandPose/install/handpose_interfaces/share/handpose_interfaces/package.bash'
[2.529s] INFO:colcon.colcon_core.shell:Creating package script '/home/daeyun/HandPose/install/handpose_interfaces/share/handpose_interfaces/package.zsh'
[2.530s] Level 1:colcon.colcon_core.environment:create_file_with_runtime_dependencies(/home/daeyun/HandPose/install/handpose_interfaces/share/colcon-core/packages/handpose_interfaces)
[2.530s] INFO:colcon.colcon_ros.task.ament_python.build:Building ROS package in '/home/daeyun/HandPose/src/handpose_ros' with build type 'ament_python'
[2.530s] Level 1:colcon.colcon_core.shell:create_environment_hook('handpose_ros', 'ament_prefix_path')
[2.530s] INFO:colcon.colcon_core.shell:Creating environment hook '/home/daeyun/HandPose/install/handpose_ros/share/handpose_ros/hook/ament_prefix_path.ps1'
[2.530s] INFO:colcon.colcon_core.shell:Creating environment descriptor '/home/daeyun/HandPose/install/handpose_ros/share/handpose_ros/hook/ament_prefix_path.dsv'
[2.530s] INFO:colcon.colcon_core.shell:Creating environment hook '/home/daeyun/HandPose/install/handpose_ros/share/handpose_ros/hook/ament_prefix_path.sh'
[2.531s] INFO:colcon.colcon_core.shell:Skip shell extension 'powershell' for command environment: Not usable outside of PowerShell
[2.531s] DEBUG:colcon.colcon_core.shell:Skip shell extension 'dsv' for command environment
[2.663s] INFO:colcon.colcon_core.task.python.build:Building Python package in '/home/daeyun/HandPose/src/handpose_ros'
[2.663s] INFO:colcon.colcon_core.shell:Skip shell extension 'powershell' for command environment: Not usable outside of PowerShell
[2.663s] DEBUG:colcon.colcon_core.shell:Skip shell extension 'dsv' for command environment
[2.836s] DEBUG:colcon.colcon_core.event_handler.log_command:Invoking command in '/home/daeyun/HandPose/src/handpose_ros': AMENT_PREFIX_PATH=/home/daeyun/HandPose/install/handpose_interfaces:${AMENT_PREFIX_PATH} CMAKE_PREFIX_PATH=/home/daeyun/HandPose/install/handpose_interfaces LD_LIBRARY_PATH=/home/daeyun/HandPose/install/handpose_interfaces/lib:/usr/local/cuda-12.9/lib64:/usr/local/cuda-12.3/lib64:/opt/ros/humble/opt/rviz_ogre_vendor/lib:/opt/ros/humble/lib/x86_64-linux-gnu:/opt/ros/humble/lib PYTHONPATH=/home/daeyun/HandPose/build/handpose_ros/prefix_override:/usr/lib/python3/dist-packages/colcon_core/task/python/colcon_distutils_commands:/home/daeyun/HandPose/install/handpose_ros/lib/python3.10/site-packages:/home/daeyun/HandPose/install/handpose_interfaces/lib/python3.10/site-packages:${PYTHONPATH} /usr/bin/python3 -W ignore:setup.py install is deprecated -W ignore:easy_install command is deprecated setup.py egg_info --egg-base ../../build/handpose_ros build --build-base /home/daeyun/HandPose/build/handpose_ros/build install --record /home/daeyun/HandPose/build/handpose_ros/install.log --single-version-externally-managed install_data
[2.979s] Level 1:colcon.colcon_core.environment:checking '/home/daeyun/HandPose/install/handpose_ros' for CMake module files
[2.979s] DEBUG:colcon.colcon_core.event_handler.log_command:Invoked command in '/home/daeyun/HandPose/src/handpose_ros' returned '0': AMENT_PREFIX_PATH=/home/daeyun/HandPose/install/handpose_interfaces:${AMENT_PREFIX_PATH} CMAKE_PREFIX_PATH=/home/daeyun/HandPose/install/handpose_interfaces LD_LIBRARY_PATH=/home/daeyun/HandPose/install/handpose_interfaces/lib:/usr/local/cuda-12.9/lib64:/usr/local/cuda-12.3/lib64:/opt/ros/humble/opt/rviz_ogre_vendor/lib:/opt/ros/humble/lib/x86_64-linux-gnu:/opt/ros/humble/lib PYTHONPATH=/home/daeyun/HandPose/build/handpose_ros/prefix_override:/usr/lib/python3/dist-packages/colcon_core/task/python/colcon_distutils_commands:/home/daeyun/HandPose/install/handpose_ros/lib/python3.10/site-packages:/home/daeyun/HandPose/install/handpose_interfaces/lib/python3.10/site-packages:${PYTHONPATH} /usr/bin/python3 -W ignore:setup.py install is deprecated -W ignore:easy_install command is deprecated setup.py egg_info --egg-base ../../build/handpose_ros build --build-base /home/daeyun/HandPose/build/handpose_ros/build install --record /home/daeyun/HandPose/build/handpose_ros/install.log --single-version-externally-managed install_data
[2.979s] Level 1:colcon.colcon_core.environment:checking '/home/daeyun/HandPose/install/handpose_ros' for CMake config files
[2.979s] Level 1:colcon.colcon_core.environment:checking '/home/daeyun/HandPose/install/handpose_ros/lib'
[2.979s] Level 1:colcon.colcon_core.environment:checking '/home/daeyun/HandPose/install/handpose_ros/bin'
[2.979s] Level 1:colcon.colcon_core.environment:checking '/home/daeyun/HandPose/install/handpose_ros/lib/pkgconfig/handpose_ros.pc'
[2.980s] Level 1:colcon.colcon_core.environment:checking '/home/daeyun/HandPose/install/handpose_ros/lib/python3.10/site-packages'
[2.980s] Level 1:colcon.colcon_core.shell:create_environment_hook('handpose_ros', 'pythonpath')
[2.980s] INFO:colcon.colcon_core.shell:Creating environment hook '/home/daeyun/HandPose/install/handpose_ros/share/handpose_ros/hook/pythonpath.ps1'
[2.980s] INFO:colcon.colcon_core.shell:Creating environment descriptor '/home/daeyun/HandPose/install/handpose_ros/share/handpose_ros/hook/pythonpath.dsv'
[2.980s] INFO:colcon.colcon_core.shell:Creating environment hook '/home/daeyun/HandPose/install/handpose_ros/share/handpose_ros/hook/pythonpath.sh'
[2.980s] Level 1:colcon.colcon_core.environment:checking '/home/daeyun/HandPose/install/handpose_ros/bin'
[2.980s] Level 1:colcon.colcon_core.environment:create_environment_scripts_only(handpose_ros)
[2.981s] INFO:colcon.colcon_core.shell:Creating package script '/home/daeyun/HandPose/install/handpose_ros/share/handpose_ros/package.ps1'
[2.981s] INFO:colcon.colcon_core.shell:Creating package descriptor '/home/daeyun/HandPose/install/handpose_ros/share/handpose_ros/package.dsv'
[2.981s] INFO:colcon.colcon_core.shell:Creating package script '/home/daeyun/HandPose/install/handpose_ros/share/handpose_ros/package.sh'
[2.981s] INFO:colcon.colcon_core.shell:Creating package script '/home/daeyun/HandPose/install/handpose_ros/share/handpose_ros/package.bash'
[2.981s] INFO:colcon.colcon_core.shell:Creating package script '/home/daeyun/HandPose/install/handpose_ros/share/handpose_ros/package.zsh'
[2.981s] Level 1:colcon.colcon_core.environment:create_file_with_runtime_dependencies(/home/daeyun/HandPose/install/handpose_ros/share/colcon-core/packages/handpose_ros)
[2.981s] DEBUG:colcon.colcon_parallel_executor.executor.parallel:closing loop
[2.982s] DEBUG:colcon.colcon_parallel_executor.executor.parallel:loop closed
[2.982s] DEBUG:colcon.colcon_parallel_executor.executor.parallel:run_until_complete finished with '0'
[2.982s] DEBUG:colcon.colcon_core.event_reactor:joining thread
[2.984s] INFO:colcon.colcon_core.plugin_system:Skipping extension 'colcon_notification.desktop_notification.terminal_notifier': Not used on non-Darwin systems
[2.984s] INFO:colcon.colcon_core.plugin_system:Skipping extension 'colcon_notification.desktop_notification.win32': Not used on non-Windows systems
[2.984s] INFO:colcon.colcon_notification.desktop_notification:Sending desktop notification using 'notify2'
[2.993s] DEBUG:colcon.colcon_core.event_reactor:joined thread
[2.993s] INFO:colcon.colcon_core.shell:Creating prefix script '/home/daeyun/HandPose/install/local_setup.ps1'
[2.994s] INFO:colcon.colcon_core.shell:Creating prefix util module '/home/daeyun/HandPose/install/_local_setup_util_ps1.py'
[2.994s] INFO:colcon.colcon_core.shell:Creating prefix chain script '/home/daeyun/HandPose/install/setup.ps1'
[2.995s] INFO:colcon.colcon_core.shell:Creating prefix script '/home/daeyun/HandPose/install/local_setup.sh'
[2.995s] INFO:colcon.colcon_core.shell:Creating prefix util module '/home/daeyun/HandPose/install/_local_setup_util_sh.py'
[2.995s] INFO:colcon.colcon_core.shell:Creating prefix chain script '/home/daeyun/HandPose/install/setup.sh'
[2.996s] INFO:colcon.colcon_core.shell:Creating prefix script '/home/daeyun/HandPose/install/local_setup.bash'
[2.996s] INFO:colcon.colcon_core.shell:Creating prefix chain script '/home/daeyun/HandPose/install/setup.bash'
[2.996s] INFO:colcon.colcon_core.shell:Creating prefix script '/home/daeyun/HandPose/install/local_setup.zsh'
[2.996s] INFO:colcon.colcon_core.shell:Creating prefix chain script '/home/daeyun/HandPose/install/setup.zsh'
