[0.304s] Invoking command in '/home/daeyun/HandPose/src/handpose_ros': CONDA_PROMPT_MODIFIER=(base) LD_LIBRARY_PATH=/home/daeyun/HandPose/install/handpose_interfaces/lib:/usr/local/cuda-12.9/lib64:/usr/local/cuda-12.3/lib64:/usr/local/cuda-12.9/lib64:/usr/local/cuda-12.3/lib64:/opt/ros/humble/opt/rviz_ogre_vendor/lib:/opt/ros/humble/lib/x86_64-linux-gnu:/opt/ros/humble/lib PYTHONPATH=/home/daeyun/HandPose/build/handpose_ros/prefix_override:/usr/lib/python3/dist-packages/colcon_core/task/python/colcon_distutils_commands:/home/daeyun/HandPose/install/handpose_ros/lib/python3.10/site-packages:/home/daeyun/HandPose/install/handpose_interfaces/lib/python3.10/site-packages:/home/daeyun/HandPose/install/handpose_ros/lib/python3.10/site-packages:/opt/ros/humble/lib/python3.10/site-packages:/opt/ros/humble/local/lib/python3.10/dist-packages /usr/bin/python3 -W ignore:setup.py install is deprecated -W ignore:easy_install command is deprecated setup.py egg_info --egg-base ../../build/handpose_ros build --build-base /home/daeyun/HandPose/build/handpose_ros/build install --record /home/daeyun/HandPose/build/handpose_ros/install.log --single-version-externally-managed install_data
[0.417s] running egg_info
[0.417s] writing ../../build/handpose_ros/handpose_ros.egg-info/PKG-INFO
[0.417s] writing dependency_links to ../../build/handpose_ros/handpose_ros.egg-info/dependency_links.txt
[0.417s] writing entry points to ../../build/handpose_ros/handpose_ros.egg-info/entry_points.txt
[0.417s] writing requirements to ../../build/handpose_ros/handpose_ros.egg-info/requires.txt
[0.417s] writing top-level names to ../../build/handpose_ros/handpose_ros.egg-info/top_level.txt
[0.418s] reading manifest file '../../build/handpose_ros/handpose_ros.egg-info/SOURCES.txt'
[0.418s] adding license file 'LICENSE'
[0.419s] writing manifest file '../../build/handpose_ros/handpose_ros.egg-info/SOURCES.txt'
[0.419s] running build
[0.419s] running build_py
[0.419s] copying handpose_ros/handpose_tf_broadcaster.py -> /home/daeyun/HandPose/build/handpose_ros/build/lib/handpose_ros
[0.419s] running install
[0.419s] running install_lib
[0.419s] copying /home/daeyun/HandPose/build/handpose_ros/build/lib/handpose_ros/handpose_tf_broadcaster.py -> /home/daeyun/HandPose/install/handpose_ros/lib/python3.10/site-packages/handpose_ros
[0.419s] byte-compiling /home/daeyun/HandPose/install/handpose_ros/lib/python3.10/site-packages/handpose_ros/handpose_tf_broadcaster.py to handpose_tf_broadcaster.cpython-310.pyc
[0.421s] running install_data
[0.421s] copying launch/handpose_launch.py -> /home/daeyun/HandPose/install/handpose_ros/share/handpose_ros/launch
[0.421s] running install_egg_info
[0.422s] removing '/home/daeyun/HandPose/install/handpose_ros/lib/python3.10/site-packages/handpose_ros-0.0.0-py3.10.egg-info' (and everything under it)
[0.422s] Copying ../../build/handpose_ros/handpose_ros.egg-info to /home/daeyun/HandPose/install/handpose_ros/lib/python3.10/site-packages/handpose_ros-0.0.0-py3.10.egg-info
[0.422s] running install_scripts
[0.432s] Installing handpose_tf_broadcaster script to /home/daeyun/HandPose/install/handpose_ros/lib/handpose_ros
[0.433s] Installing mediapipe_hands_node script to /home/daeyun/HandPose/install/handpose_ros/lib/handpose_ros
[0.433s] writing list of installed files to '/home/daeyun/HandPose/build/handpose_ros/install.log'
[0.445s] Invoked command in '/home/daeyun/HandPose/src/handpose_ros' returned '0': CONDA_PROMPT_MODIFIER=(base) LD_LIBRARY_PATH=/home/daeyun/HandPose/install/handpose_interfaces/lib:/usr/local/cuda-12.9/lib64:/usr/local/cuda-12.3/lib64:/usr/local/cuda-12.9/lib64:/usr/local/cuda-12.3/lib64:/opt/ros/humble/opt/rviz_ogre_vendor/lib:/opt/ros/humble/lib/x86_64-linux-gnu:/opt/ros/humble/lib PYTHONPATH=/home/daeyun/HandPose/build/handpose_ros/prefix_override:/usr/lib/python3/dist-packages/colcon_core/task/python/colcon_distutils_commands:/home/daeyun/HandPose/install/handpose_ros/lib/python3.10/site-packages:/home/daeyun/HandPose/install/handpose_interfaces/lib/python3.10/site-packages:/home/daeyun/HandPose/install/handpose_ros/lib/python3.10/site-packages:/opt/ros/humble/lib/python3.10/site-packages:/opt/ros/humble/local/lib/python3.10/dist-packages /usr/bin/python3 -W ignore:setup.py install is deprecated -W ignore:easy_install command is deprecated setup.py egg_info --egg-base ../../build/handpose_ros build --build-base /home/daeyun/HandPose/build/handpose_ros/build install --record /home/daeyun/HandPose/build/handpose_ros/install.log --single-version-externally-managed install_data
