-- The C compiler identification is GNU 11.4.0
-- The CXX compiler identification is GNU 11.4.0
-- Detecting C compiler ABI info
-- Detecting C compiler ABI info - done
-- Check for working C compiler: /usr/bin/cc - skipped
-- Detecting C compile features
-- Detecting C compile features - done
-- Detecting CXX compiler ABI info
-- Detecting CXX compiler ABI info - done
-- Check for working CXX compiler: /usr/bin/c++ - skipped
-- Detecting CXX compile features
-- Detecting CXX compile features - done
-- Found ament_cmake: 1.3.11 (/opt/ros/humble/share/ament_cmake/cmake)
-- Found Python3: /home/daeyun/colcon_venv/HandPose/bin/python3 (found version "3.10.12") found components: Interpreter 
-- Found std_msgs: 4.2.4 (/opt/ros/humble/share/std_msgs/cmake)
-- Found rosidl_generator_c: 3.1.6 (/opt/ros/humble/share/rosidl_generator_c/cmake)
-- Found rosidl_adapter: 3.1.6 (/opt/ros/humble/share/rosidl_adapter/cmake)
-- Found rosidl_generator_cpp: 3.1.6 (/opt/ros/humble/share/rosidl_generator_cpp/cmake)
-- Using all available rosidl_typesupport_c: rosidl_typesupport_fastrtps_c;rosidl_typesupport_introspection_c
-- Using all available rosidl_typesupport_cpp: rosidl_typesupport_fastrtps_cpp;rosidl_typesupport_introspection_cpp
-- Found geometry_msgs: 4.2.4 (/opt/ros/humble/share/geometry_msgs/cmake)
-- Found rosidl_default_generators: 1.2.0 (/opt/ros/humble/share/rosidl_default_generators/cmake)
-- Found ament_cmake_ros: 0.10.0 (/opt/ros/humble/share/ament_cmake_ros/cmake)
-- Using all available rosidl_typesupport_c: rosidl_typesupport_fastrtps_c;rosidl_typesupport_introspection_c
-- Using all available rosidl_typesupport_cpp: rosidl_typesupport_fastrtps_cpp;rosidl_typesupport_introspection_cpp
-- Found PythonInterp: /home/daeyun/colcon_venv/HandPose/bin/python3 (found suitable version "3.10.12", minimum required is "3.6") 
-- Found python_cmake_module: 0.10.0 (/opt/ros/humble/share/python_cmake_module/cmake)
-- Found PythonLibs: /usr/lib/x86_64-linux-gnu/libpython3.10.so (found suitable version "3.10.12", minimum required is "3.5") 
-- Using PYTHON_EXECUTABLE: /home/daeyun/colcon_venv/HandPose/bin/python3
-- Using PYTHON_INCLUDE_DIRS: /usr/include/python3.10
-- Using PYTHON_LIBRARIES: /usr/lib/x86_64-linux-gnu/libpython3.10.so
-- Found PythonExtra: .so  
-- Found ament_lint_auto: 0.12.11 (/opt/ros/humble/share/ament_lint_auto/cmake)
-- Added test 'lint_cmake' to check CMake code style
-- Added test 'xmllint' to check XML markup files
-- Configuring done
-- Generating done
-- Build files have been written to: /home/daeyun/HandPose/build/handpose_interfaces
[  2%] [34m[1mGenerating C code for ROS interfaces[0m
[  5%] [34m[1mGenerating C++ code for ROS interfaces[0m
[  5%] Built target ament_cmake_python_copy_handpose_interfaces
running egg_info
creating handpose_interfaces.egg-info
writing handpose_interfaces.egg-info/PKG-INFO
writing dependency_links to handpose_interfaces.egg-info/dependency_links.txt
writing top-level names to handpose_interfaces.egg-info/top_level.txt
writing manifest file 'handpose_interfaces.egg-info/SOURCES.txt'
reading manifest file 'handpose_interfaces.egg-info/SOURCES.txt'
writing manifest file 'handpose_interfaces.egg-info/SOURCES.txt'
[  5%] Built target ament_cmake_python_build_handpose_interfaces_egg
[  7%] [32mBuilding C object CMakeFiles/handpose_interfaces__rosidl_generator_c.dir/rosidl_generator_c/handpose_interfaces/msg/detail/hands__functions.c.o[0m
[ 10%] [32mBuilding C object CMakeFiles/handpose_interfaces__rosidl_generator_c.dir/rosidl_generator_c/handpose_interfaces/msg/detail/hand_landmarks__functions.c.o[0m
[ 10%] Built target handpose_interfaces__cpp
[ 12%] [34m[1mGenerating C++ type support for eProsima Fast-RTPS[0m
[ 15%] [34m[1mGenerating C++ type support dispatch for ROS interfaces[0m
[ 17%] [34m[1mGenerating C++ introspection for ROS interfaces[0m
[ 20%] [32m[1mLinking C shared library libhandpose_interfaces__rosidl_generator_c.so[0m
[ 20%] Built target handpose_interfaces__rosidl_generator_c
[ 28%] [34m[1mGenerating C type support for eProsima Fast-RTPS[0m
[ 28%] [34m[1mGenerating C introspection for ROS interfaces[0m
[ 28%] [34m[1mGenerating C type support dispatch for ROS interfaces[0m
[ 30%] [32mBuilding CXX object CMakeFiles/handpose_interfaces__rosidl_typesupport_cpp.dir/rosidl_typesupport_cpp/handpose_interfaces/msg/hands__type_support.cpp.o[0m
[ 33%] [32mBuilding CXX object CMakeFiles/handpose_interfaces__rosidl_typesupport_cpp.dir/rosidl_typesupport_cpp/handpose_interfaces/msg/hand_landmarks__type_support.cpp.o[0m
[ 38%] [32mBuilding CXX object CMakeFiles/handpose_interfaces__rosidl_typesupport_introspection_cpp.dir/rosidl_typesupport_introspection_cpp/handpose_interfaces/msg/detail/hands__type_support.cpp.o[0m
[ 38%] [32mBuilding CXX object CMakeFiles/handpose_interfaces__rosidl_typesupport_introspection_cpp.dir/rosidl_typesupport_introspection_cpp/handpose_interfaces/msg/detail/hand_landmarks__type_support.cpp.o[0m
[ 43%] [32mBuilding CXX object CMakeFiles/handpose_interfaces__rosidl_typesupport_fastrtps_cpp.dir/rosidl_typesupport_fastrtps_cpp/handpose_interfaces/msg/detail/dds_fastrtps/hand_landmarks__type_support.cpp.o[0m
[ 43%] [32mBuilding CXX object CMakeFiles/handpose_interfaces__rosidl_typesupport_fastrtps_cpp.dir/rosidl_typesupport_fastrtps_cpp/handpose_interfaces/msg/detail/dds_fastrtps/hands__type_support.cpp.o[0m
[ 46%] [32mBuilding CXX object CMakeFiles/handpose_interfaces__rosidl_typesupport_c.dir/rosidl_typesupport_c/handpose_interfaces/msg/hands__type_support.cpp.o[0m
[ 48%] [32mBuilding CXX object CMakeFiles/handpose_interfaces__rosidl_typesupport_c.dir/rosidl_typesupport_c/handpose_interfaces/msg/hand_landmarks__type_support.cpp.o[0m
[ 51%] [32mBuilding C object CMakeFiles/handpose_interfaces__rosidl_typesupport_introspection_c.dir/rosidl_typesupport_introspection_c/handpose_interfaces/msg/detail/hand_landmarks__type_support.c.o[0m
[ 53%] [32mBuilding CXX object CMakeFiles/handpose_interfaces__rosidl_typesupport_fastrtps_c.dir/rosidl_typesupport_fastrtps_c/handpose_interfaces/msg/detail/hand_landmarks__type_support_c.cpp.o[0m
[ 56%] [32mBuilding C object CMakeFiles/handpose_interfaces__rosidl_typesupport_introspection_c.dir/rosidl_typesupport_introspection_c/handpose_interfaces/msg/detail/hands__type_support.c.o[0m
[ 58%] [32mBuilding CXX object CMakeFiles/handpose_interfaces__rosidl_typesupport_fastrtps_c.dir/rosidl_typesupport_fastrtps_c/handpose_interfaces/msg/detail/hands__type_support_c.cpp.o[0m
[ 61%] [32m[1mLinking CXX shared library libhandpose_interfaces__rosidl_typesupport_c.so[0m
[ 64%] [32m[1mLinking C shared library libhandpose_interfaces__rosidl_typesupport_introspection_c.so[0m
[ 64%] Built target handpose_interfaces__rosidl_typesupport_c
[ 66%] [32m[1mLinking CXX shared library libhandpose_interfaces__rosidl_typesupport_cpp.so[0m
[ 66%] Built target handpose_interfaces__rosidl_typesupport_introspection_c
[ 66%] Built target handpose_interfaces__rosidl_typesupport_cpp
[ 69%] [32m[1mLinking CXX shared library libhandpose_interfaces__rosidl_typesupport_fastrtps_cpp.so[0m
[ 71%] [32m[1mLinking CXX shared library libhandpose_interfaces__rosidl_typesupport_fastrtps_c.so[0m
[ 74%] [32m[1mLinking CXX shared library libhandpose_interfaces__rosidl_typesupport_introspection_cpp.so[0m
[ 74%] Built target handpose_interfaces__rosidl_typesupport_fastrtps_cpp
[ 74%] Built target handpose_interfaces__rosidl_typesupport_fastrtps_c
[ 74%] Built target handpose_interfaces__rosidl_typesupport_introspection_cpp
[ 74%] Built target handpose_interfaces
[ 76%] [34m[1mGenerating Python code for ROS interfaces[0m
[ 76%] Built target handpose_interfaces__py
[ 79%] [32mBuilding C object CMakeFiles/handpose_interfaces__rosidl_generator_py.dir/rosidl_generator_py/handpose_interfaces/msg/_hand_landmarks_s.c.o[0m
[ 82%] [32mBuilding C object CMakeFiles/handpose_interfaces__rosidl_generator_py.dir/rosidl_generator_py/handpose_interfaces/msg/_hands_s.c.o[0m
[ 84%] [32m[1mLinking C shared library rosidl_generator_py/handpose_interfaces/libhandpose_interfaces__rosidl_generator_py.so[0m
[ 84%] Built target handpose_interfaces__rosidl_generator_py
[ 87%] [32mBuilding C object CMakeFiles/handpose_interfaces__rosidl_typesupport_fastrtps_c__pyext.dir/rosidl_generator_py/handpose_interfaces/_handpose_interfaces_s.ep.rosidl_typesupport_fastrtps_c.c.o[0m
[ 89%] [32mBuilding C object CMakeFiles/handpose_interfaces__rosidl_typesupport_c__pyext.dir/rosidl_generator_py/handpose_interfaces/_handpose_interfaces_s.ep.rosidl_typesupport_c.c.o[0m
[ 92%] [32mBuilding C object CMakeFiles/handpose_interfaces__rosidl_typesupport_introspection_c__pyext.dir/rosidl_generator_py/handpose_interfaces/_handpose_interfaces_s.ep.rosidl_typesupport_introspection_c.c.o[0m
[ 94%] [32m[1mLinking C shared library rosidl_generator_py/handpose_interfaces/handpose_interfaces_s__rosidl_typesupport_introspection_c.cpython-310-x86_64-linux-gnu.so[0m
[ 97%] [32m[1mLinking C shared library rosidl_generator_py/handpose_interfaces/handpose_interfaces_s__rosidl_typesupport_c.cpython-310-x86_64-linux-gnu.so[0m
[100%] [32m[1mLinking C shared library rosidl_generator_py/handpose_interfaces/handpose_interfaces_s__rosidl_typesupport_fastrtps_c.cpython-310-x86_64-linux-gnu.so[0m
[100%] Built target handpose_interfaces__rosidl_typesupport_introspection_c__pyext
[100%] Built target handpose_interfaces__rosidl_typesupport_c__pyext
[100%] Built target handpose_interfaces__rosidl_typesupport_fastrtps_c__pyext
-- Install configuration: ""
-- Installing: /home/daeyun/HandPose/install/handpose_interfaces/share/ament_index/resource_index/rosidl_interfaces/handpose_interfaces
-- Installing: /home/daeyun/HandPose/install/handpose_interfaces/include/handpose_interfaces/handpose_interfaces
-- Installing: /home/daeyun/HandPose/install/handpose_interfaces/include/handpose_interfaces/handpose_interfaces/msg
-- Installing: /home/daeyun/HandPose/install/handpose_interfaces/include/handpose_interfaces/handpose_interfaces/msg/hand_landmarks.h
-- Installing: /home/daeyun/HandPose/install/handpose_interfaces/include/handpose_interfaces/handpose_interfaces/msg/detail
-- Installing: /home/daeyun/HandPose/install/handpose_interfaces/include/handpose_interfaces/handpose_interfaces/msg/detail/hands__type_support.h
-- Installing: /home/daeyun/HandPose/install/handpose_interfaces/include/handpose_interfaces/handpose_interfaces/msg/detail/hand_landmarks__struct.h
-- Installing: /home/daeyun/HandPose/install/handpose_interfaces/include/handpose_interfaces/handpose_interfaces/msg/detail/hand_landmarks__functions.h
-- Installing: /home/daeyun/HandPose/install/handpose_interfaces/include/handpose_interfaces/handpose_interfaces/msg/detail/hand_landmarks__type_support.h
-- Installing: /home/daeyun/HandPose/install/handpose_interfaces/include/handpose_interfaces/handpose_interfaces/msg/detail/hands__functions.c
-- Installing: /home/daeyun/HandPose/install/handpose_interfaces/include/handpose_interfaces/handpose_interfaces/msg/detail/hand_landmarks__functions.c
-- Installing: /home/daeyun/HandPose/install/handpose_interfaces/include/handpose_interfaces/handpose_interfaces/msg/detail/hands__struct.h
-- Installing: /home/daeyun/HandPose/install/handpose_interfaces/include/handpose_interfaces/handpose_interfaces/msg/detail/hands__functions.h
-- Installing: /home/daeyun/HandPose/install/handpose_interfaces/include/handpose_interfaces/handpose_interfaces/msg/hands.h
-- Installing: /home/daeyun/HandPose/install/handpose_interfaces/include/handpose_interfaces/handpose_interfaces/msg/rosidl_generator_c__visibility_control.h
-- Installing: /home/daeyun/HandPose/install/handpose_interfaces/share/handpose_interfaces/environment/library_path.sh
-- Installing: /home/daeyun/HandPose/install/handpose_interfaces/share/handpose_interfaces/environment/library_path.dsv
-- Installing: /home/daeyun/HandPose/install/handpose_interfaces/lib/libhandpose_interfaces__rosidl_generator_c.so
-- Set runtime path of "/home/daeyun/HandPose/install/handpose_interfaces/lib/libhandpose_interfaces__rosidl_generator_c.so" to ""
-- Up-to-date: /home/daeyun/HandPose/install/handpose_interfaces/include/handpose_interfaces/handpose_interfaces
-- Up-to-date: /home/daeyun/HandPose/install/handpose_interfaces/include/handpose_interfaces/handpose_interfaces/msg
-- Installing: /home/daeyun/HandPose/install/handpose_interfaces/include/handpose_interfaces/handpose_interfaces/msg/rosidl_typesupport_fastrtps_c__visibility_control.h
-- Up-to-date: /home/daeyun/HandPose/install/handpose_interfaces/include/handpose_interfaces/handpose_interfaces/msg/detail
-- Installing: /home/daeyun/HandPose/install/handpose_interfaces/include/handpose_interfaces/handpose_interfaces/msg/detail/hand_landmarks__rosidl_typesupport_fastrtps_c.h
-- Installing: /home/daeyun/HandPose/install/handpose_interfaces/include/handpose_interfaces/handpose_interfaces/msg/detail/hands__rosidl_typesupport_fastrtps_c.h
-- Installing: /home/daeyun/HandPose/install/handpose_interfaces/lib/libhandpose_interfaces__rosidl_typesupport_fastrtps_c.so
-- Set runtime path of "/home/daeyun/HandPose/install/handpose_interfaces/lib/libhandpose_interfaces__rosidl_typesupport_fastrtps_c.so" to ""
-- Up-to-date: /home/daeyun/HandPose/install/handpose_interfaces/include/handpose_interfaces/handpose_interfaces
-- Up-to-date: /home/daeyun/HandPose/install/handpose_interfaces/include/handpose_interfaces/handpose_interfaces/msg
-- Installing: /home/daeyun/HandPose/install/handpose_interfaces/include/handpose_interfaces/handpose_interfaces/msg/rosidl_generator_cpp__visibility_control.hpp
-- Installing: /home/daeyun/HandPose/install/handpose_interfaces/include/handpose_interfaces/handpose_interfaces/msg/hands.hpp
-- Up-to-date: /home/daeyun/HandPose/install/handpose_interfaces/include/handpose_interfaces/handpose_interfaces/msg/detail
-- Installing: /home/daeyun/HandPose/install/handpose_interfaces/include/handpose_interfaces/handpose_interfaces/msg/detail/hands__builder.hpp
-- Installing: /home/daeyun/HandPose/install/handpose_interfaces/include/handpose_interfaces/handpose_interfaces/msg/detail/hands__type_support.hpp
-- Installing: /home/daeyun/HandPose/install/handpose_interfaces/include/handpose_interfaces/handpose_interfaces/msg/detail/hand_landmarks__type_support.hpp
-- Installing: /home/daeyun/HandPose/install/handpose_interfaces/include/handpose_interfaces/handpose_interfaces/msg/detail/hand_landmarks__struct.hpp
-- Installing: /home/daeyun/HandPose/install/handpose_interfaces/include/handpose_interfaces/handpose_interfaces/msg/detail/hands__struct.hpp
-- Installing: /home/daeyun/HandPose/install/handpose_interfaces/include/handpose_interfaces/handpose_interfaces/msg/detail/hand_landmarks__builder.hpp
-- Installing: /home/daeyun/HandPose/install/handpose_interfaces/include/handpose_interfaces/handpose_interfaces/msg/detail/hands__traits.hpp
-- Installing: /home/daeyun/HandPose/install/handpose_interfaces/include/handpose_interfaces/handpose_interfaces/msg/detail/hand_landmarks__traits.hpp
-- Installing: /home/daeyun/HandPose/install/handpose_interfaces/include/handpose_interfaces/handpose_interfaces/msg/hand_landmarks.hpp
-- Up-to-date: /home/daeyun/HandPose/install/handpose_interfaces/include/handpose_interfaces/handpose_interfaces
-- Up-to-date: /home/daeyun/HandPose/install/handpose_interfaces/include/handpose_interfaces/handpose_interfaces/msg
-- Up-to-date: /home/daeyun/HandPose/install/handpose_interfaces/include/handpose_interfaces/handpose_interfaces/msg/detail
-- Installing: /home/daeyun/HandPose/install/handpose_interfaces/include/handpose_interfaces/handpose_interfaces/msg/detail/hand_landmarks__rosidl_typesupport_fastrtps_cpp.hpp
-- Installing: /home/daeyun/HandPose/install/handpose_interfaces/include/handpose_interfaces/handpose_interfaces/msg/detail/hands__rosidl_typesupport_fastrtps_cpp.hpp
-- Installing: /home/daeyun/HandPose/install/handpose_interfaces/include/handpose_interfaces/handpose_interfaces/msg/detail/dds_fastrtps
-- Installing: /home/daeyun/HandPose/install/handpose_interfaces/include/handpose_interfaces/handpose_interfaces/msg/rosidl_typesupport_fastrtps_cpp__visibility_control.h
-- Installing: /home/daeyun/HandPose/install/handpose_interfaces/lib/libhandpose_interfaces__rosidl_typesupport_fastrtps_cpp.so
-- Set runtime path of "/home/daeyun/HandPose/install/handpose_interfaces/lib/libhandpose_interfaces__rosidl_typesupport_fastrtps_cpp.so" to ""
-- Up-to-date: /home/daeyun/HandPose/install/handpose_interfaces/include/handpose_interfaces/handpose_interfaces
-- Up-to-date: /home/daeyun/HandPose/install/handpose_interfaces/include/handpose_interfaces/handpose_interfaces/msg
-- Up-to-date: /home/daeyun/HandPose/install/handpose_interfaces/include/handpose_interfaces/handpose_interfaces/msg/detail
-- Installing: /home/daeyun/HandPose/install/handpose_interfaces/include/handpose_interfaces/handpose_interfaces/msg/detail/hands__rosidl_typesupport_introspection_c.h
-- Installing: /home/daeyun/HandPose/install/handpose_interfaces/include/handpose_interfaces/handpose_interfaces/msg/detail/hand_landmarks__rosidl_typesupport_introspection_c.h
-- Installing: /home/daeyun/HandPose/install/handpose_interfaces/include/handpose_interfaces/handpose_interfaces/msg/detail/hand_landmarks__type_support.c
-- Installing: /home/daeyun/HandPose/install/handpose_interfaces/include/handpose_interfaces/handpose_interfaces/msg/detail/hands__type_support.c
-- Installing: /home/daeyun/HandPose/install/handpose_interfaces/include/handpose_interfaces/handpose_interfaces/msg/rosidl_typesupport_introspection_c__visibility_control.h
-- Installing: /home/daeyun/HandPose/install/handpose_interfaces/lib/libhandpose_interfaces__rosidl_typesupport_introspection_c.so
-- Set runtime path of "/home/daeyun/HandPose/install/handpose_interfaces/lib/libhandpose_interfaces__rosidl_typesupport_introspection_c.so" to ""
-- Installing: /home/daeyun/HandPose/install/handpose_interfaces/lib/libhandpose_interfaces__rosidl_typesupport_c.so
-- Set runtime path of "/home/daeyun/HandPose/install/handpose_interfaces/lib/libhandpose_interfaces__rosidl_typesupport_c.so" to ""
-- Up-to-date: /home/daeyun/HandPose/install/handpose_interfaces/include/handpose_interfaces/handpose_interfaces
-- Up-to-date: /home/daeyun/HandPose/install/handpose_interfaces/include/handpose_interfaces/handpose_interfaces/msg
-- Up-to-date: /home/daeyun/HandPose/install/handpose_interfaces/include/handpose_interfaces/handpose_interfaces/msg/detail
-- Installing: /home/daeyun/HandPose/install/handpose_interfaces/include/handpose_interfaces/handpose_interfaces/msg/detail/hands__type_support.cpp
-- Installing: /home/daeyun/HandPose/install/handpose_interfaces/include/handpose_interfaces/handpose_interfaces/msg/detail/hands__rosidl_typesupport_introspection_cpp.hpp
-- Installing: /home/daeyun/HandPose/install/handpose_interfaces/include/handpose_interfaces/handpose_interfaces/msg/detail/hand_landmarks__type_support.cpp
-- Installing: /home/daeyun/HandPose/install/handpose_interfaces/include/handpose_interfaces/handpose_interfaces/msg/detail/hand_landmarks__rosidl_typesupport_introspection_cpp.hpp
-- Installing: /home/daeyun/HandPose/install/handpose_interfaces/lib/libhandpose_interfaces__rosidl_typesupport_introspection_cpp.so
-- Set runtime path of "/home/daeyun/HandPose/install/handpose_interfaces/lib/libhandpose_interfaces__rosidl_typesupport_introspection_cpp.so" to ""
-- Installing: /home/daeyun/HandPose/install/handpose_interfaces/lib/libhandpose_interfaces__rosidl_typesupport_cpp.so
-- Set runtime path of "/home/daeyun/HandPose/install/handpose_interfaces/lib/libhandpose_interfaces__rosidl_typesupport_cpp.so" to ""
-- Installing: /home/daeyun/HandPose/install/handpose_interfaces/share/handpose_interfaces/environment/pythonpath.sh
-- Installing: /home/daeyun/HandPose/install/handpose_interfaces/share/handpose_interfaces/environment/pythonpath.dsv
-- Installing: /home/daeyun/HandPose/install/handpose_interfaces/lib/python3.10/site-packages/handpose_interfaces-0.0.0-py3.10.egg-info
-- Installing: /home/daeyun/HandPose/install/handpose_interfaces/lib/python3.10/site-packages/handpose_interfaces-0.0.0-py3.10.egg-info/SOURCES.txt
-- Installing: /home/daeyun/HandPose/install/handpose_interfaces/lib/python3.10/site-packages/handpose_interfaces-0.0.0-py3.10.egg-info/top_level.txt
-- Installing: /home/daeyun/HandPose/install/handpose_interfaces/lib/python3.10/site-packages/handpose_interfaces-0.0.0-py3.10.egg-info/dependency_links.txt
-- Installing: /home/daeyun/HandPose/install/handpose_interfaces/lib/python3.10/site-packages/handpose_interfaces-0.0.0-py3.10.egg-info/PKG-INFO
-- Installing: /home/daeyun/HandPose/install/handpose_interfaces/lib/python3.10/site-packages/handpose_interfaces
-- Installing: /home/daeyun/HandPose/install/handpose_interfaces/lib/python3.10/site-packages/handpose_interfaces/handpose_interfaces_s__rosidl_typesupport_introspection_c.cpython-310-x86_64-linux-gnu.so
-- Installing: /home/daeyun/HandPose/install/handpose_interfaces/lib/python3.10/site-packages/handpose_interfaces/_handpose_interfaces_s.ep.rosidl_typesupport_introspection_c.c
-- Installing: /home/daeyun/HandPose/install/handpose_interfaces/lib/python3.10/site-packages/handpose_interfaces/_handpose_interfaces_s.ep.rosidl_typesupport_c.c
-- Installing: /home/daeyun/HandPose/install/handpose_interfaces/lib/python3.10/site-packages/handpose_interfaces/_handpose_interfaces_s.ep.rosidl_typesupport_fastrtps_c.c
-- Installing: /home/daeyun/HandPose/install/handpose_interfaces/lib/python3.10/site-packages/handpose_interfaces/handpose_interfaces_s__rosidl_typesupport_fastrtps_c.cpython-310-x86_64-linux-gnu.so
-- Installing: /home/daeyun/HandPose/install/handpose_interfaces/lib/python3.10/site-packages/handpose_interfaces/msg
-- Installing: /home/daeyun/HandPose/install/handpose_interfaces/lib/python3.10/site-packages/handpose_interfaces/msg/_hands.py
-- Installing: /home/daeyun/HandPose/install/handpose_interfaces/lib/python3.10/site-packages/handpose_interfaces/msg/_hands_s.c
-- Installing: /home/daeyun/HandPose/install/handpose_interfaces/lib/python3.10/site-packages/handpose_interfaces/msg/_hand_landmarks_s.c
-- Installing: /home/daeyun/HandPose/install/handpose_interfaces/lib/python3.10/site-packages/handpose_interfaces/msg/__init__.py
-- Installing: /home/daeyun/HandPose/install/handpose_interfaces/lib/python3.10/site-packages/handpose_interfaces/msg/_hand_landmarks.py
-- Installing: /home/daeyun/HandPose/install/handpose_interfaces/lib/python3.10/site-packages/handpose_interfaces/__init__.py
-- Installing: /home/daeyun/HandPose/install/handpose_interfaces/lib/python3.10/site-packages/handpose_interfaces/handpose_interfaces_s__rosidl_typesupport_c.cpython-310-x86_64-linux-gnu.so
-- Installing: /home/daeyun/HandPose/install/handpose_interfaces/lib/python3.10/site-packages/handpose_interfaces/libhandpose_interfaces__rosidl_generator_py.so
Listing '/home/daeyun/HandPose/install/handpose_interfaces/lib/python3.10/site-packages/handpose_interfaces'...
Compiling '/home/daeyun/HandPose/install/handpose_interfaces/lib/python3.10/site-packages/handpose_interfaces/__init__.py'...
Listing '/home/daeyun/HandPose/install/handpose_interfaces/lib/python3.10/site-packages/handpose_interfaces/msg'...
Compiling '/home/daeyun/HandPose/install/handpose_interfaces/lib/python3.10/site-packages/handpose_interfaces/msg/__init__.py'...
Compiling '/home/daeyun/HandPose/install/handpose_interfaces/lib/python3.10/site-packages/handpose_interfaces/msg/_hand_landmarks.py'...
Compiling '/home/daeyun/HandPose/install/handpose_interfaces/lib/python3.10/site-packages/handpose_interfaces/msg/_hands.py'...
-- Installing: /home/daeyun/HandPose/install/handpose_interfaces/lib/python3.10/site-packages/handpose_interfaces/handpose_interfaces_s__rosidl_typesupport_fastrtps_c.cpython-310-x86_64-linux-gnu.so
-- Set runtime path of "/home/daeyun/HandPose/install/handpose_interfaces/lib/python3.10/site-packages/handpose_interfaces/handpose_interfaces_s__rosidl_typesupport_fastrtps_c.cpython-310-x86_64-linux-gnu.so" to ""
-- Installing: /home/daeyun/HandPose/install/handpose_interfaces/lib/python3.10/site-packages/handpose_interfaces/handpose_interfaces_s__rosidl_typesupport_introspection_c.cpython-310-x86_64-linux-gnu.so
-- Set runtime path of "/home/daeyun/HandPose/install/handpose_interfaces/lib/python3.10/site-packages/handpose_interfaces/handpose_interfaces_s__rosidl_typesupport_introspection_c.cpython-310-x86_64-linux-gnu.so" to ""
-- Installing: /home/daeyun/HandPose/install/handpose_interfaces/lib/python3.10/site-packages/handpose_interfaces/handpose_interfaces_s__rosidl_typesupport_c.cpython-310-x86_64-linux-gnu.so
-- Set runtime path of "/home/daeyun/HandPose/install/handpose_interfaces/lib/python3.10/site-packages/handpose_interfaces/handpose_interfaces_s__rosidl_typesupport_c.cpython-310-x86_64-linux-gnu.so" to ""
-- Installing: /home/daeyun/HandPose/install/handpose_interfaces/lib/libhandpose_interfaces__rosidl_generator_py.so
-- Set runtime path of "/home/daeyun/HandPose/install/handpose_interfaces/lib/libhandpose_interfaces__rosidl_generator_py.so" to ""
-- Installing: /home/daeyun/HandPose/install/handpose_interfaces/share/handpose_interfaces/msg/HandLandmarks.idl
-- Installing: /home/daeyun/HandPose/install/handpose_interfaces/share/handpose_interfaces/msg/Hands.idl
-- Installing: /home/daeyun/HandPose/install/handpose_interfaces/share/handpose_interfaces/msg/HandLandmarks.msg
-- Installing: /home/daeyun/HandPose/install/handpose_interfaces/share/handpose_interfaces/msg/Hands.msg
-- Installing: /home/daeyun/HandPose/install/handpose_interfaces/share/ament_index/resource_index/package_run_dependencies/handpose_interfaces
-- Installing: /home/daeyun/HandPose/install/handpose_interfaces/share/ament_index/resource_index/parent_prefix_path/handpose_interfaces
-- Installing: /home/daeyun/HandPose/install/handpose_interfaces/share/handpose_interfaces/environment/ament_prefix_path.sh
-- Installing: /home/daeyun/HandPose/install/handpose_interfaces/share/handpose_interfaces/environment/ament_prefix_path.dsv
-- Installing: /home/daeyun/HandPose/install/handpose_interfaces/share/handpose_interfaces/environment/path.sh
-- Installing: /home/daeyun/HandPose/install/handpose_interfaces/share/handpose_interfaces/environment/path.dsv
-- Installing: /home/daeyun/HandPose/install/handpose_interfaces/share/handpose_interfaces/local_setup.bash
-- Installing: /home/daeyun/HandPose/install/handpose_interfaces/share/handpose_interfaces/local_setup.sh
-- Installing: /home/daeyun/HandPose/install/handpose_interfaces/share/handpose_interfaces/local_setup.zsh
-- Installing: /home/daeyun/HandPose/install/handpose_interfaces/share/handpose_interfaces/local_setup.dsv
-- Installing: /home/daeyun/HandPose/install/handpose_interfaces/share/handpose_interfaces/package.dsv
-- Installing: /home/daeyun/HandPose/install/handpose_interfaces/share/ament_index/resource_index/packages/handpose_interfaces
-- Installing: /home/daeyun/HandPose/install/handpose_interfaces/share/handpose_interfaces/cmake/export_handpose_interfaces__rosidl_generator_cExport.cmake
-- Installing: /home/daeyun/HandPose/install/handpose_interfaces/share/handpose_interfaces/cmake/export_handpose_interfaces__rosidl_generator_cExport-noconfig.cmake
-- Installing: /home/daeyun/HandPose/install/handpose_interfaces/share/handpose_interfaces/cmake/export_handpose_interfaces__rosidl_typesupport_fastrtps_cExport.cmake
-- Installing: /home/daeyun/HandPose/install/handpose_interfaces/share/handpose_interfaces/cmake/export_handpose_interfaces__rosidl_typesupport_fastrtps_cExport-noconfig.cmake
-- Installing: /home/daeyun/HandPose/install/handpose_interfaces/share/handpose_interfaces/cmake/export_handpose_interfaces__rosidl_generator_cppExport.cmake
-- Installing: /home/daeyun/HandPose/install/handpose_interfaces/share/handpose_interfaces/cmake/export_handpose_interfaces__rosidl_typesupport_fastrtps_cppExport.cmake
-- Installing: /home/daeyun/HandPose/install/handpose_interfaces/share/handpose_interfaces/cmake/export_handpose_interfaces__rosidl_typesupport_fastrtps_cppExport-noconfig.cmake
-- Installing: /home/daeyun/HandPose/install/handpose_interfaces/share/handpose_interfaces/cmake/handpose_interfaces__rosidl_typesupport_introspection_cExport.cmake
-- Installing: /home/daeyun/HandPose/install/handpose_interfaces/share/handpose_interfaces/cmake/handpose_interfaces__rosidl_typesupport_introspection_cExport-noconfig.cmake
-- Installing: /home/daeyun/HandPose/install/handpose_interfaces/share/handpose_interfaces/cmake/handpose_interfaces__rosidl_typesupport_cExport.cmake
-- Installing: /home/daeyun/HandPose/install/handpose_interfaces/share/handpose_interfaces/cmake/handpose_interfaces__rosidl_typesupport_cExport-noconfig.cmake
-- Installing: /home/daeyun/HandPose/install/handpose_interfaces/share/handpose_interfaces/cmake/handpose_interfaces__rosidl_typesupport_introspection_cppExport.cmake
-- Installing: /home/daeyun/HandPose/install/handpose_interfaces/share/handpose_interfaces/cmake/handpose_interfaces__rosidl_typesupport_introspection_cppExport-noconfig.cmake
-- Installing: /home/daeyun/HandPose/install/handpose_interfaces/share/handpose_interfaces/cmake/handpose_interfaces__rosidl_typesupport_cppExport.cmake
-- Installing: /home/daeyun/HandPose/install/handpose_interfaces/share/handpose_interfaces/cmake/handpose_interfaces__rosidl_typesupport_cppExport-noconfig.cmake
-- Installing: /home/daeyun/HandPose/install/handpose_interfaces/share/handpose_interfaces/cmake/export_handpose_interfaces__rosidl_generator_pyExport.cmake
-- Installing: /home/daeyun/HandPose/install/handpose_interfaces/share/handpose_interfaces/cmake/export_handpose_interfaces__rosidl_generator_pyExport-noconfig.cmake
-- Installing: /home/daeyun/HandPose/install/handpose_interfaces/share/handpose_interfaces/cmake/rosidl_cmake-extras.cmake
-- Installing: /home/daeyun/HandPose/install/handpose_interfaces/share/handpose_interfaces/cmake/ament_cmake_export_dependencies-extras.cmake
-- Installing: /home/daeyun/HandPose/install/handpose_interfaces/share/handpose_interfaces/cmake/ament_cmake_export_include_directories-extras.cmake
-- Installing: /home/daeyun/HandPose/install/handpose_interfaces/share/handpose_interfaces/cmake/ament_cmake_export_libraries-extras.cmake
-- Installing: /home/daeyun/HandPose/install/handpose_interfaces/share/handpose_interfaces/cmake/ament_cmake_export_targets-extras.cmake
-- Installing: /home/daeyun/HandPose/install/handpose_interfaces/share/handpose_interfaces/cmake/rosidl_cmake_export_typesupport_targets-extras.cmake
-- Installing: /home/daeyun/HandPose/install/handpose_interfaces/share/handpose_interfaces/cmake/rosidl_cmake_export_typesupport_libraries-extras.cmake
-- Installing: /home/daeyun/HandPose/install/handpose_interfaces/share/handpose_interfaces/cmake/handpose_interfacesConfig.cmake
-- Installing: /home/daeyun/HandPose/install/handpose_interfaces/share/handpose_interfaces/cmake/handpose_interfacesConfig-version.cmake
-- Installing: /home/daeyun/HandPose/install/handpose_interfaces/share/handpose_interfaces/package.xml
