[0.059s] DEBUG:colcon:Command line arguments: ['/usr/bin/colcon', 'build']
[0.059s] DEBUG:colcon:Parsed command line arguments: Namespace(log_base=None, log_level=None, verb_name='build', build_base='build', install_base='install', merge_install=False, symlink_install=False, test_result_base=None, continue_on_error=False, executor='parallel', parallel_workers=24, event_handlers=None, ignore_user_meta=False, metas=['./colcon.meta'], base_paths=['.'], packages_ignore=None, packages_ignore_regex=None, paths=None, packages_up_to=None, packages_up_to_regex=None, packages_above=None, packages_above_and_dependencies=None, packages_above_depth=None, packages_select_by_dep=None, packages_skip_by_dep=None, packages_skip_up_to=None, packages_select_build_failed=False, packages_skip_build_finished=False, packages_select_test_failures=False, packages_skip_test_passed=False, packages_select=None, packages_skip=None, packages_select_regex=None, packages_skip_regex=None, packages_start=None, packages_end=None, allow_overriding=[], cmake_args=None, cmake_target=None, cmake_target_skip_unavailable=False, cmake_clean_cache=False, cmake_clean_first=False, cmake_force_configure=False, ament_cmake_args=None, catkin_cmake_args=None, catkin_skip_building_tests=False, verb_parser=<colcon_defaults.argument_parser.defaults.DefaultArgumentsDecorator object at 0x7d0a017650f0>, verb_extension=<colcon_core.verb.build.BuildVerb object at 0x7d0a01764bb0>, main=<bound method BuildVerb.main of <colcon_core.verb.build.BuildVerb object at 0x7d0a01764bb0>>)
[0.133s] Level 1:colcon.colcon_core.package_discovery:discover_packages(colcon_meta) check parameters
[0.133s] Level 1:colcon.colcon_core.package_discovery:discover_packages(recursive) check parameters
[0.133s] Level 1:colcon.colcon_core.package_discovery:discover_packages(ignore) check parameters
[0.133s] Level 1:colcon.colcon_core.package_discovery:discover_packages(path) check parameters
[0.133s] Level 1:colcon.colcon_core.package_discovery:discover_packages(colcon_meta) discover
[0.133s] Level 1:colcon.colcon_core.package_discovery:discover_packages(recursive) discover
[0.133s] INFO:colcon.colcon_core.package_discovery:Crawling recursively for packages in '/home/daeyun/HandPose'
[0.133s] Level 1:colcon.colcon_core.package_identification:_identify(.) by extensions ['ignore', 'ignore_ament_install']
[0.133s] Level 1:colcon.colcon_core.package_identification:_identify(.) by extension 'ignore'
[0.133s] Level 1:colcon.colcon_core.package_identification:_identify(.) by extension 'ignore_ament_install'
[0.133s] Level 1:colcon.colcon_core.package_identification:_identify(.) by extensions ['colcon_pkg']
[0.133s] Level 1:colcon.colcon_core.package_identification:_identify(.) by extension 'colcon_pkg'
[0.133s] Level 1:colcon.colcon_core.package_identification:_identify(.) by extensions ['colcon_meta']
[0.134s] Level 1:colcon.colcon_core.package_identification:_identify(.) by extension 'colcon_meta'
[0.134s] Level 1:colcon.colcon_core.package_identification:_identify(.) by extensions ['ros']
[0.134s] Level 1:colcon.colcon_core.package_identification:_identify(.) by extension 'ros'
[0.139s] Level 1:colcon.colcon_core.package_identification:_identify(.) by extensions ['cmake', 'python']
[0.139s] Level 1:colcon.colcon_core.package_identification:_identify(.) by extension 'cmake'
[0.139s] Level 1:colcon.colcon_core.package_identification:_identify(.) by extension 'python'
[0.139s] Level 1:colcon.colcon_core.package_identification:_identify(.) by extensions ['python_setup_py']
[0.139s] Level 1:colcon.colcon_core.package_identification:_identify(.) by extension 'python_setup_py'
[0.139s] Level 1:colcon.colcon_core.package_identification:_identify(build) by extensions ['ignore', 'ignore_ament_install']
[0.139s] Level 1:colcon.colcon_core.package_identification:_identify(build) by extension 'ignore'
[0.139s] Level 1:colcon.colcon_core.package_identification:_identify(build) ignored
[0.139s] Level 1:colcon.colcon_core.package_identification:_identify(install) by extensions ['ignore', 'ignore_ament_install']
[0.139s] Level 1:colcon.colcon_core.package_identification:_identify(install) by extension 'ignore'
[0.139s] Level 1:colcon.colcon_core.package_identification:_identify(install) ignored
[0.139s] Level 1:colcon.colcon_core.package_identification:_identify(log) by extensions ['ignore', 'ignore_ament_install']
[0.139s] Level 1:colcon.colcon_core.package_identification:_identify(log) by extension 'ignore'
[0.139s] Level 1:colcon.colcon_core.package_identification:_identify(log) ignored
[0.139s] Level 1:colcon.colcon_core.package_identification:_identify(src) by extensions ['ignore', 'ignore_ament_install']
[0.140s] Level 1:colcon.colcon_core.package_identification:_identify(src) by extension 'ignore'
[0.140s] Level 1:colcon.colcon_core.package_identification:_identify(src) by extension 'ignore_ament_install'
[0.140s] Level 1:colcon.colcon_core.package_identification:_identify(src) by extensions ['colcon_pkg']
[0.140s] Level 1:colcon.colcon_core.package_identification:_identify(src) by extension 'colcon_pkg'
[0.140s] Level 1:colcon.colcon_core.package_identification:_identify(src) by extensions ['colcon_meta']
[0.140s] Level 1:colcon.colcon_core.package_identification:_identify(src) by extension 'colcon_meta'
[0.140s] Level 1:colcon.colcon_core.package_identification:_identify(src) by extensions ['ros']
[0.140s] Level 1:colcon.colcon_core.package_identification:_identify(src) by extension 'ros'
[0.140s] Level 1:colcon.colcon_core.package_identification:_identify(src) by extensions ['cmake', 'python']
[0.140s] Level 1:colcon.colcon_core.package_identification:_identify(src) by extension 'cmake'
[0.140s] Level 1:colcon.colcon_core.package_identification:_identify(src) by extension 'python'
[0.140s] Level 1:colcon.colcon_core.package_identification:_identify(src) by extensions ['python_setup_py']
[0.140s] Level 1:colcon.colcon_core.package_identification:_identify(src) by extension 'python_setup_py'
[0.140s] Level 1:colcon.colcon_core.package_identification:_identify(src/handpose_interfaces) by extensions ['ignore', 'ignore_ament_install']
[0.140s] Level 1:colcon.colcon_core.package_identification:_identify(src/handpose_interfaces) by extension 'ignore'
[0.140s] Level 1:colcon.colcon_core.package_identification:_identify(src/handpose_interfaces) by extension 'ignore_ament_install'
[0.140s] Level 1:colcon.colcon_core.package_identification:_identify(src/handpose_interfaces) by extensions ['colcon_pkg']
[0.140s] Level 1:colcon.colcon_core.package_identification:_identify(src/handpose_interfaces) by extension 'colcon_pkg'
[0.140s] Level 1:colcon.colcon_core.package_identification:_identify(src/handpose_interfaces) by extensions ['colcon_meta']
[0.140s] Level 1:colcon.colcon_core.package_identification:_identify(src/handpose_interfaces) by extension 'colcon_meta'
[0.140s] Level 1:colcon.colcon_core.package_identification:_identify(src/handpose_interfaces) by extensions ['ros']
[0.140s] Level 1:colcon.colcon_core.package_identification:_identify(src/handpose_interfaces) by extension 'ros'
[0.141s] DEBUG:colcon.colcon_core.package_identification:Package 'src/handpose_interfaces' with type 'ros.ament_cmake' and name 'handpose_interfaces'
[0.141s] Level 1:colcon.colcon_core.package_identification:_identify(src/handpose_ros) by extensions ['ignore', 'ignore_ament_install']
[0.141s] Level 1:colcon.colcon_core.package_identification:_identify(src/handpose_ros) by extension 'ignore'
[0.141s] Level 1:colcon.colcon_core.package_identification:_identify(src/handpose_ros) by extension 'ignore_ament_install'
[0.141s] Level 1:colcon.colcon_core.package_identification:_identify(src/handpose_ros) by extensions ['colcon_pkg']
[0.141s] Level 1:colcon.colcon_core.package_identification:_identify(src/handpose_ros) by extension 'colcon_pkg'
[0.141s] Level 1:colcon.colcon_core.package_identification:_identify(src/handpose_ros) by extensions ['colcon_meta']
[0.141s] Level 1:colcon.colcon_core.package_identification:_identify(src/handpose_ros) by extension 'colcon_meta'
[0.141s] Level 1:colcon.colcon_core.package_identification:_identify(src/handpose_ros) by extensions ['ros']
[0.141s] Level 1:colcon.colcon_core.package_identification:_identify(src/handpose_ros) by extension 'ros'
[0.142s] DEBUG:colcon.colcon_core.package_identification:Package 'src/handpose_ros' with type 'ros.ament_python' and name 'handpose_ros'
[0.142s] Level 1:colcon.colcon_core.package_identification:_identify(standalone) by extensions ['ignore', 'ignore_ament_install']
[0.142s] Level 1:colcon.colcon_core.package_identification:_identify(standalone) by extension 'ignore'
[0.142s] Level 1:colcon.colcon_core.package_identification:_identify(standalone) by extension 'ignore_ament_install'
[0.142s] Level 1:colcon.colcon_core.package_identification:_identify(standalone) by extensions ['colcon_pkg']
[0.142s] Level 1:colcon.colcon_core.package_identification:_identify(standalone) by extension 'colcon_pkg'
[0.142s] Level 1:colcon.colcon_core.package_identification:_identify(standalone) by extensions ['colcon_meta']
[0.142s] Level 1:colcon.colcon_core.package_identification:_identify(standalone) by extension 'colcon_meta'
[0.142s] Level 1:colcon.colcon_core.package_identification:_identify(standalone) by extensions ['ros']
[0.142s] Level 1:colcon.colcon_core.package_identification:_identify(standalone) by extension 'ros'
[0.142s] Level 1:colcon.colcon_core.package_identification:_identify(standalone) by extensions ['cmake', 'python']
[0.142s] Level 1:colcon.colcon_core.package_identification:_identify(standalone) by extension 'cmake'
[0.142s] Level 1:colcon.colcon_core.package_identification:_identify(standalone) by extension 'python'
[0.142s] Level 1:colcon.colcon_core.package_identification:_identify(standalone) by extensions ['python_setup_py']
[0.142s] Level 1:colcon.colcon_core.package_identification:_identify(standalone) by extension 'python_setup_py'
[0.142s] Level 1:colcon.colcon_core.package_identification:_identify(standalone/scripts) by extensions ['ignore', 'ignore_ament_install']
[0.142s] Level 1:colcon.colcon_core.package_identification:_identify(standalone/scripts) by extension 'ignore'
[0.142s] Level 1:colcon.colcon_core.package_identification:_identify(standalone/scripts) by extension 'ignore_ament_install'
[0.142s] Level 1:colcon.colcon_core.package_identification:_identify(standalone/scripts) by extensions ['colcon_pkg']
[0.142s] Level 1:colcon.colcon_core.package_identification:_identify(standalone/scripts) by extension 'colcon_pkg'
[0.142s] Level 1:colcon.colcon_core.package_identification:_identify(standalone/scripts) by extensions ['colcon_meta']
[0.143s] Level 1:colcon.colcon_core.package_identification:_identify(standalone/scripts) by extension 'colcon_meta'
[0.143s] Level 1:colcon.colcon_core.package_identification:_identify(standalone/scripts) by extensions ['ros']
[0.143s] Level 1:colcon.colcon_core.package_identification:_identify(standalone/scripts) by extension 'ros'
[0.143s] Level 1:colcon.colcon_core.package_identification:_identify(standalone/scripts) by extensions ['cmake', 'python']
[0.143s] Level 1:colcon.colcon_core.package_identification:_identify(standalone/scripts) by extension 'cmake'
[0.143s] Level 1:colcon.colcon_core.package_identification:_identify(standalone/scripts) by extension 'python'
[0.143s] Level 1:colcon.colcon_core.package_identification:_identify(standalone/scripts) by extensions ['python_setup_py']
[0.143s] Level 1:colcon.colcon_core.package_identification:_identify(standalone/scripts) by extension 'python_setup_py'
[0.143s] Level 1:colcon.colcon_core.package_identification:_identify(standalone/scripts/__pycache__) by extensions ['ignore', 'ignore_ament_install']
[0.143s] Level 1:colcon.colcon_core.package_identification:_identify(standalone/scripts/__pycache__) by extension 'ignore'
[0.143s] Level 1:colcon.colcon_core.package_identification:_identify(standalone/scripts/__pycache__) by extension 'ignore_ament_install'
[0.143s] Level 1:colcon.colcon_core.package_identification:_identify(standalone/scripts/__pycache__) by extensions ['colcon_pkg']
[0.143s] Level 1:colcon.colcon_core.package_identification:_identify(standalone/scripts/__pycache__) by extension 'colcon_pkg'
[0.143s] Level 1:colcon.colcon_core.package_identification:_identify(standalone/scripts/__pycache__) by extensions ['colcon_meta']
[0.143s] Level 1:colcon.colcon_core.package_identification:_identify(standalone/scripts/__pycache__) by extension 'colcon_meta'
[0.143s] Level 1:colcon.colcon_core.package_identification:_identify(standalone/scripts/__pycache__) by extensions ['ros']
[0.143s] Level 1:colcon.colcon_core.package_identification:_identify(standalone/scripts/__pycache__) by extension 'ros'
[0.143s] Level 1:colcon.colcon_core.package_identification:_identify(standalone/scripts/__pycache__) by extensions ['cmake', 'python']
[0.143s] Level 1:colcon.colcon_core.package_identification:_identify(standalone/scripts/__pycache__) by extension 'cmake'
[0.143s] Level 1:colcon.colcon_core.package_identification:_identify(standalone/scripts/__pycache__) by extension 'python'
[0.143s] Level 1:colcon.colcon_core.package_identification:_identify(standalone/scripts/__pycache__) by extensions ['python_setup_py']
[0.143s] Level 1:colcon.colcon_core.package_identification:_identify(standalone/scripts/__pycache__) by extension 'python_setup_py'
[0.143s] Level 1:colcon.colcon_core.package_identification:_identify(standalone/scripts/mediapipe_api) by extensions ['ignore', 'ignore_ament_install']
[0.143s] Level 1:colcon.colcon_core.package_identification:_identify(standalone/scripts/mediapipe_api) by extension 'ignore'
[0.143s] Level 1:colcon.colcon_core.package_identification:_identify(standalone/scripts/mediapipe_api) by extension 'ignore_ament_install'
[0.143s] Level 1:colcon.colcon_core.package_identification:_identify(standalone/scripts/mediapipe_api) by extensions ['colcon_pkg']
[0.143s] Level 1:colcon.colcon_core.package_identification:_identify(standalone/scripts/mediapipe_api) by extension 'colcon_pkg'
[0.143s] Level 1:colcon.colcon_core.package_identification:_identify(standalone/scripts/mediapipe_api) by extensions ['colcon_meta']
[0.143s] Level 1:colcon.colcon_core.package_identification:_identify(standalone/scripts/mediapipe_api) by extension 'colcon_meta'
[0.143s] Level 1:colcon.colcon_core.package_identification:_identify(standalone/scripts/mediapipe_api) by extensions ['ros']
[0.143s] Level 1:colcon.colcon_core.package_identification:_identify(standalone/scripts/mediapipe_api) by extension 'ros'
[0.143s] Level 1:colcon.colcon_core.package_identification:_identify(standalone/scripts/mediapipe_api) by extensions ['cmake', 'python']
[0.143s] Level 1:colcon.colcon_core.package_identification:_identify(standalone/scripts/mediapipe_api) by extension 'cmake'
[0.143s] Level 1:colcon.colcon_core.package_identification:_identify(standalone/scripts/mediapipe_api) by extension 'python'
[0.143s] Level 1:colcon.colcon_core.package_identification:_identify(standalone/scripts/mediapipe_api) by extensions ['python_setup_py']
[0.143s] Level 1:colcon.colcon_core.package_identification:_identify(standalone/scripts/mediapipe_api) by extension 'python_setup_py'
[0.143s] Level 1:colcon.colcon_core.package_identification:_identify(standalone/scripts/mediapipe_api/handlandmarks) by extensions ['ignore', 'ignore_ament_install']
[0.143s] Level 1:colcon.colcon_core.package_identification:_identify(standalone/scripts/mediapipe_api/handlandmarks) by extension 'ignore'
[0.143s] Level 1:colcon.colcon_core.package_identification:_identify(standalone/scripts/mediapipe_api/handlandmarks) by extension 'ignore_ament_install'
[0.143s] Level 1:colcon.colcon_core.package_identification:_identify(standalone/scripts/mediapipe_api/handlandmarks) by extensions ['colcon_pkg']
[0.143s] Level 1:colcon.colcon_core.package_identification:_identify(standalone/scripts/mediapipe_api/handlandmarks) by extension 'colcon_pkg'
[0.143s] Level 1:colcon.colcon_core.package_identification:_identify(standalone/scripts/mediapipe_api/handlandmarks) by extensions ['colcon_meta']
[0.143s] Level 1:colcon.colcon_core.package_identification:_identify(standalone/scripts/mediapipe_api/handlandmarks) by extension 'colcon_meta'
[0.143s] Level 1:colcon.colcon_core.package_identification:_identify(standalone/scripts/mediapipe_api/handlandmarks) by extensions ['ros']
[0.143s] Level 1:colcon.colcon_core.package_identification:_identify(standalone/scripts/mediapipe_api/handlandmarks) by extension 'ros'
[0.143s] Level 1:colcon.colcon_core.package_identification:_identify(standalone/scripts/mediapipe_api/handlandmarks) by extensions ['cmake', 'python']
[0.143s] Level 1:colcon.colcon_core.package_identification:_identify(standalone/scripts/mediapipe_api/handlandmarks) by extension 'cmake'
[0.143s] Level 1:colcon.colcon_core.package_identification:_identify(standalone/scripts/mediapipe_api/handlandmarks) by extension 'python'
[0.143s] Level 1:colcon.colcon_core.package_identification:_identify(standalone/scripts/mediapipe_api/handlandmarks) by extensions ['python_setup_py']
[0.143s] Level 1:colcon.colcon_core.package_identification:_identify(standalone/scripts/mediapipe_api/handlandmarks) by extension 'python_setup_py'
[0.143s] Level 1:colcon.colcon_core.package_discovery:discover_packages(recursive) using defaults
[0.143s] Level 1:colcon.colcon_core.package_discovery:discover_packages(ignore) discover
[0.143s] Level 1:colcon.colcon_core.package_discovery:discover_packages(ignore) using defaults
[0.144s] Level 1:colcon.colcon_core.package_discovery:discover_packages(path) discover
[0.144s] Level 1:colcon.colcon_core.package_discovery:discover_packages(path) using defaults
[0.158s] Level 1:colcon.colcon_core.package_discovery:discover_packages(prefix_path) check parameters
[0.158s] Level 1:colcon.colcon_core.package_discovery:discover_packages(prefix_path) discover
[0.160s] DEBUG:colcon.colcon_installed_package_information.package_discovery:Found 2 installed packages in /home/daeyun/HandPose/install
[0.160s] DEBUG:colcon.colcon_installed_package_information.package_discovery:Found 346 installed packages in /opt/ros/humble
[0.161s] Level 1:colcon.colcon_core.package_discovery:discover_packages(prefix_path) using defaults
[0.180s] Level 5:colcon.colcon_core.verb:set package 'handpose_interfaces' build argument 'cmake_args' from command line to 'None'
[0.180s] Level 5:colcon.colcon_core.verb:set package 'handpose_interfaces' build argument 'cmake_target' from command line to 'None'
[0.180s] Level 5:colcon.colcon_core.verb:set package 'handpose_interfaces' build argument 'cmake_target_skip_unavailable' from command line to 'False'
[0.180s] Level 5:colcon.colcon_core.verb:set package 'handpose_interfaces' build argument 'cmake_clean_cache' from command line to 'False'
[0.180s] Level 5:colcon.colcon_core.verb:set package 'handpose_interfaces' build argument 'cmake_clean_first' from command line to 'False'
[0.180s] Level 5:colcon.colcon_core.verb:set package 'handpose_interfaces' build argument 'cmake_force_configure' from command line to 'False'
[0.180s] Level 5:colcon.colcon_core.verb:set package 'handpose_interfaces' build argument 'ament_cmake_args' from command line to 'None'
[0.180s] Level 5:colcon.colcon_core.verb:set package 'handpose_interfaces' build argument 'catkin_cmake_args' from command line to 'None'
[0.180s] Level 5:colcon.colcon_core.verb:set package 'handpose_interfaces' build argument 'catkin_skip_building_tests' from command line to 'False'
[0.180s] DEBUG:colcon.colcon_core.verb:Building package 'handpose_interfaces' with the following arguments: {'ament_cmake_args': None, 'build_base': '/home/daeyun/HandPose/build/handpose_interfaces', 'catkin_cmake_args': None, 'catkin_skip_building_tests': False, 'cmake_args': None, 'cmake_clean_cache': False, 'cmake_clean_first': False, 'cmake_force_configure': False, 'cmake_target': None, 'cmake_target_skip_unavailable': False, 'install_base': '/home/daeyun/HandPose/install/handpose_interfaces', 'merge_install': False, 'path': '/home/daeyun/HandPose/src/handpose_interfaces', 'symlink_install': False, 'test_result_base': None}
[0.180s] Level 5:colcon.colcon_core.verb:set package 'handpose_ros' build argument 'cmake_args' from command line to 'None'
[0.180s] Level 5:colcon.colcon_core.verb:set package 'handpose_ros' build argument 'cmake_target' from command line to 'None'
[0.181s] Level 5:colcon.colcon_core.verb:set package 'handpose_ros' build argument 'cmake_target_skip_unavailable' from command line to 'False'
[0.181s] Level 5:colcon.colcon_core.verb:set package 'handpose_ros' build argument 'cmake_clean_cache' from command line to 'False'
[0.181s] Level 5:colcon.colcon_core.verb:set package 'handpose_ros' build argument 'cmake_clean_first' from command line to 'False'
[0.181s] Level 5:colcon.colcon_core.verb:set package 'handpose_ros' build argument 'cmake_force_configure' from command line to 'False'
[0.181s] Level 5:colcon.colcon_core.verb:set package 'handpose_ros' build argument 'ament_cmake_args' from command line to 'None'
[0.181s] Level 5:colcon.colcon_core.verb:set package 'handpose_ros' build argument 'catkin_cmake_args' from command line to 'None'
[0.181s] Level 5:colcon.colcon_core.verb:set package 'handpose_ros' build argument 'catkin_skip_building_tests' from command line to 'False'
[0.181s] DEBUG:colcon.colcon_core.verb:Building package 'handpose_ros' with the following arguments: {'ament_cmake_args': None, 'build_base': '/home/daeyun/HandPose/build/handpose_ros', 'catkin_cmake_args': None, 'catkin_skip_building_tests': False, 'cmake_args': None, 'cmake_clean_cache': False, 'cmake_clean_first': False, 'cmake_force_configure': False, 'cmake_target': None, 'cmake_target_skip_unavailable': False, 'install_base': '/home/daeyun/HandPose/install/handpose_ros', 'merge_install': False, 'path': '/home/daeyun/HandPose/src/handpose_ros', 'symlink_install': False, 'test_result_base': None}
[0.181s] INFO:colcon.colcon_core.executor:Executing jobs using 'parallel' executor
[0.181s] DEBUG:colcon.colcon_parallel_executor.executor.parallel:run_until_complete
[0.181s] INFO:colcon.colcon_ros.task.ament_cmake.build:Building ROS package in '/home/daeyun/HandPose/src/handpose_interfaces' with build type 'ament_cmake'
[0.181s] INFO:colcon.colcon_cmake.task.cmake.build:Building CMake package in '/home/daeyun/HandPose/src/handpose_interfaces'
[0.184s] INFO:colcon.colcon_core.plugin_system:Skipping extension 'colcon_core.shell.bat': Not used on non-Windows systems
[0.184s] INFO:colcon.colcon_core.shell:Skip shell extension 'powershell' for command environment: Not usable outside of PowerShell
[0.184s] DEBUG:colcon.colcon_core.shell:Skip shell extension 'dsv' for command environment
[0.191s] DEBUG:colcon.colcon_core.event_handler.log_command:Invoking command in '/home/daeyun/HandPose/build/handpose_interfaces': CMAKE_PREFIX_PATH=${CMAKE_PREFIX_PATH}:/home/daeyun/HandPose/install/handpose_ros:/opt/ros/humble CONDA_PROMPT_MODIFIER=(base) /usr/bin/cmake --build /home/daeyun/HandPose/build/handpose_interfaces -- -j24 -l24
[0.380s] DEBUG:colcon.colcon_core.event_handler.log_command:Invoked command in '/home/daeyun/HandPose/build/handpose_interfaces' returned '0': CMAKE_PREFIX_PATH=${CMAKE_PREFIX_PATH}:/home/daeyun/HandPose/install/handpose_ros:/opt/ros/humble CONDA_PROMPT_MODIFIER=(base) /usr/bin/cmake --build /home/daeyun/HandPose/build/handpose_interfaces -- -j24 -l24
[0.386s] DEBUG:colcon.colcon_core.event_handler.log_command:Invoking command in '/home/daeyun/HandPose/build/handpose_interfaces': CMAKE_PREFIX_PATH=${CMAKE_PREFIX_PATH}:/home/daeyun/HandPose/install/handpose_ros:/opt/ros/humble CONDA_PROMPT_MODIFIER=(base) /usr/bin/cmake --install /home/daeyun/HandPose/build/handpose_interfaces
[0.421s] Level 1:colcon.colcon_core.environment:create_environment_scripts_only(handpose_interfaces)
[0.421s] DEBUG:colcon.colcon_core.event_handler.log_command:Invoked command in '/home/daeyun/HandPose/build/handpose_interfaces' returned '0': CMAKE_PREFIX_PATH=${CMAKE_PREFIX_PATH}:/home/daeyun/HandPose/install/handpose_ros:/opt/ros/humble CONDA_PROMPT_MODIFIER=(base) /usr/bin/cmake --install /home/daeyun/HandPose/build/handpose_interfaces
[0.424s] Level 1:colcon.colcon_core.environment:checking '/home/daeyun/HandPose/install/handpose_interfaces' for CMake module files
[0.424s] Level 1:colcon.colcon_core.environment:checking '/home/daeyun/HandPose/install/handpose_interfaces' for CMake config files
[0.424s] Level 1:colcon.colcon_core.shell:create_environment_hook('handpose_interfaces', 'cmake_prefix_path')
[0.424s] INFO:colcon.colcon_core.shell:Creating environment hook '/home/daeyun/HandPose/install/handpose_interfaces/share/handpose_interfaces/hook/cmake_prefix_path.ps1'
[0.425s] INFO:colcon.colcon_core.shell:Creating environment descriptor '/home/daeyun/HandPose/install/handpose_interfaces/share/handpose_interfaces/hook/cmake_prefix_path.dsv'
[0.425s] INFO:colcon.colcon_core.shell:Creating environment hook '/home/daeyun/HandPose/install/handpose_interfaces/share/handpose_interfaces/hook/cmake_prefix_path.sh'
[0.426s] Level 1:colcon.colcon_core.environment:checking '/home/daeyun/HandPose/install/handpose_interfaces/lib'
[0.426s] Level 1:colcon.colcon_core.shell:create_environment_hook('handpose_interfaces', 'ld_library_path_lib')
[0.426s] INFO:colcon.colcon_core.shell:Creating environment hook '/home/daeyun/HandPose/install/handpose_interfaces/share/handpose_interfaces/hook/ld_library_path_lib.ps1'
[0.426s] INFO:colcon.colcon_core.shell:Creating environment descriptor '/home/daeyun/HandPose/install/handpose_interfaces/share/handpose_interfaces/hook/ld_library_path_lib.dsv'
[0.426s] INFO:colcon.colcon_core.shell:Creating environment hook '/home/daeyun/HandPose/install/handpose_interfaces/share/handpose_interfaces/hook/ld_library_path_lib.sh'
[0.426s] Level 1:colcon.colcon_core.environment:checking '/home/daeyun/HandPose/install/handpose_interfaces/bin'
[0.426s] Level 1:colcon.colcon_core.environment:checking '/home/daeyun/HandPose/install/handpose_interfaces/lib/pkgconfig/handpose_interfaces.pc'
[0.426s] Level 1:colcon.colcon_core.environment:checking '/home/daeyun/HandPose/install/handpose_interfaces/lib/python3.10/site-packages'
[0.426s] Level 1:colcon.colcon_core.shell:create_environment_hook('handpose_interfaces', 'pythonpath')
[0.427s] INFO:colcon.colcon_core.shell:Creating environment hook '/home/daeyun/HandPose/install/handpose_interfaces/share/handpose_interfaces/hook/pythonpath.ps1'
[0.427s] INFO:colcon.colcon_core.shell:Creating environment descriptor '/home/daeyun/HandPose/install/handpose_interfaces/share/handpose_interfaces/hook/pythonpath.dsv'
[0.427s] INFO:colcon.colcon_core.shell:Creating environment hook '/home/daeyun/HandPose/install/handpose_interfaces/share/handpose_interfaces/hook/pythonpath.sh'
[0.427s] Level 1:colcon.colcon_core.environment:checking '/home/daeyun/HandPose/install/handpose_interfaces/bin'
[0.427s] INFO:colcon.colcon_core.shell:Creating package script '/home/daeyun/HandPose/install/handpose_interfaces/share/handpose_interfaces/package.ps1'
[0.428s] INFO:colcon.colcon_core.shell:Creating package descriptor '/home/daeyun/HandPose/install/handpose_interfaces/share/handpose_interfaces/package.dsv'
[0.428s] INFO:colcon.colcon_core.shell:Creating package script '/home/daeyun/HandPose/install/handpose_interfaces/share/handpose_interfaces/package.sh'
[0.429s] INFO:colcon.colcon_core.shell:Creating package script '/home/daeyun/HandPose/install/handpose_interfaces/share/handpose_interfaces/package.bash'
[0.429s] INFO:colcon.colcon_core.shell:Creating package script '/home/daeyun/HandPose/install/handpose_interfaces/share/handpose_interfaces/package.zsh'
[0.429s] Level 1:colcon.colcon_core.environment:create_file_with_runtime_dependencies(/home/daeyun/HandPose/install/handpose_interfaces/share/colcon-core/packages/handpose_interfaces)
[0.430s] Level 1:colcon.colcon_core.environment:create_environment_scripts_only(handpose_interfaces)
[0.430s] Level 1:colcon.colcon_core.environment:checking '/home/daeyun/HandPose/install/handpose_interfaces' for CMake module files
[0.430s] Level 1:colcon.colcon_core.environment:checking '/home/daeyun/HandPose/install/handpose_interfaces' for CMake config files
[0.430s] Level 1:colcon.colcon_core.shell:create_environment_hook('handpose_interfaces', 'cmake_prefix_path')
[0.430s] INFO:colcon.colcon_core.shell:Creating environment hook '/home/daeyun/HandPose/install/handpose_interfaces/share/handpose_interfaces/hook/cmake_prefix_path.ps1'
[0.430s] INFO:colcon.colcon_core.shell:Creating environment descriptor '/home/daeyun/HandPose/install/handpose_interfaces/share/handpose_interfaces/hook/cmake_prefix_path.dsv'
[0.431s] INFO:colcon.colcon_core.shell:Creating environment hook '/home/daeyun/HandPose/install/handpose_interfaces/share/handpose_interfaces/hook/cmake_prefix_path.sh'
[0.431s] Level 1:colcon.colcon_core.environment:checking '/home/daeyun/HandPose/install/handpose_interfaces/lib'
[0.431s] Level 1:colcon.colcon_core.shell:create_environment_hook('handpose_interfaces', 'ld_library_path_lib')
[0.431s] INFO:colcon.colcon_core.shell:Creating environment hook '/home/daeyun/HandPose/install/handpose_interfaces/share/handpose_interfaces/hook/ld_library_path_lib.ps1'
[0.431s] INFO:colcon.colcon_core.shell:Creating environment descriptor '/home/daeyun/HandPose/install/handpose_interfaces/share/handpose_interfaces/hook/ld_library_path_lib.dsv'
[0.431s] INFO:colcon.colcon_core.shell:Creating environment hook '/home/daeyun/HandPose/install/handpose_interfaces/share/handpose_interfaces/hook/ld_library_path_lib.sh'
[0.431s] Level 1:colcon.colcon_core.environment:checking '/home/daeyun/HandPose/install/handpose_interfaces/bin'
[0.432s] Level 1:colcon.colcon_core.environment:checking '/home/daeyun/HandPose/install/handpose_interfaces/lib/pkgconfig/handpose_interfaces.pc'
[0.432s] Level 1:colcon.colcon_core.environment:checking '/home/daeyun/HandPose/install/handpose_interfaces/lib/python3.10/site-packages'
[0.432s] Level 1:colcon.colcon_core.shell:create_environment_hook('handpose_interfaces', 'pythonpath')
[0.432s] INFO:colcon.colcon_core.shell:Creating environment hook '/home/daeyun/HandPose/install/handpose_interfaces/share/handpose_interfaces/hook/pythonpath.ps1'
[0.432s] INFO:colcon.colcon_core.shell:Creating environment descriptor '/home/daeyun/HandPose/install/handpose_interfaces/share/handpose_interfaces/hook/pythonpath.dsv'
[0.432s] INFO:colcon.colcon_core.shell:Creating environment hook '/home/daeyun/HandPose/install/handpose_interfaces/share/handpose_interfaces/hook/pythonpath.sh'
[0.432s] Level 1:colcon.colcon_core.environment:checking '/home/daeyun/HandPose/install/handpose_interfaces/bin'
[0.432s] INFO:colcon.colcon_core.shell:Creating package script '/home/daeyun/HandPose/install/handpose_interfaces/share/handpose_interfaces/package.ps1'
[0.433s] INFO:colcon.colcon_core.shell:Creating package descriptor '/home/daeyun/HandPose/install/handpose_interfaces/share/handpose_interfaces/package.dsv'
[0.433s] INFO:colcon.colcon_core.shell:Creating package script '/home/daeyun/HandPose/install/handpose_interfaces/share/handpose_interfaces/package.sh'
[0.433s] INFO:colcon.colcon_core.shell:Creating package script '/home/daeyun/HandPose/install/handpose_interfaces/share/handpose_interfaces/package.bash'
[0.433s] INFO:colcon.colcon_core.shell:Creating package script '/home/daeyun/HandPose/install/handpose_interfaces/share/handpose_interfaces/package.zsh'
[0.433s] Level 1:colcon.colcon_core.environment:create_file_with_runtime_dependencies(/home/daeyun/HandPose/install/handpose_interfaces/share/colcon-core/packages/handpose_interfaces)
[0.434s] INFO:colcon.colcon_ros.task.ament_python.build:Building ROS package in '/home/daeyun/HandPose/src/handpose_ros' with build type 'ament_python'
[0.434s] Level 1:colcon.colcon_core.shell:create_environment_hook('handpose_ros', 'ament_prefix_path')
[0.434s] INFO:colcon.colcon_core.shell:Creating environment hook '/home/daeyun/HandPose/install/handpose_ros/share/handpose_ros/hook/ament_prefix_path.ps1'
[0.434s] INFO:colcon.colcon_core.shell:Creating environment descriptor '/home/daeyun/HandPose/install/handpose_ros/share/handpose_ros/hook/ament_prefix_path.dsv'
[0.434s] INFO:colcon.colcon_core.shell:Creating environment hook '/home/daeyun/HandPose/install/handpose_ros/share/handpose_ros/hook/ament_prefix_path.sh'
[0.435s] INFO:colcon.colcon_core.shell:Skip shell extension 'powershell' for command environment: Not usable outside of PowerShell
[0.435s] DEBUG:colcon.colcon_core.shell:Skip shell extension 'dsv' for command environment
[0.562s] INFO:colcon.colcon_core.task.python.build:Building Python package in '/home/daeyun/HandPose/src/handpose_ros'
[0.563s] INFO:colcon.colcon_core.shell:Skip shell extension 'powershell' for command environment: Not usable outside of PowerShell
[0.563s] DEBUG:colcon.colcon_core.shell:Skip shell extension 'dsv' for command environment
[0.781s] DEBUG:colcon.colcon_core.event_handler.log_command:Invoking command in '/home/daeyun/HandPose/src/handpose_ros': CONDA_PROMPT_MODIFIER=(base) LD_LIBRARY_PATH=/home/daeyun/HandPose/install/handpose_interfaces/lib:/usr/local/cuda-12.9/lib64:/usr/local/cuda-12.3/lib64:/usr/local/cuda-12.9/lib64:/usr/local/cuda-12.3/lib64:/opt/ros/humble/opt/rviz_ogre_vendor/lib:/opt/ros/humble/lib/x86_64-linux-gnu:/opt/ros/humble/lib PYTHONPATH=/home/daeyun/HandPose/build/handpose_ros/prefix_override:/usr/lib/python3/dist-packages/colcon_core/task/python/colcon_distutils_commands:/home/daeyun/HandPose/install/handpose_ros/lib/python3.10/site-packages:/home/daeyun/HandPose/install/handpose_interfaces/lib/python3.10/site-packages:/home/daeyun/HandPose/install/handpose_ros/lib/python3.10/site-packages:/opt/ros/humble/lib/python3.10/site-packages:/opt/ros/humble/local/lib/python3.10/dist-packages /usr/bin/python3 -W ignore:setup.py install is deprecated -W ignore:easy_install command is deprecated setup.py egg_info --egg-base ../../build/handpose_ros build --build-base /home/daeyun/HandPose/build/handpose_ros/build install --record /home/daeyun/HandPose/build/handpose_ros/install.log --single-version-externally-managed install_data
[0.924s] Level 1:colcon.colcon_core.environment:checking '/home/daeyun/HandPose/install/handpose_ros' for CMake module files
[0.925s] DEBUG:colcon.colcon_core.event_handler.log_command:Invoked command in '/home/daeyun/HandPose/src/handpose_ros' returned '0': CONDA_PROMPT_MODIFIER=(base) LD_LIBRARY_PATH=/home/daeyun/HandPose/install/handpose_interfaces/lib:/usr/local/cuda-12.9/lib64:/usr/local/cuda-12.3/lib64:/usr/local/cuda-12.9/lib64:/usr/local/cuda-12.3/lib64:/opt/ros/humble/opt/rviz_ogre_vendor/lib:/opt/ros/humble/lib/x86_64-linux-gnu:/opt/ros/humble/lib PYTHONPATH=/home/daeyun/HandPose/build/handpose_ros/prefix_override:/usr/lib/python3/dist-packages/colcon_core/task/python/colcon_distutils_commands:/home/daeyun/HandPose/install/handpose_ros/lib/python3.10/site-packages:/home/daeyun/HandPose/install/handpose_interfaces/lib/python3.10/site-packages:/home/daeyun/HandPose/install/handpose_ros/lib/python3.10/site-packages:/opt/ros/humble/lib/python3.10/site-packages:/opt/ros/humble/local/lib/python3.10/dist-packages /usr/bin/python3 -W ignore:setup.py install is deprecated -W ignore:easy_install command is deprecated setup.py egg_info --egg-base ../../build/handpose_ros build --build-base /home/daeyun/HandPose/build/handpose_ros/build install --record /home/daeyun/HandPose/build/handpose_ros/install.log --single-version-externally-managed install_data
[0.925s] Level 1:colcon.colcon_core.environment:checking '/home/daeyun/HandPose/install/handpose_ros' for CMake config files
[0.925s] Level 1:colcon.colcon_core.environment:checking '/home/daeyun/HandPose/install/handpose_ros/lib'
[0.925s] Level 1:colcon.colcon_core.environment:checking '/home/daeyun/HandPose/install/handpose_ros/bin'
[0.925s] Level 1:colcon.colcon_core.environment:checking '/home/daeyun/HandPose/install/handpose_ros/lib/pkgconfig/handpose_ros.pc'
[0.925s] Level 1:colcon.colcon_core.environment:checking '/home/daeyun/HandPose/install/handpose_ros/lib/python3.10/site-packages'
[0.925s] Level 1:colcon.colcon_core.shell:create_environment_hook('handpose_ros', 'pythonpath')
[0.925s] INFO:colcon.colcon_core.shell:Creating environment hook '/home/daeyun/HandPose/install/handpose_ros/share/handpose_ros/hook/pythonpath.ps1'
[0.926s] INFO:colcon.colcon_core.shell:Creating environment descriptor '/home/daeyun/HandPose/install/handpose_ros/share/handpose_ros/hook/pythonpath.dsv'
[0.926s] INFO:colcon.colcon_core.shell:Creating environment hook '/home/daeyun/HandPose/install/handpose_ros/share/handpose_ros/hook/pythonpath.sh'
[0.926s] Level 1:colcon.colcon_core.environment:checking '/home/daeyun/HandPose/install/handpose_ros/bin'
[0.926s] Level 1:colcon.colcon_core.environment:create_environment_scripts_only(handpose_ros)
[0.926s] INFO:colcon.colcon_core.shell:Creating package script '/home/daeyun/HandPose/install/handpose_ros/share/handpose_ros/package.ps1'
[0.926s] INFO:colcon.colcon_core.shell:Creating package descriptor '/home/daeyun/HandPose/install/handpose_ros/share/handpose_ros/package.dsv'
[0.927s] INFO:colcon.colcon_core.shell:Creating package script '/home/daeyun/HandPose/install/handpose_ros/share/handpose_ros/package.sh'
[0.927s] INFO:colcon.colcon_core.shell:Creating package script '/home/daeyun/HandPose/install/handpose_ros/share/handpose_ros/package.bash'
[0.927s] INFO:colcon.colcon_core.shell:Creating package script '/home/daeyun/HandPose/install/handpose_ros/share/handpose_ros/package.zsh'
[0.927s] Level 1:colcon.colcon_core.environment:create_file_with_runtime_dependencies(/home/daeyun/HandPose/install/handpose_ros/share/colcon-core/packages/handpose_ros)
[0.927s] DEBUG:colcon.colcon_parallel_executor.executor.parallel:closing loop
[0.927s] DEBUG:colcon.colcon_parallel_executor.executor.parallel:loop closed
[0.927s] DEBUG:colcon.colcon_parallel_executor.executor.parallel:run_until_complete finished with '0'
[0.927s] DEBUG:colcon.colcon_core.event_reactor:joining thread
[0.930s] INFO:colcon.colcon_core.plugin_system:Skipping extension 'colcon_notification.desktop_notification.terminal_notifier': Not used on non-Darwin systems
[0.931s] INFO:colcon.colcon_core.plugin_system:Skipping extension 'colcon_notification.desktop_notification.win32': Not used on non-Windows systems
[0.931s] INFO:colcon.colcon_notification.desktop_notification:Sending desktop notification using 'notify2'
[0.941s] DEBUG:colcon.colcon_core.event_reactor:joined thread
[0.941s] INFO:colcon.colcon_core.shell:Creating prefix script '/home/daeyun/HandPose/install/local_setup.ps1'
[0.942s] INFO:colcon.colcon_core.shell:Creating prefix util module '/home/daeyun/HandPose/install/_local_setup_util_ps1.py'
[0.942s] INFO:colcon.colcon_core.shell:Creating prefix chain script '/home/daeyun/HandPose/install/setup.ps1'
[0.943s] INFO:colcon.colcon_core.shell:Creating prefix script '/home/daeyun/HandPose/install/local_setup.sh'
[0.943s] INFO:colcon.colcon_core.shell:Creating prefix util module '/home/daeyun/HandPose/install/_local_setup_util_sh.py'
[0.944s] INFO:colcon.colcon_core.shell:Creating prefix chain script '/home/daeyun/HandPose/install/setup.sh'
[0.944s] INFO:colcon.colcon_core.shell:Creating prefix script '/home/daeyun/HandPose/install/local_setup.bash'
[0.945s] INFO:colcon.colcon_core.shell:Creating prefix chain script '/home/daeyun/HandPose/install/setup.bash'
[0.945s] INFO:colcon.colcon_core.shell:Creating prefix script '/home/daeyun/HandPose/install/local_setup.zsh'
[0.945s] INFO:colcon.colcon_core.shell:Creating prefix chain script '/home/daeyun/HandPose/install/setup.zsh'
