[0.005s] Invoking command in '/home/daeyun/HandPose/build/handpose_interfaces': CMAKE_PREFIX_PATH=/opt/ros/humble /usr/bin/cmake /home/daeyun/HandPose/src/handpose_interfaces -DCMAKE_INSTALL_PREFIX=/home/daeyun/HandPose/install/handpose_interfaces
[0.051s] -- The C compiler identification is GNU 11.4.0
[0.082s] -- The CXX compiler identification is GNU 11.4.0
[0.086s] -- Detecting C compiler ABI info
[0.128s] -- Detecting C compiler ABI info - done
[0.132s] -- Check for working C compiler: /usr/bin/cc - skipped
[0.132s] -- Detecting C compile features
[0.132s] -- Detecting C compile features - done
[0.134s] -- Detecting CXX compiler ABI info
[0.182s] -- Detecting CXX compiler ABI info - done
[0.186s] -- Check for working CXX compiler: /usr/bin/c++ - skipped
[0.186s] -- Detecting CXX compile features
[0.186s] -- Detecting CXX compile features - done
[0.187s] -- Found ament_cmake: 1.3.11 (/opt/ros/humble/share/ament_cmake/cmake)
[0.282s] -- Found Python3: /home/daeyun/colcon_venv/HandPose/bin/python3 (found version "3.10.12") found components: Interpreter 
[0.326s] -- Found std_msgs: 4.2.4 (/opt/ros/humble/share/std_msgs/cmake)
[0.344s] -- Found rosidl_generator_c: 3.1.6 (/opt/ros/humble/share/rosidl_generator_c/cmake)
[0.347s] -- Found rosidl_adapter: 3.1.6 (/opt/ros/humble/share/rosidl_adapter/cmake)
[0.351s] -- Found rosidl_generator_cpp: 3.1.6 (/opt/ros/humble/share/rosidl_generator_cpp/cmake)
[0.356s] -- Using all available rosidl_typesupport_c: rosidl_typesupport_fastrtps_c;rosidl_typesupport_introspection_c
[0.364s] -- Using all available rosidl_typesupport_cpp: rosidl_typesupport_fastrtps_cpp;rosidl_typesupport_introspection_cpp
[0.377s] -- Found geometry_msgs: 4.2.4 (/opt/ros/humble/share/geometry_msgs/cmake)
[0.383s] -- Found rosidl_default_generators: 1.2.0 (/opt/ros/humble/share/rosidl_default_generators/cmake)
[0.567s] -- Found ament_cmake_ros: 0.10.0 (/opt/ros/humble/share/ament_cmake_ros/cmake)
[0.806s] -- Using all available rosidl_typesupport_c: rosidl_typesupport_fastrtps_c;rosidl_typesupport_introspection_c
[0.902s] -- Using all available rosidl_typesupport_cpp: rosidl_typesupport_fastrtps_cpp;rosidl_typesupport_introspection_cpp
[0.918s] -- Found PythonInterp: /home/daeyun/colcon_venv/HandPose/bin/python3 (found suitable version "3.10.12", minimum required is "3.6") 
[0.919s] -- Found python_cmake_module: 0.10.0 (/opt/ros/humble/share/python_cmake_module/cmake)
[0.935s] -- Found PythonLibs: /usr/lib/x86_64-linux-gnu/libpython3.10.so (found suitable version "3.10.12", minimum required is "3.5") 
[0.935s] -- Using PYTHON_EXECUTABLE: /home/daeyun/colcon_venv/HandPose/bin/python3
[0.935s] -- Using PYTHON_INCLUDE_DIRS: /usr/include/python3.10
[0.935s] -- Using PYTHON_LIBRARIES: /usr/lib/x86_64-linux-gnu/libpython3.10.so
[0.952s] -- Found PythonExtra: .so  
[0.986s] -- Found ament_lint_auto: 0.12.11 (/opt/ros/humble/share/ament_lint_auto/cmake)
[0.994s] -- Added test 'lint_cmake' to check CMake code style
[0.994s] -- Added test 'xmllint' to check XML markup files
[0.995s] -- Configuring done
[1.011s] -- Generating done
[1.017s] -- Build files have been written to: /home/daeyun/HandPose/build/handpose_interfaces
[1.020s] Invoked command in '/home/daeyun/HandPose/build/handpose_interfaces' returned '0': CMAKE_PREFIX_PATH=/opt/ros/humble /usr/bin/cmake /home/daeyun/HandPose/src/handpose_interfaces -DCMAKE_INSTALL_PREFIX=/home/daeyun/HandPose/install/handpose_interfaces
[1.022s] Invoking command in '/home/daeyun/HandPose/build/handpose_interfaces': CMAKE_PREFIX_PATH=/opt/ros/humble /usr/bin/cmake --build /home/daeyun/HandPose/build/handpose_interfaces -- -j24 -l24
[1.048s] [  2%] [34m[1mGenerating C code for ROS interfaces[0m
[1.053s] [  5%] [34m[1mGenerating C++ code for ROS interfaces[0m
[1.057s] [  5%] Built target ament_cmake_python_copy_handpose_interfaces
[1.159s] running egg_info
[1.159s] creating handpose_interfaces.egg-info
[1.159s] writing handpose_interfaces.egg-info/PKG-INFO
[1.159s] writing dependency_links to handpose_interfaces.egg-info/dependency_links.txt
[1.159s] writing top-level names to handpose_interfaces.egg-info/top_level.txt
[1.160s] writing manifest file 'handpose_interfaces.egg-info/SOURCES.txt'
[1.160s] reading manifest file 'handpose_interfaces.egg-info/SOURCES.txt'
[1.160s] writing manifest file 'handpose_interfaces.egg-info/SOURCES.txt'
[1.176s] [  5%] Built target ament_cmake_python_build_handpose_interfaces_egg
[1.264s] [  5%] Built target handpose_interfaces__cpp
[1.270s] [  7%] [34m[1mGenerating C++ type support dispatch for ROS interfaces[0m
[1.272s] [ 10%] [34m[1mGenerating C++ introspection for ROS interfaces[0m
[1.272s] [ 12%] [32mBuilding C object CMakeFiles/handpose_interfaces__rosidl_generator_c.dir/rosidl_generator_c/handpose_interfaces/msg/detail/hand_landmarks__functions.c.o[0m
[1.272s] [ 15%] [32mBuilding C object CMakeFiles/handpose_interfaces__rosidl_generator_c.dir/rosidl_generator_c/handpose_interfaces/msg/detail/hands__functions.c.o[0m
[1.272s] [ 17%] [34m[1mGenerating C++ type support for eProsima Fast-RTPS[0m
[1.301s] [ 20%] [32m[1mLinking C shared library libhandpose_interfaces__rosidl_generator_c.so[0m
[1.325s] [ 20%] Built target handpose_interfaces__rosidl_generator_c
[1.333s] [ 28%] [34m[1mGenerating C introspection for ROS interfaces[0m
[1.333s] [ 28%] [34m[1mGenerating C type support dispatch for ROS interfaces[0m
[1.333s] [ 28%] [34m[1mGenerating C type support for eProsima Fast-RTPS[0m
[1.460s] [ 30%] [32mBuilding CXX object CMakeFiles/handpose_interfaces__rosidl_typesupport_cpp.dir/rosidl_typesupport_cpp/handpose_interfaces/msg/hands__type_support.cpp.o[0m
[1.462s] [ 33%] [32mBuilding CXX object CMakeFiles/handpose_interfaces__rosidl_typesupport_cpp.dir/rosidl_typesupport_cpp/handpose_interfaces/msg/hand_landmarks__type_support.cpp.o[0m
[1.472s] [ 35%] [32mBuilding CXX object CMakeFiles/handpose_interfaces__rosidl_typesupport_introspection_cpp.dir/rosidl_typesupport_introspection_cpp/handpose_interfaces/msg/detail/hands__type_support.cpp.o[0m
[1.474s] [ 38%] [32mBuilding CXX object CMakeFiles/handpose_interfaces__rosidl_typesupport_introspection_cpp.dir/rosidl_typesupport_introspection_cpp/handpose_interfaces/msg/detail/hand_landmarks__type_support.cpp.o[0m
[1.481s] [ 41%] [32mBuilding CXX object CMakeFiles/handpose_interfaces__rosidl_typesupport_fastrtps_cpp.dir/rosidl_typesupport_fastrtps_cpp/handpose_interfaces/msg/detail/dds_fastrtps/hands__type_support.cpp.o[0m
[1.482s] [ 43%] [32mBuilding CXX object CMakeFiles/handpose_interfaces__rosidl_typesupport_fastrtps_cpp.dir/rosidl_typesupport_fastrtps_cpp/handpose_interfaces/msg/detail/dds_fastrtps/hand_landmarks__type_support.cpp.o[0m
[1.530s] [ 46%] [32mBuilding CXX object CMakeFiles/handpose_interfaces__rosidl_typesupport_c.dir/rosidl_typesupport_c/handpose_interfaces/msg/hand_landmarks__type_support.cpp.o[0m
[1.530s] [ 48%] [32mBuilding CXX object CMakeFiles/handpose_interfaces__rosidl_typesupport_c.dir/rosidl_typesupport_c/handpose_interfaces/msg/hands__type_support.cpp.o[0m
[1.542s] [ 51%] [32mBuilding C object CMakeFiles/handpose_interfaces__rosidl_typesupport_introspection_c.dir/rosidl_typesupport_introspection_c/handpose_interfaces/msg/detail/hands__type_support.c.o[0m
[1.544s] [ 53%] [32mBuilding C object CMakeFiles/handpose_interfaces__rosidl_typesupport_introspection_c.dir/rosidl_typesupport_introspection_c/handpose_interfaces/msg/detail/hand_landmarks__type_support.c.o[0m
[1.546s] [ 56%] [32mBuilding CXX object CMakeFiles/handpose_interfaces__rosidl_typesupport_fastrtps_c.dir/rosidl_typesupport_fastrtps_c/handpose_interfaces/msg/detail/hands__type_support_c.cpp.o[0m
[1.549s] [ 58%] [32mBuilding CXX object CMakeFiles/handpose_interfaces__rosidl_typesupport_fastrtps_c.dir/rosidl_typesupport_fastrtps_c/handpose_interfaces/msg/detail/hand_landmarks__type_support_c.cpp.o[0m
[1.556s] [ 61%] [32m[1mLinking CXX shared library libhandpose_interfaces__rosidl_typesupport_c.so[0m
[1.571s] [ 64%] [32m[1mLinking C shared library libhandpose_interfaces__rosidl_typesupport_introspection_c.so[0m
[1.583s] [ 64%] Built target handpose_interfaces__rosidl_typesupport_c
[1.592s] [ 64%] Built target handpose_interfaces__rosidl_typesupport_introspection_c
[1.593s] [ 66%] [32m[1mLinking CXX shared library libhandpose_interfaces__rosidl_typesupport_cpp.so[0m
[1.622s] [ 66%] Built target handpose_interfaces__rosidl_typesupport_cpp
[1.698s] [ 69%] [32m[1mLinking CXX shared library libhandpose_interfaces__rosidl_typesupport_fastrtps_cpp.so[0m
[1.728s] [ 71%] [32m[1mLinking CXX shared library libhandpose_interfaces__rosidl_typesupport_fastrtps_c.so[0m
[1.735s] [ 74%] [32m[1mLinking CXX shared library libhandpose_interfaces__rosidl_typesupport_introspection_cpp.so[0m
[1.741s] [ 74%] Built target handpose_interfaces__rosidl_typesupport_fastrtps_cpp
[1.771s] [ 74%] Built target handpose_interfaces__rosidl_typesupport_fastrtps_c
[1.778s] [ 74%] Built target handpose_interfaces__rosidl_typesupport_introspection_cpp
[1.790s] [ 74%] Built target handpose_interfaces
[1.803s] [ 76%] [34m[1mGenerating Python code for ROS interfaces[0m
[2.107s] [ 76%] Built target handpose_interfaces__py
[2.118s] [ 79%] [32mBuilding C object CMakeFiles/handpose_interfaces__rosidl_generator_py.dir/rosidl_generator_py/handpose_interfaces/msg/_hand_landmarks_s.c.o[0m
[2.118s] [ 82%] [32mBuilding C object CMakeFiles/handpose_interfaces__rosidl_generator_py.dir/rosidl_generator_py/handpose_interfaces/msg/_hands_s.c.o[0m
[2.181s] [ 84%] [32m[1mLinking C shared library rosidl_generator_py/handpose_interfaces/libhandpose_interfaces__rosidl_generator_py.so[0m
[2.207s] [ 84%] Built target handpose_interfaces__rosidl_generator_py
[2.222s] [ 87%] [32mBuilding C object CMakeFiles/handpose_interfaces__rosidl_typesupport_fastrtps_c__pyext.dir/rosidl_generator_py/handpose_interfaces/_handpose_interfaces_s.ep.rosidl_typesupport_fastrtps_c.c.o[0m
[2.222s] [ 92%] [32mBuilding C object CMakeFiles/handpose_interfaces__rosidl_typesupport_c__pyext.dir/rosidl_generator_py/handpose_interfaces/_handpose_interfaces_s.ep.rosidl_typesupport_c.c.o[0m
[2.222s] [ 92%] [32mBuilding C object CMakeFiles/handpose_interfaces__rosidl_typesupport_introspection_c__pyext.dir/rosidl_generator_py/handpose_interfaces/_handpose_interfaces_s.ep.rosidl_typesupport_introspection_c.c.o[0m
[2.275s] [ 94%] [32m[1mLinking C shared library rosidl_generator_py/handpose_interfaces/handpose_interfaces_s__rosidl_typesupport_c.cpython-310-x86_64-linux-gnu.so[0m
[2.275s] [ 97%] [32m[1mLinking C shared library rosidl_generator_py/handpose_interfaces/handpose_interfaces_s__rosidl_typesupport_fastrtps_c.cpython-310-x86_64-linux-gnu.so[0m
[2.275s] [100%] [32m[1mLinking C shared library rosidl_generator_py/handpose_interfaces/handpose_interfaces_s__rosidl_typesupport_introspection_c.cpython-310-x86_64-linux-gnu.so[0m
[2.302s] [100%] Built target handpose_interfaces__rosidl_typesupport_fastrtps_c__pyext
[2.302s] [100%] Built target handpose_interfaces__rosidl_typesupport_c__pyext
[2.302s] [100%] Built target handpose_interfaces__rosidl_typesupport_introspection_c__pyext
[2.310s] Invoked command in '/home/daeyun/HandPose/build/handpose_interfaces' returned '0': CMAKE_PREFIX_PATH=/opt/ros/humble /usr/bin/cmake --build /home/daeyun/HandPose/build/handpose_interfaces -- -j24 -l24
[2.316s] Invoking command in '/home/daeyun/HandPose/build/handpose_interfaces': CMAKE_PREFIX_PATH=/opt/ros/humble /usr/bin/cmake --install /home/daeyun/HandPose/build/handpose_interfaces
[2.320s] -- Install configuration: ""
[2.320s] -- Installing: /home/daeyun/HandPose/install/handpose_interfaces/share/ament_index/resource_index/rosidl_interfaces/handpose_interfaces
[2.320s] -- Installing: /home/daeyun/HandPose/install/handpose_interfaces/include/handpose_interfaces/handpose_interfaces
[2.320s] -- Installing: /home/daeyun/HandPose/install/handpose_interfaces/include/handpose_interfaces/handpose_interfaces/msg
[2.320s] -- Installing: /home/daeyun/HandPose/install/handpose_interfaces/include/handpose_interfaces/handpose_interfaces/msg/hand_landmarks.h
[2.320s] -- Installing: /home/daeyun/HandPose/install/handpose_interfaces/include/handpose_interfaces/handpose_interfaces/msg/detail
[2.320s] -- Installing: /home/daeyun/HandPose/install/handpose_interfaces/include/handpose_interfaces/handpose_interfaces/msg/detail/hands__type_support.h
[2.320s] -- Installing: /home/daeyun/HandPose/install/handpose_interfaces/include/handpose_interfaces/handpose_interfaces/msg/detail/hand_landmarks__struct.h
[2.320s] -- Installing: /home/daeyun/HandPose/install/handpose_interfaces/include/handpose_interfaces/handpose_interfaces/msg/detail/hand_landmarks__functions.h
[2.320s] -- Installing: /home/daeyun/HandPose/install/handpose_interfaces/include/handpose_interfaces/handpose_interfaces/msg/detail/hand_landmarks__type_support.h
[2.321s] -- Installing: /home/daeyun/HandPose/install/handpose_interfaces/include/handpose_interfaces/handpose_interfaces/msg/detail/hands__functions.c
[2.321s] -- Installing: /home/daeyun/HandPose/install/handpose_interfaces/include/handpose_interfaces/handpose_interfaces/msg/detail/hand_landmarks__functions.c
[2.321s] -- Installing: /home/daeyun/HandPose/install/handpose_interfaces/include/handpose_interfaces/handpose_interfaces/msg/detail/hands__struct.h
[2.321s] -- Installing: /home/daeyun/HandPose/install/handpose_interfaces/include/handpose_interfaces/handpose_interfaces/msg/detail/hands__functions.h
[2.321s] -- Installing: /home/daeyun/HandPose/install/handpose_interfaces/include/handpose_interfaces/handpose_interfaces/msg/hands.h
[2.321s] -- Installing: /home/daeyun/HandPose/install/handpose_interfaces/include/handpose_interfaces/handpose_interfaces/msg/rosidl_generator_c__visibility_control.h
[2.321s] -- Installing: /home/daeyun/HandPose/install/handpose_interfaces/share/handpose_interfaces/environment/library_path.sh
[2.321s] -- Installing: /home/daeyun/HandPose/install/handpose_interfaces/share/handpose_interfaces/environment/library_path.dsv
[2.321s] -- Installing: /home/daeyun/HandPose/install/handpose_interfaces/lib/libhandpose_interfaces__rosidl_generator_c.so
[2.321s] -- Set runtime path of "/home/daeyun/HandPose/install/handpose_interfaces/lib/libhandpose_interfaces__rosidl_generator_c.so" to ""
[2.321s] -- Up-to-date: /home/daeyun/HandPose/install/handpose_interfaces/include/handpose_interfaces/handpose_interfaces
[2.321s] -- Up-to-date: /home/daeyun/HandPose/install/handpose_interfaces/include/handpose_interfaces/handpose_interfaces/msg
[2.321s] -- Installing: /home/daeyun/HandPose/install/handpose_interfaces/include/handpose_interfaces/handpose_interfaces/msg/rosidl_typesupport_fastrtps_c__visibility_control.h
[2.321s] -- Up-to-date: /home/daeyun/HandPose/install/handpose_interfaces/include/handpose_interfaces/handpose_interfaces/msg/detail
[2.321s] -- Installing: /home/daeyun/HandPose/install/handpose_interfaces/include/handpose_interfaces/handpose_interfaces/msg/detail/hand_landmarks__rosidl_typesupport_fastrtps_c.h
[2.321s] -- Installing: /home/daeyun/HandPose/install/handpose_interfaces/include/handpose_interfaces/handpose_interfaces/msg/detail/hands__rosidl_typesupport_fastrtps_c.h
[2.321s] -- Installing: /home/daeyun/HandPose/install/handpose_interfaces/lib/libhandpose_interfaces__rosidl_typesupport_fastrtps_c.so
[2.321s] -- Set runtime path of "/home/daeyun/HandPose/install/handpose_interfaces/lib/libhandpose_interfaces__rosidl_typesupport_fastrtps_c.so" to ""
[2.321s] -- Up-to-date: /home/daeyun/HandPose/install/handpose_interfaces/include/handpose_interfaces/handpose_interfaces
[2.321s] -- Up-to-date: /home/daeyun/HandPose/install/handpose_interfaces/include/handpose_interfaces/handpose_interfaces/msg
[2.321s] -- Installing: /home/daeyun/HandPose/install/handpose_interfaces/include/handpose_interfaces/handpose_interfaces/msg/rosidl_generator_cpp__visibility_control.hpp
[2.321s] -- Installing: /home/daeyun/HandPose/install/handpose_interfaces/include/handpose_interfaces/handpose_interfaces/msg/hands.hpp
[2.321s] -- Up-to-date: /home/daeyun/HandPose/install/handpose_interfaces/include/handpose_interfaces/handpose_interfaces/msg/detail
[2.321s] -- Installing: /home/daeyun/HandPose/install/handpose_interfaces/include/handpose_interfaces/handpose_interfaces/msg/detail/hands__builder.hpp
[2.321s] -- Installing: /home/daeyun/HandPose/install/handpose_interfaces/include/handpose_interfaces/handpose_interfaces/msg/detail/hands__type_support.hpp
[2.321s] -- Installing: /home/daeyun/HandPose/install/handpose_interfaces/include/handpose_interfaces/handpose_interfaces/msg/detail/hand_landmarks__type_support.hpp
[2.322s] -- Installing: /home/daeyun/HandPose/install/handpose_interfaces/include/handpose_interfaces/handpose_interfaces/msg/detail/hand_landmarks__struct.hpp
[2.322s] -- Installing: /home/daeyun/HandPose/install/handpose_interfaces/include/handpose_interfaces/handpose_interfaces/msg/detail/hands__struct.hpp
[2.322s] -- Installing: /home/daeyun/HandPose/install/handpose_interfaces/include/handpose_interfaces/handpose_interfaces/msg/detail/hand_landmarks__builder.hpp
[2.322s] -- Installing: /home/daeyun/HandPose/install/handpose_interfaces/include/handpose_interfaces/handpose_interfaces/msg/detail/hands__traits.hpp
[2.322s] -- Installing: /home/daeyun/HandPose/install/handpose_interfaces/include/handpose_interfaces/handpose_interfaces/msg/detail/hand_landmarks__traits.hpp
[2.322s] -- Installing: /home/daeyun/HandPose/install/handpose_interfaces/include/handpose_interfaces/handpose_interfaces/msg/hand_landmarks.hpp
[2.322s] -- Up-to-date: /home/daeyun/HandPose/install/handpose_interfaces/include/handpose_interfaces/handpose_interfaces
[2.322s] -- Up-to-date: /home/daeyun/HandPose/install/handpose_interfaces/include/handpose_interfaces/handpose_interfaces/msg
[2.322s] -- Up-to-date: /home/daeyun/HandPose/install/handpose_interfaces/include/handpose_interfaces/handpose_interfaces/msg/detail
[2.322s] -- Installing: /home/daeyun/HandPose/install/handpose_interfaces/include/handpose_interfaces/handpose_interfaces/msg/detail/hand_landmarks__rosidl_typesupport_fastrtps_cpp.hpp
[2.322s] -- Installing: /home/daeyun/HandPose/install/handpose_interfaces/include/handpose_interfaces/handpose_interfaces/msg/detail/hands__rosidl_typesupport_fastrtps_cpp.hpp
[2.322s] -- Installing: /home/daeyun/HandPose/install/handpose_interfaces/include/handpose_interfaces/handpose_interfaces/msg/detail/dds_fastrtps
[2.322s] -- Installing: /home/daeyun/HandPose/install/handpose_interfaces/include/handpose_interfaces/handpose_interfaces/msg/rosidl_typesupport_fastrtps_cpp__visibility_control.h
[2.322s] -- Installing: /home/daeyun/HandPose/install/handpose_interfaces/lib/libhandpose_interfaces__rosidl_typesupport_fastrtps_cpp.so
[2.322s] -- Set runtime path of "/home/daeyun/HandPose/install/handpose_interfaces/lib/libhandpose_interfaces__rosidl_typesupport_fastrtps_cpp.so" to ""
[2.322s] -- Up-to-date: /home/daeyun/HandPose/install/handpose_interfaces/include/handpose_interfaces/handpose_interfaces
[2.322s] -- Up-to-date: /home/daeyun/HandPose/install/handpose_interfaces/include/handpose_interfaces/handpose_interfaces/msg
[2.322s] -- Up-to-date: /home/daeyun/HandPose/install/handpose_interfaces/include/handpose_interfaces/handpose_interfaces/msg/detail
[2.322s] -- Installing: /home/daeyun/HandPose/install/handpose_interfaces/include/handpose_interfaces/handpose_interfaces/msg/detail/hands__rosidl_typesupport_introspection_c.h
[2.322s] -- Installing: /home/daeyun/HandPose/install/handpose_interfaces/include/handpose_interfaces/handpose_interfaces/msg/detail/hand_landmarks__rosidl_typesupport_introspection_c.h
[2.322s] -- Installing: /home/daeyun/HandPose/install/handpose_interfaces/include/handpose_interfaces/handpose_interfaces/msg/detail/hand_landmarks__type_support.c
[2.322s] -- Installing: /home/daeyun/HandPose/install/handpose_interfaces/include/handpose_interfaces/handpose_interfaces/msg/detail/hands__type_support.c
[2.322s] -- Installing: /home/daeyun/HandPose/install/handpose_interfaces/include/handpose_interfaces/handpose_interfaces/msg/rosidl_typesupport_introspection_c__visibility_control.h
[2.322s] -- Installing: /home/daeyun/HandPose/install/handpose_interfaces/lib/libhandpose_interfaces__rosidl_typesupport_introspection_c.so
[2.322s] -- Set runtime path of "/home/daeyun/HandPose/install/handpose_interfaces/lib/libhandpose_interfaces__rosidl_typesupport_introspection_c.so" to ""
[2.322s] -- Installing: /home/daeyun/HandPose/install/handpose_interfaces/lib/libhandpose_interfaces__rosidl_typesupport_c.so
[2.322s] -- Set runtime path of "/home/daeyun/HandPose/install/handpose_interfaces/lib/libhandpose_interfaces__rosidl_typesupport_c.so" to ""
[2.322s] -- Up-to-date: /home/daeyun/HandPose/install/handpose_interfaces/include/handpose_interfaces/handpose_interfaces
[2.323s] -- Up-to-date: /home/daeyun/HandPose/install/handpose_interfaces/include/handpose_interfaces/handpose_interfaces/msg
[2.323s] -- Up-to-date: /home/daeyun/HandPose/install/handpose_interfaces/include/handpose_interfaces/handpose_interfaces/msg/detail
[2.323s] -- Installing: /home/daeyun/HandPose/install/handpose_interfaces/include/handpose_interfaces/handpose_interfaces/msg/detail/hands__type_support.cpp
[2.323s] -- Installing: /home/daeyun/HandPose/install/handpose_interfaces/include/handpose_interfaces/handpose_interfaces/msg/detail/hands__rosidl_typesupport_introspection_cpp.hpp
[2.323s] -- Installing: /home/daeyun/HandPose/install/handpose_interfaces/include/handpose_interfaces/handpose_interfaces/msg/detail/hand_landmarks__type_support.cpp
[2.323s] -- Installing: /home/daeyun/HandPose/install/handpose_interfaces/include/handpose_interfaces/handpose_interfaces/msg/detail/hand_landmarks__rosidl_typesupport_introspection_cpp.hpp
[2.323s] -- Installing: /home/daeyun/HandPose/install/handpose_interfaces/lib/libhandpose_interfaces__rosidl_typesupport_introspection_cpp.so
[2.323s] -- Set runtime path of "/home/daeyun/HandPose/install/handpose_interfaces/lib/libhandpose_interfaces__rosidl_typesupport_introspection_cpp.so" to ""
[2.323s] -- Installing: /home/daeyun/HandPose/install/handpose_interfaces/lib/libhandpose_interfaces__rosidl_typesupport_cpp.so
[2.323s] -- Set runtime path of "/home/daeyun/HandPose/install/handpose_interfaces/lib/libhandpose_interfaces__rosidl_typesupport_cpp.so" to ""
[2.323s] -- Installing: /home/daeyun/HandPose/install/handpose_interfaces/share/handpose_interfaces/environment/pythonpath.sh
[2.323s] -- Installing: /home/daeyun/HandPose/install/handpose_interfaces/share/handpose_interfaces/environment/pythonpath.dsv
[2.323s] -- Installing: /home/daeyun/HandPose/install/handpose_interfaces/lib/python3.10/site-packages/handpose_interfaces-0.0.0-py3.10.egg-info
[2.323s] -- Installing: /home/daeyun/HandPose/install/handpose_interfaces/lib/python3.10/site-packages/handpose_interfaces-0.0.0-py3.10.egg-info/SOURCES.txt
[2.323s] -- Installing: /home/daeyun/HandPose/install/handpose_interfaces/lib/python3.10/site-packages/handpose_interfaces-0.0.0-py3.10.egg-info/top_level.txt
[2.323s] -- Installing: /home/daeyun/HandPose/install/handpose_interfaces/lib/python3.10/site-packages/handpose_interfaces-0.0.0-py3.10.egg-info/dependency_links.txt
[2.323s] -- Installing: /home/daeyun/HandPose/install/handpose_interfaces/lib/python3.10/site-packages/handpose_interfaces-0.0.0-py3.10.egg-info/PKG-INFO
[2.323s] -- Installing: /home/daeyun/HandPose/install/handpose_interfaces/lib/python3.10/site-packages/handpose_interfaces
[2.323s] -- Installing: /home/daeyun/HandPose/install/handpose_interfaces/lib/python3.10/site-packages/handpose_interfaces/handpose_interfaces_s__rosidl_typesupport_introspection_c.cpython-310-x86_64-linux-gnu.so
[2.323s] -- Installing: /home/daeyun/HandPose/install/handpose_interfaces/lib/python3.10/site-packages/handpose_interfaces/_handpose_interfaces_s.ep.rosidl_typesupport_introspection_c.c
[2.323s] -- Installing: /home/daeyun/HandPose/install/handpose_interfaces/lib/python3.10/site-packages/handpose_interfaces/_handpose_interfaces_s.ep.rosidl_typesupport_c.c
[2.323s] -- Installing: /home/daeyun/HandPose/install/handpose_interfaces/lib/python3.10/site-packages/handpose_interfaces/_handpose_interfaces_s.ep.rosidl_typesupport_fastrtps_c.c
[2.323s] -- Installing: /home/daeyun/HandPose/install/handpose_interfaces/lib/python3.10/site-packages/handpose_interfaces/handpose_interfaces_s__rosidl_typesupport_fastrtps_c.cpython-310-x86_64-linux-gnu.so
[2.323s] -- Installing: /home/daeyun/HandPose/install/handpose_interfaces/lib/python3.10/site-packages/handpose_interfaces/msg
[2.323s] -- Installing: /home/daeyun/HandPose/install/handpose_interfaces/lib/python3.10/site-packages/handpose_interfaces/msg/_hands.py
[2.323s] -- Installing: /home/daeyun/HandPose/install/handpose_interfaces/lib/python3.10/site-packages/handpose_interfaces/msg/_hands_s.c
[2.324s] -- Installing: /home/daeyun/HandPose/install/handpose_interfaces/lib/python3.10/site-packages/handpose_interfaces/msg/_hand_landmarks_s.c
[2.324s] -- Installing: /home/daeyun/HandPose/install/handpose_interfaces/lib/python3.10/site-packages/handpose_interfaces/msg/__init__.py
[2.324s] -- Installing: /home/daeyun/HandPose/install/handpose_interfaces/lib/python3.10/site-packages/handpose_interfaces/msg/_hand_landmarks.py
[2.324s] -- Installing: /home/daeyun/HandPose/install/handpose_interfaces/lib/python3.10/site-packages/handpose_interfaces/__init__.py
[2.324s] -- Installing: /home/daeyun/HandPose/install/handpose_interfaces/lib/python3.10/site-packages/handpose_interfaces/handpose_interfaces_s__rosidl_typesupport_c.cpython-310-x86_64-linux-gnu.so
[2.324s] -- Installing: /home/daeyun/HandPose/install/handpose_interfaces/lib/python3.10/site-packages/handpose_interfaces/libhandpose_interfaces__rosidl_generator_py.so
[2.344s] Listing '/home/daeyun/HandPose/install/handpose_interfaces/lib/python3.10/site-packages/handpose_interfaces'...
[2.344s] Compiling '/home/daeyun/HandPose/install/handpose_interfaces/lib/python3.10/site-packages/handpose_interfaces/__init__.py'...
[2.344s] Listing '/home/daeyun/HandPose/install/handpose_interfaces/lib/python3.10/site-packages/handpose_interfaces/msg'...
[2.344s] Compiling '/home/daeyun/HandPose/install/handpose_interfaces/lib/python3.10/site-packages/handpose_interfaces/msg/__init__.py'...
[2.344s] Compiling '/home/daeyun/HandPose/install/handpose_interfaces/lib/python3.10/site-packages/handpose_interfaces/msg/_hand_landmarks.py'...
[2.344s] Compiling '/home/daeyun/HandPose/install/handpose_interfaces/lib/python3.10/site-packages/handpose_interfaces/msg/_hands.py'...
[2.347s] -- Installing: /home/daeyun/HandPose/install/handpose_interfaces/lib/python3.10/site-packages/handpose_interfaces/handpose_interfaces_s__rosidl_typesupport_fastrtps_c.cpython-310-x86_64-linux-gnu.so
[2.347s] -- Set runtime path of "/home/daeyun/HandPose/install/handpose_interfaces/lib/python3.10/site-packages/handpose_interfaces/handpose_interfaces_s__rosidl_typesupport_fastrtps_c.cpython-310-x86_64-linux-gnu.so" to ""
[2.347s] -- Installing: /home/daeyun/HandPose/install/handpose_interfaces/lib/python3.10/site-packages/handpose_interfaces/handpose_interfaces_s__rosidl_typesupport_introspection_c.cpython-310-x86_64-linux-gnu.so
[2.347s] -- Set runtime path of "/home/daeyun/HandPose/install/handpose_interfaces/lib/python3.10/site-packages/handpose_interfaces/handpose_interfaces_s__rosidl_typesupport_introspection_c.cpython-310-x86_64-linux-gnu.so" to ""
[2.347s] -- Installing: /home/daeyun/HandPose/install/handpose_interfaces/lib/python3.10/site-packages/handpose_interfaces/handpose_interfaces_s__rosidl_typesupport_c.cpython-310-x86_64-linux-gnu.so
[2.347s] -- Set runtime path of "/home/daeyun/HandPose/install/handpose_interfaces/lib/python3.10/site-packages/handpose_interfaces/handpose_interfaces_s__rosidl_typesupport_c.cpython-310-x86_64-linux-gnu.so" to ""
[2.347s] -- Installing: /home/daeyun/HandPose/install/handpose_interfaces/lib/libhandpose_interfaces__rosidl_generator_py.so
[2.347s] -- Set runtime path of "/home/daeyun/HandPose/install/handpose_interfaces/lib/libhandpose_interfaces__rosidl_generator_py.so" to ""
[2.347s] -- Installing: /home/daeyun/HandPose/install/handpose_interfaces/share/handpose_interfaces/msg/HandLandmarks.idl
[2.347s] -- Installing: /home/daeyun/HandPose/install/handpose_interfaces/share/handpose_interfaces/msg/Hands.idl
[2.347s] -- Installing: /home/daeyun/HandPose/install/handpose_interfaces/share/handpose_interfaces/msg/HandLandmarks.msg
[2.347s] -- Installing: /home/daeyun/HandPose/install/handpose_interfaces/share/handpose_interfaces/msg/Hands.msg
[2.347s] -- Installing: /home/daeyun/HandPose/install/handpose_interfaces/share/ament_index/resource_index/package_run_dependencies/handpose_interfaces
[2.348s] -- Installing: /home/daeyun/HandPose/install/handpose_interfaces/share/ament_index/resource_index/parent_prefix_path/handpose_interfaces
[2.348s] -- Installing: /home/daeyun/HandPose/install/handpose_interfaces/share/handpose_interfaces/environment/ament_prefix_path.sh
[2.348s] -- Installing: /home/daeyun/HandPose/install/handpose_interfaces/share/handpose_interfaces/environment/ament_prefix_path.dsv
[2.348s] -- Installing: /home/daeyun/HandPose/install/handpose_interfaces/share/handpose_interfaces/environment/path.sh
[2.348s] -- Installing: /home/daeyun/HandPose/install/handpose_interfaces/share/handpose_interfaces/environment/path.dsv
[2.348s] -- Installing: /home/daeyun/HandPose/install/handpose_interfaces/share/handpose_interfaces/local_setup.bash
[2.348s] -- Installing: /home/daeyun/HandPose/install/handpose_interfaces/share/handpose_interfaces/local_setup.sh
[2.348s] -- Installing: /home/daeyun/HandPose/install/handpose_interfaces/share/handpose_interfaces/local_setup.zsh
[2.348s] -- Installing: /home/daeyun/HandPose/install/handpose_interfaces/share/handpose_interfaces/local_setup.dsv
[2.348s] -- Installing: /home/daeyun/HandPose/install/handpose_interfaces/share/handpose_interfaces/package.dsv
[2.348s] -- Installing: /home/daeyun/HandPose/install/handpose_interfaces/share/ament_index/resource_index/packages/handpose_interfaces
[2.348s] -- Installing: /home/daeyun/HandPose/install/handpose_interfaces/share/handpose_interfaces/cmake/export_handpose_interfaces__rosidl_generator_cExport.cmake
[2.348s] -- Installing: /home/daeyun/HandPose/install/handpose_interfaces/share/handpose_interfaces/cmake/export_handpose_interfaces__rosidl_generator_cExport-noconfig.cmake
[2.348s] -- Installing: /home/daeyun/HandPose/install/handpose_interfaces/share/handpose_interfaces/cmake/export_handpose_interfaces__rosidl_typesupport_fastrtps_cExport.cmake
[2.348s] -- Installing: /home/daeyun/HandPose/install/handpose_interfaces/share/handpose_interfaces/cmake/export_handpose_interfaces__rosidl_typesupport_fastrtps_cExport-noconfig.cmake
[2.348s] -- Installing: /home/daeyun/HandPose/install/handpose_interfaces/share/handpose_interfaces/cmake/export_handpose_interfaces__rosidl_generator_cppExport.cmake
[2.348s] -- Installing: /home/daeyun/HandPose/install/handpose_interfaces/share/handpose_interfaces/cmake/export_handpose_interfaces__rosidl_typesupport_fastrtps_cppExport.cmake
[2.348s] -- Installing: /home/daeyun/HandPose/install/handpose_interfaces/share/handpose_interfaces/cmake/export_handpose_interfaces__rosidl_typesupport_fastrtps_cppExport-noconfig.cmake
[2.348s] -- Installing: /home/daeyun/HandPose/install/handpose_interfaces/share/handpose_interfaces/cmake/handpose_interfaces__rosidl_typesupport_introspection_cExport.cmake
[2.349s] -- Installing: /home/daeyun/HandPose/install/handpose_interfaces/share/handpose_interfaces/cmake/handpose_interfaces__rosidl_typesupport_introspection_cExport-noconfig.cmake
[2.349s] -- Installing: /home/daeyun/HandPose/install/handpose_interfaces/share/handpose_interfaces/cmake/handpose_interfaces__rosidl_typesupport_cExport.cmake
[2.349s] -- Installing: /home/daeyun/HandPose/install/handpose_interfaces/share/handpose_interfaces/cmake/handpose_interfaces__rosidl_typesupport_cExport-noconfig.cmake
[2.349s] -- Installing: /home/daeyun/HandPose/install/handpose_interfaces/share/handpose_interfaces/cmake/handpose_interfaces__rosidl_typesupport_introspection_cppExport.cmake
[2.349s] -- Installing: /home/daeyun/HandPose/install/handpose_interfaces/share/handpose_interfaces/cmake/handpose_interfaces__rosidl_typesupport_introspection_cppExport-noconfig.cmake
[2.349s] -- Installing: /home/daeyun/HandPose/install/handpose_interfaces/share/handpose_interfaces/cmake/handpose_interfaces__rosidl_typesupport_cppExport.cmake
[2.349s] -- Installing: /home/daeyun/HandPose/install/handpose_interfaces/share/handpose_interfaces/cmake/handpose_interfaces__rosidl_typesupport_cppExport-noconfig.cmake
[2.349s] -- Installing: /home/daeyun/HandPose/install/handpose_interfaces/share/handpose_interfaces/cmake/export_handpose_interfaces__rosidl_generator_pyExport.cmake
[2.349s] -- Installing: /home/daeyun/HandPose/install/handpose_interfaces/share/handpose_interfaces/cmake/export_handpose_interfaces__rosidl_generator_pyExport-noconfig.cmake
[2.349s] -- Installing: /home/daeyun/HandPose/install/handpose_interfaces/share/handpose_interfaces/cmake/rosidl_cmake-extras.cmake
[2.349s] -- Installing: /home/daeyun/HandPose/install/handpose_interfaces/share/handpose_interfaces/cmake/ament_cmake_export_dependencies-extras.cmake
[2.349s] -- Installing: /home/daeyun/HandPose/install/handpose_interfaces/share/handpose_interfaces/cmake/ament_cmake_export_include_directories-extras.cmake
[2.349s] -- Installing: /home/daeyun/HandPose/install/handpose_interfaces/share/handpose_interfaces/cmake/ament_cmake_export_libraries-extras.cmake
[2.349s] -- Installing: /home/daeyun/HandPose/install/handpose_interfaces/share/handpose_interfaces/cmake/ament_cmake_export_targets-extras.cmake
[2.349s] -- Installing: /home/daeyun/HandPose/install/handpose_interfaces/share/handpose_interfaces/cmake/rosidl_cmake_export_typesupport_targets-extras.cmake
[2.349s] -- Installing: /home/daeyun/HandPose/install/handpose_interfaces/share/handpose_interfaces/cmake/rosidl_cmake_export_typesupport_libraries-extras.cmake
[2.349s] -- Installing: /home/daeyun/HandPose/install/handpose_interfaces/share/handpose_interfaces/cmake/handpose_interfacesConfig.cmake
[2.349s] -- Installing: /home/daeyun/HandPose/install/handpose_interfaces/share/handpose_interfaces/cmake/handpose_interfacesConfig-version.cmake
[2.349s] -- Installing: /home/daeyun/HandPose/install/handpose_interfaces/share/handpose_interfaces/package.xml
[2.351s] Invoked command in '/home/daeyun/HandPose/build/handpose_interfaces' returned '0': CMAKE_PREFIX_PATH=/opt/ros/humble /usr/bin/cmake --install /home/daeyun/HandPose/build/handpose_interfaces
